
*** Running vivado
    with args -log recording_inst_0_rhd_axi_0_0.vds -m64 -product Vivado -mode batch -messageDb vivado.pb -notrace -source recording_inst_0_rhd_axi_0_0.tcl


****** Vivado v2023.1 (64-bit)
  **** SW Build 3865809 on Sun May  7 15:04:56 MDT 2023
  **** IP Build 3864474 on Sun May  7 20:36:21 MDT 2023
  **** SharedData Build 3865790 on Sun May 07 13:33:03 MDT 2023
    ** Copyright 1986-2022 Xilinx, Inc. All Rights Reserved.
    ** Copyright 2022-2023 Advanced Micro Devices, Inc. All Rights Reserved.

source recording_inst_0_rhd_axi_0_0.tcl -notrace
create_project: Time (s): cpu = 00:00:06 ; elapsed = 00:00:06 . Memory (MB): peak = 1273.219 ; gain = 0.023 ; free physical = 14221 ; free virtual = 45899
INFO: [IP_Flow 19-234] Refreshing IP repositories
INFO: [IP_Flow 19-1704] No user IP repositories specified
INFO: [IP_Flow 19-2313] Loaded Vivado IP repository '/tools/Xilinx/Vivado/2023.1/data/ip'.
Command: synth_design -top recording_inst_0_rhd_axi_0_0 -part xck26-sfvc784-2LV-c -incremental_mode off -mode out_of_context
Starting synth_design
Attempting to get a license for feature 'Synthesis' and/or device 'xck26'
INFO: [Common 17-349] Got license for feature 'Synthesis' and/or device 'xck26'
INFO: [Device 21-403] Loading part xck26-sfvc784-2LV-c
INFO: [Synth 8-7079] Multithreading enabled for synth_design using a maximum of 4 processes.
INFO: [Synth 8-7078] Launching helper process for spawning children vivado processes
INFO: [Synth 8-7075] Helper process launched with PID 303658
WARNING: [Synth 8-6901] identifier 'slv_reg0' is used before its declaration [/home/ug3linux/UG3-HeadWornUnit-V2-Firmware/rhd/src/rhd_S00_AXI.v:244]
WARNING: [Synth 8-6901] identifier 'slv_reg0' is used before its declaration [/home/ug3linux/UG3-HeadWornUnit-V2-Firmware/rhd/src/rhd_S00_AXI.v:245]
WARNING: [Synth 8-6901] identifier 'slv_reg0' is used before its declaration [/home/ug3linux/UG3-HeadWornUnit-V2-Firmware/rhd/src/rhd_S00_AXI.v:246]
WARNING: [Synth 8-6901] identifier 'slv_reg0' is used before its declaration [/home/ug3linux/UG3-HeadWornUnit-V2-Firmware/rhd/src/rhd_S00_AXI.v:247]
WARNING: [Synth 8-6901] identifier 'slv_reg0' is used before its declaration [/home/ug3linux/UG3-HeadWornUnit-V2-Firmware/rhd/src/rhd_S00_AXI.v:248]
WARNING: [Synth 8-6901] identifier 'slv_reg0' is used before its declaration [/home/ug3linux/UG3-HeadWornUnit-V2-Firmware/rhd/src/rhd_S00_AXI.v:249]
WARNING: [Synth 8-6901] identifier 'slv_reg0' is used before its declaration [/home/ug3linux/UG3-HeadWornUnit-V2-Firmware/rhd/src/rhd_S00_AXI.v:250]
WARNING: [Synth 8-6901] identifier 'slv_reg0' is used before its declaration [/home/ug3linux/UG3-HeadWornUnit-V2-Firmware/rhd/src/rhd_S00_AXI.v:251]
WARNING: [Synth 8-6901] identifier 'slv_reg0' is used before its declaration [/home/ug3linux/UG3-HeadWornUnit-V2-Firmware/rhd/src/rhd_S00_AXI.v:253]
WARNING: [Synth 8-6901] identifier 'slv_reg0' is used before its declaration [/home/ug3linux/UG3-HeadWornUnit-V2-Firmware/rhd/src/rhd_S00_AXI.v:254]
WARNING: [Synth 8-6901] identifier 'slv_reg0' is used before its declaration [/home/ug3linux/UG3-HeadWornUnit-V2-Firmware/rhd/src/rhd_S00_AXI.v:255]
WARNING: [Synth 8-6901] identifier 'slv_reg0' is used before its declaration [/home/ug3linux/UG3-HeadWornUnit-V2-Firmware/rhd/src/rhd_S00_AXI.v:256]
WARNING: [Synth 8-6901] identifier 'slv_reg0' is used before its declaration [/home/ug3linux/UG3-HeadWornUnit-V2-Firmware/rhd/src/rhd_S00_AXI.v:257]
WARNING: [Synth 8-6901] identifier 'slv_reg0' is used before its declaration [/home/ug3linux/UG3-HeadWornUnit-V2-Firmware/rhd/src/rhd_S00_AXI.v:258]
WARNING: [Synth 8-6901] identifier 'slv_reg0' is used before its declaration [/home/ug3linux/UG3-HeadWornUnit-V2-Firmware/rhd/src/rhd_S00_AXI.v:259]
WARNING: [Synth 8-6901] identifier 'slv_reg0' is used before its declaration [/home/ug3linux/UG3-HeadWornUnit-V2-Firmware/rhd/src/rhd_S00_AXI.v:260]
WARNING: [Synth 8-6901] identifier 'slv_reg0' is used before its declaration [/home/ug3linux/UG3-HeadWornUnit-V2-Firmware/rhd/src/rhd_S00_AXI.v:262]
WARNING: [Synth 8-6901] identifier 'slv_reg0' is used before its declaration [/home/ug3linux/UG3-HeadWornUnit-V2-Firmware/rhd/src/rhd_S00_AXI.v:263]
WARNING: [Synth 8-6901] identifier 'slv_reg0' is used before its declaration [/home/ug3linux/UG3-HeadWornUnit-V2-Firmware/rhd/src/rhd_S00_AXI.v:264]
WARNING: [Synth 8-6901] identifier 'slv_reg0' is used before its declaration [/home/ug3linux/UG3-HeadWornUnit-V2-Firmware/rhd/src/rhd_S00_AXI.v:265]
WARNING: [Synth 8-6901] identifier 'slv_reg0' is used before its declaration [/home/ug3linux/UG3-HeadWornUnit-V2-Firmware/rhd/src/rhd_S00_AXI.v:266]
WARNING: [Synth 8-6901] identifier 'slv_reg0' is used before its declaration [/home/ug3linux/UG3-HeadWornUnit-V2-Firmware/rhd/src/rhd_S00_AXI.v:267]
WARNING: [Synth 8-6901] identifier 'slv_reg0' is used before its declaration [/home/ug3linux/UG3-HeadWornUnit-V2-Firmware/rhd/src/rhd_S00_AXI.v:268]
WARNING: [Synth 8-6901] identifier 'slv_reg0' is used before its declaration [/home/ug3linux/UG3-HeadWornUnit-V2-Firmware/rhd/src/rhd_S00_AXI.v:269]
WARNING: [Synth 8-6901] identifier 'slv_reg0' is used before its declaration [/home/ug3linux/UG3-HeadWornUnit-V2-Firmware/rhd/src/rhd_S00_AXI.v:271]
WARNING: [Synth 8-6901] identifier 'slv_reg0' is used before its declaration [/home/ug3linux/UG3-HeadWornUnit-V2-Firmware/rhd/src/rhd_S00_AXI.v:272]
WARNING: [Synth 8-6901] identifier 'slv_reg0' is used before its declaration [/home/ug3linux/UG3-HeadWornUnit-V2-Firmware/rhd/src/rhd_S00_AXI.v:273]
WARNING: [Synth 8-6901] identifier 'slv_reg0' is used before its declaration [/home/ug3linux/UG3-HeadWornUnit-V2-Firmware/rhd/src/rhd_S00_AXI.v:274]
WARNING: [Synth 8-6901] identifier 'slv_reg0' is used before its declaration [/home/ug3linux/UG3-HeadWornUnit-V2-Firmware/rhd/src/rhd_S00_AXI.v:275]
WARNING: [Synth 8-6901] identifier 'slv_reg0' is used before its declaration [/home/ug3linux/UG3-HeadWornUnit-V2-Firmware/rhd/src/rhd_S00_AXI.v:276]
WARNING: [Synth 8-6901] identifier 'slv_reg0' is used before its declaration [/home/ug3linux/UG3-HeadWornUnit-V2-Firmware/rhd/src/rhd_S00_AXI.v:277]
WARNING: [Synth 8-6901] identifier 'slv_reg0' is used before its declaration [/home/ug3linux/UG3-HeadWornUnit-V2-Firmware/rhd/src/rhd_S00_AXI.v:278]
---------------------------------------------------------------------------------
Starting RTL Elaboration : Time (s): cpu = 00:00:04 ; elapsed = 00:00:06 . Memory (MB): peak = 2506.621 ; gain = 258.832 ; free physical = 3869 ; free virtual = 35742
---------------------------------------------------------------------------------
INFO: [Synth 8-6157] synthesizing module 'recording_inst_0_rhd_axi_0_0' [/home/ug3linux/UG3-HeadWornUnit-V2-Firmware/seeg/seeg.gen/sources_1/bd/main/bd/recording_inst_0/ip/recording_inst_0_rhd_axi_0_0/synth/recording_inst_0_rhd_axi_0_0.v:53]
INFO: [Synth 8-6157] synthesizing module 'rhd_axi' [/home/ug3linux/UG3-HeadWornUnit-V2-Firmware/rhd/src/rhd_axi.v:9]
INFO: [Synth 8-6157] synthesizing module 'rhd_S00_AXI' [/home/ug3linux/UG3-HeadWornUnit-V2-Firmware/rhd/src/rhd_S00_AXI.v:4]
INFO: [Synth 8-6157] synthesizing module 'rhd_headstage_slave_full_16_probes' [/home/ug3linux/UG3-HeadWornUnit-V2-Firmware/rhd/src/rhd_headstage_slave_full_16_probes.v:1]
INFO: [Synth 8-6157] synthesizing module 'rhd_headstage_slave' [/home/ug3linux/UG3-HeadWornUnit-V2-Firmware/rhd/src/rhd_headstage_slave.v:1]
INFO: [Synth 8-6155] done synthesizing module 'rhd_headstage_slave' (0#1) [/home/ug3linux/UG3-HeadWornUnit-V2-Firmware/rhd/src/rhd_headstage_slave.v:1]
INFO: [Synth 8-6157] synthesizing module 'rhd_headstage_slave__parameterized0' [/home/ug3linux/UG3-HeadWornUnit-V2-Firmware/rhd/src/rhd_headstage_slave.v:1]
INFO: [Synth 8-6155] done synthesizing module 'rhd_headstage_slave__parameterized0' (0#1) [/home/ug3linux/UG3-HeadWornUnit-V2-Firmware/rhd/src/rhd_headstage_slave.v:1]
INFO: [Synth 8-6157] synthesizing module 'rhd_headstage_slave__parameterized1' [/home/ug3linux/UG3-HeadWornUnit-V2-Firmware/rhd/src/rhd_headstage_slave.v:1]
INFO: [Synth 8-6155] done synthesizing module 'rhd_headstage_slave__parameterized1' (0#1) [/home/ug3linux/UG3-HeadWornUnit-V2-Firmware/rhd/src/rhd_headstage_slave.v:1]
INFO: [Synth 8-6157] synthesizing module 'rhd_headstage_slave__parameterized2' [/home/ug3linux/UG3-HeadWornUnit-V2-Firmware/rhd/src/rhd_headstage_slave.v:1]
INFO: [Synth 8-6155] done synthesizing module 'rhd_headstage_slave__parameterized2' (0#1) [/home/ug3linux/UG3-HeadWornUnit-V2-Firmware/rhd/src/rhd_headstage_slave.v:1]
INFO: [Synth 8-6157] synthesizing module 'rhd_headstage_slave__parameterized3' [/home/ug3linux/UG3-HeadWornUnit-V2-Firmware/rhd/src/rhd_headstage_slave.v:1]
INFO: [Synth 8-6155] done synthesizing module 'rhd_headstage_slave__parameterized3' (0#1) [/home/ug3linux/UG3-HeadWornUnit-V2-Firmware/rhd/src/rhd_headstage_slave.v:1]
INFO: [Synth 8-6157] synthesizing module 'rhd_headstage_slave__parameterized4' [/home/ug3linux/UG3-HeadWornUnit-V2-Firmware/rhd/src/rhd_headstage_slave.v:1]
INFO: [Synth 8-6155] done synthesizing module 'rhd_headstage_slave__parameterized4' (0#1) [/home/ug3linux/UG3-HeadWornUnit-V2-Firmware/rhd/src/rhd_headstage_slave.v:1]
INFO: [Synth 8-6157] synthesizing module 'rhd_headstage_slave__parameterized5' [/home/ug3linux/UG3-HeadWornUnit-V2-Firmware/rhd/src/rhd_headstage_slave.v:1]
INFO: [Synth 8-6155] done synthesizing module 'rhd_headstage_slave__parameterized5' (0#1) [/home/ug3linux/UG3-HeadWornUnit-V2-Firmware/rhd/src/rhd_headstage_slave.v:1]
INFO: [Synth 8-6157] synthesizing module 'rhd_headstage_slave__parameterized6' [/home/ug3linux/UG3-HeadWornUnit-V2-Firmware/rhd/src/rhd_headstage_slave.v:1]
INFO: [Synth 8-6155] done synthesizing module 'rhd_headstage_slave__parameterized6' (0#1) [/home/ug3linux/UG3-HeadWornUnit-V2-Firmware/rhd/src/rhd_headstage_slave.v:1]
INFO: [Synth 8-6157] synthesizing module 'rhd_headstage_slave__parameterized7' [/home/ug3linux/UG3-HeadWornUnit-V2-Firmware/rhd/src/rhd_headstage_slave.v:1]
INFO: [Synth 8-6155] done synthesizing module 'rhd_headstage_slave__parameterized7' (0#1) [/home/ug3linux/UG3-HeadWornUnit-V2-Firmware/rhd/src/rhd_headstage_slave.v:1]
INFO: [Synth 8-6157] synthesizing module 'rhd_headstage_slave__parameterized8' [/home/ug3linux/UG3-HeadWornUnit-V2-Firmware/rhd/src/rhd_headstage_slave.v:1]
INFO: [Synth 8-6155] done synthesizing module 'rhd_headstage_slave__parameterized8' (0#1) [/home/ug3linux/UG3-HeadWornUnit-V2-Firmware/rhd/src/rhd_headstage_slave.v:1]
INFO: [Synth 8-6157] synthesizing module 'rhd_headstage_slave__parameterized9' [/home/ug3linux/UG3-HeadWornUnit-V2-Firmware/rhd/src/rhd_headstage_slave.v:1]
INFO: [Synth 8-6155] done synthesizing module 'rhd_headstage_slave__parameterized9' (0#1) [/home/ug3linux/UG3-HeadWornUnit-V2-Firmware/rhd/src/rhd_headstage_slave.v:1]
INFO: [Synth 8-6157] synthesizing module 'rhd_headstage_slave__parameterized10' [/home/ug3linux/UG3-HeadWornUnit-V2-Firmware/rhd/src/rhd_headstage_slave.v:1]
INFO: [Synth 8-6155] done synthesizing module 'rhd_headstage_slave__parameterized10' (0#1) [/home/ug3linux/UG3-HeadWornUnit-V2-Firmware/rhd/src/rhd_headstage_slave.v:1]
INFO: [Synth 8-6157] synthesizing module 'rhd_headstage_slave__parameterized11' [/home/ug3linux/UG3-HeadWornUnit-V2-Firmware/rhd/src/rhd_headstage_slave.v:1]
INFO: [Synth 8-6155] done synthesizing module 'rhd_headstage_slave__parameterized11' (0#1) [/home/ug3linux/UG3-HeadWornUnit-V2-Firmware/rhd/src/rhd_headstage_slave.v:1]
INFO: [Synth 8-6157] synthesizing module 'rhd_headstage_slave__parameterized12' [/home/ug3linux/UG3-HeadWornUnit-V2-Firmware/rhd/src/rhd_headstage_slave.v:1]
INFO: [Synth 8-6155] done synthesizing module 'rhd_headstage_slave__parameterized12' (0#1) [/home/ug3linux/UG3-HeadWornUnit-V2-Firmware/rhd/src/rhd_headstage_slave.v:1]
INFO: [Synth 8-6157] synthesizing module 'rhd_headstage_slave__parameterized13' [/home/ug3linux/UG3-HeadWornUnit-V2-Firmware/rhd/src/rhd_headstage_slave.v:1]
INFO: [Synth 8-6155] done synthesizing module 'rhd_headstage_slave__parameterized13' (0#1) [/home/ug3linux/UG3-HeadWornUnit-V2-Firmware/rhd/src/rhd_headstage_slave.v:1]
INFO: [Synth 8-6157] synthesizing module 'rhd_headstage_slave__parameterized14' [/home/ug3linux/UG3-HeadWornUnit-V2-Firmware/rhd/src/rhd_headstage_slave.v:1]
INFO: [Synth 8-6155] done synthesizing module 'rhd_headstage_slave__parameterized14' (0#1) [/home/ug3linux/UG3-HeadWornUnit-V2-Firmware/rhd/src/rhd_headstage_slave.v:1]
INFO: [Synth 8-6157] synthesizing module 'rhd_headstage_slave__parameterized15' [/home/ug3linux/UG3-HeadWornUnit-V2-Firmware/rhd/src/rhd_headstage_slave.v:1]
INFO: [Synth 8-6155] done synthesizing module 'rhd_headstage_slave__parameterized15' (0#1) [/home/ug3linux/UG3-HeadWornUnit-V2-Firmware/rhd/src/rhd_headstage_slave.v:1]
INFO: [Synth 8-6157] synthesizing module 'rhd_headstage_slave__parameterized16' [/home/ug3linux/UG3-HeadWornUnit-V2-Firmware/rhd/src/rhd_headstage_slave.v:1]
INFO: [Synth 8-6155] done synthesizing module 'rhd_headstage_slave__parameterized16' (0#1) [/home/ug3linux/UG3-HeadWornUnit-V2-Firmware/rhd/src/rhd_headstage_slave.v:1]
INFO: [Synth 8-6157] synthesizing module 'rhd_headstage_slave__parameterized17' [/home/ug3linux/UG3-HeadWornUnit-V2-Firmware/rhd/src/rhd_headstage_slave.v:1]
INFO: [Synth 8-6155] done synthesizing module 'rhd_headstage_slave__parameterized17' (0#1) [/home/ug3linux/UG3-HeadWornUnit-V2-Firmware/rhd/src/rhd_headstage_slave.v:1]
INFO: [Synth 8-6157] synthesizing module 'rhd_headstage_slave__parameterized18' [/home/ug3linux/UG3-HeadWornUnit-V2-Firmware/rhd/src/rhd_headstage_slave.v:1]
INFO: [Synth 8-6155] done synthesizing module 'rhd_headstage_slave__parameterized18' (0#1) [/home/ug3linux/UG3-HeadWornUnit-V2-Firmware/rhd/src/rhd_headstage_slave.v:1]
INFO: [Synth 8-6157] synthesizing module 'rhd_headstage_slave__parameterized19' [/home/ug3linux/UG3-HeadWornUnit-V2-Firmware/rhd/src/rhd_headstage_slave.v:1]
INFO: [Synth 8-6155] done synthesizing module 'rhd_headstage_slave__parameterized19' (0#1) [/home/ug3linux/UG3-HeadWornUnit-V2-Firmware/rhd/src/rhd_headstage_slave.v:1]
INFO: [Synth 8-6157] synthesizing module 'rhd_headstage_slave__parameterized20' [/home/ug3linux/UG3-HeadWornUnit-V2-Firmware/rhd/src/rhd_headstage_slave.v:1]
INFO: [Synth 8-6155] done synthesizing module 'rhd_headstage_slave__parameterized20' (0#1) [/home/ug3linux/UG3-HeadWornUnit-V2-Firmware/rhd/src/rhd_headstage_slave.v:1]
INFO: [Synth 8-6157] synthesizing module 'rhd_headstage_slave__parameterized21' [/home/ug3linux/UG3-HeadWornUnit-V2-Firmware/rhd/src/rhd_headstage_slave.v:1]
INFO: [Synth 8-6155] done synthesizing module 'rhd_headstage_slave__parameterized21' (0#1) [/home/ug3linux/UG3-HeadWornUnit-V2-Firmware/rhd/src/rhd_headstage_slave.v:1]
INFO: [Synth 8-6157] synthesizing module 'rhd_headstage_slave__parameterized22' [/home/ug3linux/UG3-HeadWornUnit-V2-Firmware/rhd/src/rhd_headstage_slave.v:1]
INFO: [Synth 8-6155] done synthesizing module 'rhd_headstage_slave__parameterized22' (0#1) [/home/ug3linux/UG3-HeadWornUnit-V2-Firmware/rhd/src/rhd_headstage_slave.v:1]
INFO: [Synth 8-6157] synthesizing module 'rhd_headstage_slave__parameterized23' [/home/ug3linux/UG3-HeadWornUnit-V2-Firmware/rhd/src/rhd_headstage_slave.v:1]
INFO: [Synth 8-6155] done synthesizing module 'rhd_headstage_slave__parameterized23' (0#1) [/home/ug3linux/UG3-HeadWornUnit-V2-Firmware/rhd/src/rhd_headstage_slave.v:1]
INFO: [Synth 8-6157] synthesizing module 'rhd_headstage_slave__parameterized24' [/home/ug3linux/UG3-HeadWornUnit-V2-Firmware/rhd/src/rhd_headstage_slave.v:1]
INFO: [Synth 8-6155] done synthesizing module 'rhd_headstage_slave__parameterized24' (0#1) [/home/ug3linux/UG3-HeadWornUnit-V2-Firmware/rhd/src/rhd_headstage_slave.v:1]
INFO: [Synth 8-6157] synthesizing module 'rhd_headstage_slave__parameterized25' [/home/ug3linux/UG3-HeadWornUnit-V2-Firmware/rhd/src/rhd_headstage_slave.v:1]
INFO: [Synth 8-6155] done synthesizing module 'rhd_headstage_slave__parameterized25' (0#1) [/home/ug3linux/UG3-HeadWornUnit-V2-Firmware/rhd/src/rhd_headstage_slave.v:1]
INFO: [Synth 8-6157] synthesizing module 'rhd_headstage_slave__parameterized26' [/home/ug3linux/UG3-HeadWornUnit-V2-Firmware/rhd/src/rhd_headstage_slave.v:1]
INFO: [Synth 8-6155] done synthesizing module 'rhd_headstage_slave__parameterized26' (0#1) [/home/ug3linux/UG3-HeadWornUnit-V2-Firmware/rhd/src/rhd_headstage_slave.v:1]
INFO: [Synth 8-6157] synthesizing module 'rhd_headstage_slave__parameterized27' [/home/ug3linux/UG3-HeadWornUnit-V2-Firmware/rhd/src/rhd_headstage_slave.v:1]
INFO: [Synth 8-6155] done synthesizing module 'rhd_headstage_slave__parameterized27' (0#1) [/home/ug3linux/UG3-HeadWornUnit-V2-Firmware/rhd/src/rhd_headstage_slave.v:1]
INFO: [Synth 8-6157] synthesizing module 'rhd_headstage_slave__parameterized28' [/home/ug3linux/UG3-HeadWornUnit-V2-Firmware/rhd/src/rhd_headstage_slave.v:1]
INFO: [Synth 8-6155] done synthesizing module 'rhd_headstage_slave__parameterized28' (0#1) [/home/ug3linux/UG3-HeadWornUnit-V2-Firmware/rhd/src/rhd_headstage_slave.v:1]
INFO: [Synth 8-6157] synthesizing module 'rhd_headstage_slave__parameterized29' [/home/ug3linux/UG3-HeadWornUnit-V2-Firmware/rhd/src/rhd_headstage_slave.v:1]
INFO: [Synth 8-6155] done synthesizing module 'rhd_headstage_slave__parameterized29' (0#1) [/home/ug3linux/UG3-HeadWornUnit-V2-Firmware/rhd/src/rhd_headstage_slave.v:1]
INFO: [Synth 8-6157] synthesizing module 'rhd_headstage_slave__parameterized30' [/home/ug3linux/UG3-HeadWornUnit-V2-Firmware/rhd/src/rhd_headstage_slave.v:1]
INFO: [Synth 8-6155] done synthesizing module 'rhd_headstage_slave__parameterized30' (0#1) [/home/ug3linux/UG3-HeadWornUnit-V2-Firmware/rhd/src/rhd_headstage_slave.v:1]
INFO: [Synth 8-6155] done synthesizing module 'rhd_headstage_slave_full_16_probes' (0#1) [/home/ug3linux/UG3-HeadWornUnit-V2-Firmware/rhd/src/rhd_headstage_slave_full_16_probes.v:1]
INFO: [Synth 8-226] default block is never used [/home/ug3linux/UG3-HeadWornUnit-V2-Firmware/rhd/src/rhd_S00_AXI.v:430]
INFO: [Synth 8-226] default block is never used [/home/ug3linux/UG3-HeadWornUnit-V2-Firmware/rhd/src/rhd_S00_AXI.v:571]
INFO: [Synth 8-6157] synthesizing module 'rhd' [/home/ug3linux/UG3-HeadWornUnit-V2-Firmware/rhd/src/rhd.v:6]
INFO: [Synth 8-6157] synthesizing module 'MISO_falling_edge' [/home/ug3linux/UG3-HeadWornUnit-V2-Firmware/rhd/src/rhd.v:2954]
INFO: [Synth 8-6155] done synthesizing module 'MISO_falling_edge' (0#1) [/home/ug3linux/UG3-HeadWornUnit-V2-Firmware/rhd/src/rhd.v:2954]
INFO: [Synth 8-6157] synthesizing module 'MISO_rising_edge' [/home/ug3linux/UG3-HeadWornUnit-V2-Firmware/rhd/src/rhd.v:2981]
INFO: [Synth 8-6155] done synthesizing module 'MISO_rising_edge' (0#1) [/home/ug3linux/UG3-HeadWornUnit-V2-Firmware/rhd/src/rhd.v:2981]
INFO: [Synth 8-6157] synthesizing module 'command_selector' [/home/ug3linux/UG3-HeadWornUnit-V2-Firmware/rhd/src/rhd.v:2819]
INFO: [Synth 8-6155] done synthesizing module 'command_selector' (0#1) [/home/ug3linux/UG3-HeadWornUnit-V2-Firmware/rhd/src/rhd.v:2819]
INFO: [Synth 8-6157] synthesizing module 'xpm_cdc_1bit' [/home/ug3linux/UG3-HeadWornUnit-V2-Firmware/seeg/seeg.gen/sources_1/bd/xpm_cdc_1bit/synth/xpm_cdc_1bit.v:13]
INFO: [Synth 8-6157] synthesizing module 'xpm_cdc_1bit_xpm_cdc_0_0' [/home/ug3linux/UG3-HeadWornUnit-V2-Firmware/seeg/seeg.gen/sources_1/bd/xpm_cdc_1bit/ip/xpm_cdc_1bit_xpm_cdc_0_0/synth/xpm_cdc_1bit_xpm_cdc_0_0.v:53]
INFO: [Synth 8-6157] synthesizing module 'xpm_cdc_gen_v1_0_2' [/home/ug3linux/UG3-HeadWornUnit-V2-Firmware/seeg/seeg.gen/sources_1/bd/xpm_cdc_1bit/ipshared/c636/hdl/xpm_cdc_gen_v1_0_vl_rfs.v:52]
INFO: [Synth 8-6157] synthesizing module 'xpm_cdc_single' [/tools/Xilinx/Vivado/2023.1/data/ip/xpm/xpm_cdc/hdl/xpm_cdc.sv:152]
INFO: [Synth 8-6155] done synthesizing module 'xpm_cdc_single' (0#1) [/tools/Xilinx/Vivado/2023.1/data/ip/xpm/xpm_cdc/hdl/xpm_cdc.sv:152]
INFO: [Synth 8-6155] done synthesizing module 'xpm_cdc_gen_v1_0_2' (0#1) [/home/ug3linux/UG3-HeadWornUnit-V2-Firmware/seeg/seeg.gen/sources_1/bd/xpm_cdc_1bit/ipshared/c636/hdl/xpm_cdc_gen_v1_0_vl_rfs.v:52]
INFO: [Synth 8-6155] done synthesizing module 'xpm_cdc_1bit_xpm_cdc_0_0' (0#1) [/home/ug3linux/UG3-HeadWornUnit-V2-Firmware/seeg/seeg.gen/sources_1/bd/xpm_cdc_1bit/ip/xpm_cdc_1bit_xpm_cdc_0_0/synth/xpm_cdc_1bit_xpm_cdc_0_0.v:53]
INFO: [Synth 8-6155] done synthesizing module 'xpm_cdc_1bit' (0#1) [/home/ug3linux/UG3-HeadWornUnit-V2-Firmware/seeg/seeg.gen/sources_1/bd/xpm_cdc_1bit/synth/xpm_cdc_1bit.v:13]
INFO: [Synth 8-638] synthesizing module 'fifo_generator_0' [/home/ug3linux/UG3-HeadWornUnit-V2-Firmware/seeg/seeg.gen/sources_1/ip/fifo_generator_0/synth/fifo_generator_0.vhd:76]
	Parameter C_COMMON_CLOCK bound to: 0 - type: integer 
	Parameter C_SELECT_XPM bound to: 0 - type: integer 
	Parameter C_COUNT_TYPE bound to: 0 - type: integer 
	Parameter C_DATA_COUNT_WIDTH bound to: 12 - type: integer 
	Parameter C_DEFAULT_VALUE bound to: BlankString - type: string 
	Parameter C_DIN_WIDTH bound to: 16 - type: integer 
	Parameter C_DOUT_RST_VAL bound to: 0 - type: string 
	Parameter C_DOUT_WIDTH bound to: 64 - type: integer 
	Parameter C_ENABLE_RLOCS bound to: 0 - type: integer 
	Parameter C_FAMILY bound to: zynquplus - type: string 
	Parameter C_FULL_FLAGS_RST_VAL bound to: 0 - type: integer 
	Parameter C_HAS_ALMOST_EMPTY bound to: 0 - type: integer 
	Parameter C_HAS_ALMOST_FULL bound to: 0 - type: integer 
	Parameter C_HAS_BACKUP bound to: 0 - type: integer 
	Parameter C_HAS_DATA_COUNT bound to: 0 - type: integer 
	Parameter C_HAS_INT_CLK bound to: 0 - type: integer 
	Parameter C_HAS_MEMINIT_FILE bound to: 0 - type: integer 
	Parameter C_HAS_OVERFLOW bound to: 0 - type: integer 
	Parameter C_HAS_RD_DATA_COUNT bound to: 0 - type: integer 
	Parameter C_HAS_RD_RST bound to: 0 - type: integer 
	Parameter C_HAS_RST bound to: 0 - type: integer 
	Parameter C_HAS_SRST bound to: 1 - type: integer 
	Parameter C_HAS_UNDERFLOW bound to: 0 - type: integer 
	Parameter C_HAS_VALID bound to: 1 - type: integer 
	Parameter C_HAS_WR_ACK bound to: 0 - type: integer 
	Parameter C_HAS_WR_DATA_COUNT bound to: 0 - type: integer 
	Parameter C_HAS_WR_RST bound to: 0 - type: integer 
	Parameter C_IMPLEMENTATION_TYPE bound to: 6 - type: integer 
	Parameter C_INIT_WR_PNTR_VAL bound to: 0 - type: integer 
	Parameter C_MEMORY_TYPE bound to: 4 - type: integer 
	Parameter C_MIF_FILE_NAME bound to: BlankString - type: string 
	Parameter C_OPTIMIZATION_MODE bound to: 0 - type: integer 
	Parameter C_OVERFLOW_LOW bound to: 0 - type: integer 
	Parameter C_PRELOAD_LATENCY bound to: 2 - type: integer 
	Parameter C_PRELOAD_REGS bound to: 1 - type: integer 
	Parameter C_PRIM_FIFO_TYPE bound to: 4kx9 - type: string 
	Parameter C_PROG_EMPTY_THRESH_ASSERT_VAL bound to: 2 - type: integer 
	Parameter C_PROG_EMPTY_THRESH_NEGATE_VAL bound to: 3 - type: integer 
	Parameter C_PROG_EMPTY_TYPE bound to: 0 - type: integer 
	Parameter C_PROG_FULL_THRESH_ASSERT_VAL bound to: 4094 - type: integer 
	Parameter C_PROG_FULL_THRESH_NEGATE_VAL bound to: 4093 - type: integer 
	Parameter C_PROG_FULL_TYPE bound to: 0 - type: integer 
	Parameter C_RD_DATA_COUNT_WIDTH bound to: 10 - type: integer 
	Parameter C_RD_DEPTH bound to: 1024 - type: integer 
	Parameter C_RD_FREQ bound to: 56 - type: integer 
	Parameter C_RD_PNTR_WIDTH bound to: 10 - type: integer 
	Parameter C_UNDERFLOW_LOW bound to: 0 - type: integer 
	Parameter C_USE_DOUT_RST bound to: 1 - type: integer 
	Parameter C_USE_ECC bound to: 0 - type: integer 
	Parameter C_USE_EMBEDDED_REG bound to: 1 - type: integer 
	Parameter C_USE_PIPELINE_REG bound to: 0 - type: integer 
	Parameter C_POWER_SAVING_MODE bound to: 0 - type: integer 
	Parameter C_USE_FIFO16_FLAGS bound to: 0 - type: integer 
	Parameter C_USE_FWFT_DATA_COUNT bound to: 0 - type: integer 
	Parameter C_VALID_LOW bound to: 0 - type: integer 
	Parameter C_WR_ACK_LOW bound to: 0 - type: integer 
	Parameter C_WR_DATA_COUNT_WIDTH bound to: 12 - type: integer 
	Parameter C_WR_DEPTH bound to: 4096 - type: integer 
	Parameter C_WR_FREQ bound to: 250 - type: integer 
	Parameter C_WR_PNTR_WIDTH bound to: 12 - type: integer 
	Parameter C_WR_RESPONSE_LATENCY bound to: 1 - type: integer 
	Parameter C_MSGON_VAL bound to: 1 - type: integer 
	Parameter C_ENABLE_RST_SYNC bound to: 1 - type: integer 
	Parameter C_EN_SAFETY_CKT bound to: 0 - type: integer 
	Parameter C_ERROR_INJECTION_TYPE bound to: 0 - type: integer 
	Parameter C_SYNCHRONIZER_STAGE bound to: 2 - type: integer 
	Parameter C_INTERFACE_TYPE bound to: 0 - type: integer 
	Parameter C_AXI_TYPE bound to: 1 - type: integer 
	Parameter C_HAS_AXI_WR_CHANNEL bound to: 1 - type: integer 
	Parameter C_HAS_AXI_RD_CHANNEL bound to: 1 - type: integer 
	Parameter C_HAS_SLAVE_CE bound to: 0 - type: integer 
	Parameter C_HAS_MASTER_CE bound to: 0 - type: integer 
	Parameter C_ADD_NGC_CONSTRAINT bound to: 0 - type: integer 
	Parameter C_USE_COMMON_OVERFLOW bound to: 0 - type: integer 
	Parameter C_USE_COMMON_UNDERFLOW bound to: 0 - type: integer 
	Parameter C_USE_DEFAULT_SETTINGS bound to: 0 - type: integer 
	Parameter C_AXI_ID_WIDTH bound to: 1 - type: integer 
	Parameter C_AXI_ADDR_WIDTH bound to: 32 - type: integer 
	Parameter C_AXI_DATA_WIDTH bound to: 64 - type: integer 
	Parameter C_AXI_LEN_WIDTH bound to: 8 - type: integer 
	Parameter C_AXI_LOCK_WIDTH bound to: 1 - type: integer 
	Parameter C_HAS_AXI_ID bound to: 0 - type: integer 
	Parameter C_HAS_AXI_AWUSER bound to: 0 - type: integer 
	Parameter C_HAS_AXI_WUSER bound to: 0 - type: integer 
	Parameter C_HAS_AXI_BUSER bound to: 0 - type: integer 
	Parameter C_HAS_AXI_ARUSER bound to: 0 - type: integer 
	Parameter C_HAS_AXI_RUSER bound to: 0 - type: integer 
	Parameter C_AXI_ARUSER_WIDTH bound to: 1 - type: integer 
	Parameter C_AXI_AWUSER_WIDTH bound to: 1 - type: integer 
	Parameter C_AXI_WUSER_WIDTH bound to: 1 - type: integer 
	Parameter C_AXI_BUSER_WIDTH bound to: 1 - type: integer 
	Parameter C_AXI_RUSER_WIDTH bound to: 1 - type: integer 
	Parameter C_HAS_AXIS_TDATA bound to: 1 - type: integer 
	Parameter C_HAS_AXIS_TID bound to: 0 - type: integer 
	Parameter C_HAS_AXIS_TDEST bound to: 0 - type: integer 
	Parameter C_HAS_AXIS_TUSER bound to: 1 - type: integer 
	Parameter C_HAS_AXIS_TREADY bound to: 1 - type: integer 
	Parameter C_HAS_AXIS_TLAST bound to: 0 - type: integer 
	Parameter C_HAS_AXIS_TSTRB bound to: 0 - type: integer 
	Parameter C_HAS_AXIS_TKEEP bound to: 0 - type: integer 
	Parameter C_AXIS_TDATA_WIDTH bound to: 8 - type: integer 
	Parameter C_AXIS_TID_WIDTH bound to: 1 - type: integer 
	Parameter C_AXIS_TDEST_WIDTH bound to: 1 - type: integer 
	Parameter C_AXIS_TUSER_WIDTH bound to: 4 - type: integer 
	Parameter C_AXIS_TSTRB_WIDTH bound to: 1 - type: integer 
	Parameter C_AXIS_TKEEP_WIDTH bound to: 1 - type: integer 
	Parameter C_WACH_TYPE bound to: 0 - type: integer 
	Parameter C_WDCH_TYPE bound to: 0 - type: integer 
	Parameter C_WRCH_TYPE bound to: 0 - type: integer 
	Parameter C_RACH_TYPE bound to: 0 - type: integer 
	Parameter C_RDCH_TYPE bound to: 0 - type: integer 
	Parameter C_AXIS_TYPE bound to: 0 - type: integer 
	Parameter C_IMPLEMENTATION_TYPE_WACH bound to: 1 - type: integer 
	Parameter C_IMPLEMENTATION_TYPE_WDCH bound to: 1 - type: integer 
	Parameter C_IMPLEMENTATION_TYPE_WRCH bound to: 1 - type: integer 
	Parameter C_IMPLEMENTATION_TYPE_RACH bound to: 1 - type: integer 
	Parameter C_IMPLEMENTATION_TYPE_RDCH bound to: 1 - type: integer 
	Parameter C_IMPLEMENTATION_TYPE_AXIS bound to: 1 - type: integer 
	Parameter C_APPLICATION_TYPE_WACH bound to: 0 - type: integer 
	Parameter C_APPLICATION_TYPE_WDCH bound to: 0 - type: integer 
	Parameter C_APPLICATION_TYPE_WRCH bound to: 0 - type: integer 
	Parameter C_APPLICATION_TYPE_RACH bound to: 0 - type: integer 
	Parameter C_APPLICATION_TYPE_RDCH bound to: 0 - type: integer 
	Parameter C_APPLICATION_TYPE_AXIS bound to: 0 - type: integer 
	Parameter C_PRIM_FIFO_TYPE_WACH bound to: 512x36 - type: string 
	Parameter C_PRIM_FIFO_TYPE_WDCH bound to: 512x72 - type: string 
	Parameter C_PRIM_FIFO_TYPE_WRCH bound to: 512x36 - type: string 
	Parameter C_PRIM_FIFO_TYPE_RACH bound to: 512x36 - type: string 
	Parameter C_PRIM_FIFO_TYPE_RDCH bound to: 512x72 - type: string 
	Parameter C_PRIM_FIFO_TYPE_AXIS bound to: 1kx18 - type: string 
	Parameter C_USE_ECC_WACH bound to: 0 - type: integer 
	Parameter C_USE_ECC_WDCH bound to: 0 - type: integer 
	Parameter C_USE_ECC_WRCH bound to: 0 - type: integer 
	Parameter C_USE_ECC_RACH bound to: 0 - type: integer 
	Parameter C_USE_ECC_RDCH bound to: 0 - type: integer 
	Parameter C_USE_ECC_AXIS bound to: 0 - type: integer 
	Parameter C_ERROR_INJECTION_TYPE_WACH bound to: 0 - type: integer 
	Parameter C_ERROR_INJECTION_TYPE_WDCH bound to: 0 - type: integer 
	Parameter C_ERROR_INJECTION_TYPE_WRCH bound to: 0 - type: integer 
	Parameter C_ERROR_INJECTION_TYPE_RACH bound to: 0 - type: integer 
	Parameter C_ERROR_INJECTION_TYPE_RDCH bound to: 0 - type: integer 
	Parameter C_ERROR_INJECTION_TYPE_AXIS bound to: 0 - type: integer 
	Parameter C_DIN_WIDTH_WACH bound to: 1 - type: integer 
	Parameter C_DIN_WIDTH_WDCH bound to: 64 - type: integer 
	Parameter C_DIN_WIDTH_WRCH bound to: 2 - type: integer 
	Parameter C_DIN_WIDTH_RACH bound to: 32 - type: integer 
	Parameter C_DIN_WIDTH_RDCH bound to: 64 - type: integer 
	Parameter C_DIN_WIDTH_AXIS bound to: 1 - type: integer 
	Parameter C_WR_DEPTH_WACH bound to: 16 - type: integer 
	Parameter C_WR_DEPTH_WDCH bound to: 1024 - type: integer 
	Parameter C_WR_DEPTH_WRCH bound to: 16 - type: integer 
	Parameter C_WR_DEPTH_RACH bound to: 16 - type: integer 
	Parameter C_WR_DEPTH_RDCH bound to: 1024 - type: integer 
	Parameter C_WR_DEPTH_AXIS bound to: 1024 - type: integer 
	Parameter C_WR_PNTR_WIDTH_WACH bound to: 4 - type: integer 
	Parameter C_WR_PNTR_WIDTH_WDCH bound to: 10 - type: integer 
	Parameter C_WR_PNTR_WIDTH_WRCH bound to: 4 - type: integer 
	Parameter C_WR_PNTR_WIDTH_RACH bound to: 4 - type: integer 
	Parameter C_WR_PNTR_WIDTH_RDCH bound to: 10 - type: integer 
	Parameter C_WR_PNTR_WIDTH_AXIS bound to: 10 - type: integer 
	Parameter C_HAS_DATA_COUNTS_WACH bound to: 0 - type: integer 
	Parameter C_HAS_DATA_COUNTS_WDCH bound to: 0 - type: integer 
	Parameter C_HAS_DATA_COUNTS_WRCH bound to: 0 - type: integer 
	Parameter C_HAS_DATA_COUNTS_RACH bound to: 0 - type: integer 
	Parameter C_HAS_DATA_COUNTS_RDCH bound to: 0 - type: integer 
	Parameter C_HAS_DATA_COUNTS_AXIS bound to: 0 - type: integer 
	Parameter C_HAS_PROG_FLAGS_WACH bound to: 0 - type: integer 
	Parameter C_HAS_PROG_FLAGS_WDCH bound to: 0 - type: integer 
	Parameter C_HAS_PROG_FLAGS_WRCH bound to: 0 - type: integer 
	Parameter C_HAS_PROG_FLAGS_RACH bound to: 0 - type: integer 
	Parameter C_HAS_PROG_FLAGS_RDCH bound to: 0 - type: integer 
	Parameter C_HAS_PROG_FLAGS_AXIS bound to: 0 - type: integer 
	Parameter C_PROG_FULL_TYPE_WACH bound to: 0 - type: integer 
	Parameter C_PROG_FULL_TYPE_WDCH bound to: 0 - type: integer 
	Parameter C_PROG_FULL_TYPE_WRCH bound to: 0 - type: integer 
	Parameter C_PROG_FULL_TYPE_RACH bound to: 0 - type: integer 
	Parameter C_PROG_FULL_TYPE_RDCH bound to: 0 - type: integer 
	Parameter C_PROG_FULL_TYPE_AXIS bound to: 0 - type: integer 
	Parameter C_PROG_FULL_THRESH_ASSERT_VAL_WACH bound to: 1023 - type: integer 
	Parameter C_PROG_FULL_THRESH_ASSERT_VAL_WDCH bound to: 1023 - type: integer 
	Parameter C_PROG_FULL_THRESH_ASSERT_VAL_WRCH bound to: 1023 - type: integer 
	Parameter C_PROG_FULL_THRESH_ASSERT_VAL_RACH bound to: 1023 - type: integer 
	Parameter C_PROG_FULL_THRESH_ASSERT_VAL_RDCH bound to: 1023 - type: integer 
	Parameter C_PROG_FULL_THRESH_ASSERT_VAL_AXIS bound to: 1023 - type: integer 
	Parameter C_PROG_EMPTY_TYPE_WACH bound to: 0 - type: integer 
	Parameter C_PROG_EMPTY_TYPE_WDCH bound to: 0 - type: integer 
	Parameter C_PROG_EMPTY_TYPE_WRCH bound to: 0 - type: integer 
	Parameter C_PROG_EMPTY_TYPE_RACH bound to: 0 - type: integer 
	Parameter C_PROG_EMPTY_TYPE_RDCH bound to: 0 - type: integer 
	Parameter C_PROG_EMPTY_TYPE_AXIS bound to: 0 - type: integer 
	Parameter C_PROG_EMPTY_THRESH_ASSERT_VAL_WACH bound to: 1022 - type: integer 
	Parameter C_PROG_EMPTY_THRESH_ASSERT_VAL_WDCH bound to: 1022 - type: integer 
	Parameter C_PROG_EMPTY_THRESH_ASSERT_VAL_WRCH bound to: 1022 - type: integer 
	Parameter C_PROG_EMPTY_THRESH_ASSERT_VAL_RACH bound to: 1022 - type: integer 
	Parameter C_PROG_EMPTY_THRESH_ASSERT_VAL_RDCH bound to: 1022 - type: integer 
	Parameter C_PROG_EMPTY_THRESH_ASSERT_VAL_AXIS bound to: 1022 - type: integer 
	Parameter C_REG_SLICE_MODE_WACH bound to: 0 - type: integer 
	Parameter C_REG_SLICE_MODE_WDCH bound to: 0 - type: integer 
	Parameter C_REG_SLICE_MODE_WRCH bound to: 0 - type: integer 
	Parameter C_REG_SLICE_MODE_RACH bound to: 0 - type: integer 
	Parameter C_REG_SLICE_MODE_RDCH bound to: 0 - type: integer 
	Parameter C_REG_SLICE_MODE_AXIS bound to: 0 - type: integer 
INFO: [Synth 8-3491] module 'fifo_generator_v13_2_8' declared at '/home/ug3linux/UG3-HeadWornUnit-V2-Firmware/seeg/seeg.gen/sources_1/ip/fifo_generator_0/hdl/fifo_generator_v13_2_vhsyn_rfs.vhd:38604' bound to instance 'U0' of component 'fifo_generator_v13_2_8' [/home/ug3linux/UG3-HeadWornUnit-V2-Firmware/seeg/seeg.gen/sources_1/ip/fifo_generator_0/synth/fifo_generator_0.vhd:546]
INFO: [Synth 8-256] done synthesizing module 'fifo_generator_0' (0#1) [/home/ug3linux/UG3-HeadWornUnit-V2-Firmware/seeg/seeg.gen/sources_1/ip/fifo_generator_0/synth/fifo_generator_0.vhd:76]
INFO: [Synth 8-155] case statement is not full and has no default [/home/ug3linux/UG3-HeadWornUnit-V2-Firmware/rhd/src/rhd.v:2727]
INFO: [Synth 8-6155] done synthesizing module 'rhd' (0#1) [/home/ug3linux/UG3-HeadWornUnit-V2-Firmware/rhd/src/rhd.v:6]
INFO: [Synth 8-6155] done synthesizing module 'rhd_S00_AXI' (0#1) [/home/ug3linux/UG3-HeadWornUnit-V2-Firmware/rhd/src/rhd_S00_AXI.v:4]
INFO: [Synth 8-6155] done synthesizing module 'rhd_axi' (0#1) [/home/ug3linux/UG3-HeadWornUnit-V2-Firmware/rhd/src/rhd_axi.v:9]
INFO: [Synth 8-6155] done synthesizing module 'recording_inst_0_rhd_axi_0_0' (0#1) [/home/ug3linux/UG3-HeadWornUnit-V2-Firmware/seeg/seeg.gen/sources_1/bd/main/bd/recording_inst_0/ip/recording_inst_0_rhd_axi_0_0/synth/recording_inst_0_rhd_axi_0_0.v:53]
WARNING: [Synth 8-3848] Net dest_out_bin in module/entity xpm_cdc_gen_v1_0_2 does not have driver. [/home/ug3linux/UG3-HeadWornUnit-V2-Firmware/seeg/seeg.gen/sources_1/bd/xpm_cdc_1bit/ipshared/c636/hdl/xpm_cdc_gen_v1_0_vl_rfs.v:85]
WARNING: [Synth 8-3848] Net src_rcv in module/entity xpm_cdc_gen_v1_0_2 does not have driver. [/home/ug3linux/UG3-HeadWornUnit-V2-Firmware/seeg/seeg.gen/sources_1/bd/xpm_cdc_1bit/ipshared/c636/hdl/xpm_cdc_gen_v1_0_vl_rfs.v:86]
WARNING: [Synth 8-3848] Net dest_req in module/entity xpm_cdc_gen_v1_0_2 does not have driver. [/home/ug3linux/UG3-HeadWornUnit-V2-Firmware/seeg/seeg.gen/sources_1/bd/xpm_cdc_1bit/ipshared/c636/hdl/xpm_cdc_gen_v1_0_vl_rfs.v:87]
WARNING: [Synth 8-3848] Net dest_pulse in module/entity xpm_cdc_gen_v1_0_2 does not have driver. [/home/ug3linux/UG3-HeadWornUnit-V2-Firmware/seeg/seeg.gen/sources_1/bd/xpm_cdc_1bit/ipshared/c636/hdl/xpm_cdc_gen_v1_0_vl_rfs.v:88]
WARNING: [Synth 8-3848] Net dest_rst_out in module/entity xpm_cdc_gen_v1_0_2 does not have driver. [/home/ug3linux/UG3-HeadWornUnit-V2-Firmware/seeg/seeg.gen/sources_1/bd/xpm_cdc_1bit/ipshared/c636/hdl/xpm_cdc_gen_v1_0_vl_rfs.v:89]
WARNING: [Synth 8-3848] Net dest_arst in module/entity xpm_cdc_gen_v1_0_2 does not have driver. [/home/ug3linux/UG3-HeadWornUnit-V2-Firmware/seeg/seeg.gen/sources_1/bd/xpm_cdc_1bit/ipshared/c636/hdl/xpm_cdc_gen_v1_0_vl_rfs.v:90]
WARNING: [Synth 8-6014] Unused sequential element irq1_flag_reg was removed.  [/home/ug3linux/UG3-HeadWornUnit-V2-Firmware/rhd/src/rhd_S00_AXI.v:611]
WARNING: [Synth 8-6014] Unused sequential element irq1_ack_reg was removed.  [/home/ug3linux/UG3-HeadWornUnit-V2-Firmware/rhd/src/rhd_S00_AXI.v:612]
WARNING: [Synth 8-6014] Unused sequential element irq1_ack_reg was removed.  [/home/ug3linux/UG3-HeadWornUnit-V2-Firmware/rhd/src/rhd_S00_AXI.v:629]
WARNING: [Synth 8-7129] Port dest_out_bin[0] in module xpm_cdc_gen_v1_0_2 is either unconnected or has no load
WARNING: [Synth 8-7129] Port src_rcv in module xpm_cdc_gen_v1_0_2 is either unconnected or has no load
WARNING: [Synth 8-7129] Port dest_req in module xpm_cdc_gen_v1_0_2 is either unconnected or has no load
WARNING: [Synth 8-7129] Port dest_pulse in module xpm_cdc_gen_v1_0_2 is either unconnected or has no load
WARNING: [Synth 8-7129] Port dest_rst_out in module xpm_cdc_gen_v1_0_2 is either unconnected or has no load
WARNING: [Synth 8-7129] Port dest_arst in module xpm_cdc_gen_v1_0_2 is either unconnected or has no load
WARNING: [Synth 8-7129] Port src_in_bin[0] in module xpm_cdc_gen_v1_0_2 is either unconnected or has no load
WARNING: [Synth 8-7129] Port src_send in module xpm_cdc_gen_v1_0_2 is either unconnected or has no load
WARNING: [Synth 8-7129] Port dest_ack in module xpm_cdc_gen_v1_0_2 is either unconnected or has no load
WARNING: [Synth 8-7129] Port src_pulse in module xpm_cdc_gen_v1_0_2 is either unconnected or has no load
WARNING: [Synth 8-7129] Port src_rst in module xpm_cdc_gen_v1_0_2 is either unconnected or has no load
WARNING: [Synth 8-7129] Port dest_rst_in in module xpm_cdc_gen_v1_0_2 is either unconnected or has no load
WARNING: [Synth 8-7129] Port src_arst in module xpm_cdc_gen_v1_0_2 is either unconnected or has no load
WARNING: [Synth 8-7129] Port ALMOST_FULL_I in module output_blk is either unconnected or has no load
WARNING: [Synth 8-7129] Port PROG_FULL_I in module output_blk is either unconnected or has no load
WARNING: [Synth 8-7129] Port ALMOST_EMPTY_I in module output_blk is either unconnected or has no load
WARNING: [Synth 8-7129] Port PROG_EMPTY_I in module output_blk is either unconnected or has no load
WARNING: [Synth 8-7129] Port WR_ACK_I in module output_blk is either unconnected or has no load
WARNING: [Synth 8-7129] Port OVERFLOW_I in module output_blk is either unconnected or has no load
WARNING: [Synth 8-7129] Port UNDERFLOW_I in module output_blk is either unconnected or has no load
WARNING: [Synth 8-7129] Port DATA_COUNT_I[8] in module output_blk is either unconnected or has no load
WARNING: [Synth 8-7129] Port DATA_COUNT_I[7] in module output_blk is either unconnected or has no load
WARNING: [Synth 8-7129] Port DATA_COUNT_I[6] in module output_blk is either unconnected or has no load
WARNING: [Synth 8-7129] Port DATA_COUNT_I[5] in module output_blk is either unconnected or has no load
WARNING: [Synth 8-7129] Port DATA_COUNT_I[4] in module output_blk is either unconnected or has no load
WARNING: [Synth 8-7129] Port DATA_COUNT_I[3] in module output_blk is either unconnected or has no load
WARNING: [Synth 8-7129] Port DATA_COUNT_I[2] in module output_blk is either unconnected or has no load
WARNING: [Synth 8-7129] Port DATA_COUNT_I[1] in module output_blk is either unconnected or has no load
WARNING: [Synth 8-7129] Port DATA_COUNT_I[0] in module output_blk is either unconnected or has no load
WARNING: [Synth 8-7129] Port WR_DATA_COUNT_I[8] in module output_blk is either unconnected or has no load
WARNING: [Synth 8-7129] Port WR_DATA_COUNT_I[7] in module output_blk is either unconnected or has no load
WARNING: [Synth 8-7129] Port WR_DATA_COUNT_I[6] in module output_blk is either unconnected or has no load
WARNING: [Synth 8-7129] Port WR_DATA_COUNT_I[5] in module output_blk is either unconnected or has no load
WARNING: [Synth 8-7129] Port WR_DATA_COUNT_I[4] in module output_blk is either unconnected or has no load
WARNING: [Synth 8-7129] Port WR_DATA_COUNT_I[3] in module output_blk is either unconnected or has no load
WARNING: [Synth 8-7129] Port WR_DATA_COUNT_I[2] in module output_blk is either unconnected or has no load
WARNING: [Synth 8-7129] Port WR_DATA_COUNT_I[1] in module output_blk is either unconnected or has no load
WARNING: [Synth 8-7129] Port WR_DATA_COUNT_I[0] in module output_blk is either unconnected or has no load
WARNING: [Synth 8-7129] Port RD_DATA_COUNT_I[8] in module output_blk is either unconnected or has no load
WARNING: [Synth 8-7129] Port RD_DATA_COUNT_I[7] in module output_blk is either unconnected or has no load
WARNING: [Synth 8-7129] Port RD_DATA_COUNT_I[6] in module output_blk is either unconnected or has no load
WARNING: [Synth 8-7129] Port RD_DATA_COUNT_I[5] in module output_blk is either unconnected or has no load
WARNING: [Synth 8-7129] Port RD_DATA_COUNT_I[4] in module output_blk is either unconnected or has no load
WARNING: [Synth 8-7129] Port RD_DATA_COUNT_I[3] in module output_blk is either unconnected or has no load
WARNING: [Synth 8-7129] Port RD_DATA_COUNT_I[2] in module output_blk is either unconnected or has no load
WARNING: [Synth 8-7129] Port RD_DATA_COUNT_I[1] in module output_blk is either unconnected or has no load
WARNING: [Synth 8-7129] Port RD_DATA_COUNT_I[0] in module output_blk is either unconnected or has no load
WARNING: [Synth 8-7129] Port SBITERR_I in module output_blk is either unconnected or has no load
WARNING: [Synth 8-7129] Port DBITERR_I in module output_blk is either unconnected or has no load
WARNING: [Synth 8-7129] Port DOUT[35] in module builtin_prim is either unconnected or has no load
WARNING: [Synth 8-7129] Port DOUT[34] in module builtin_prim is either unconnected or has no load
WARNING: [Synth 8-7129] Port DOUT[33] in module builtin_prim is either unconnected or has no load
WARNING: [Synth 8-7129] Port DOUT[32] in module builtin_prim is either unconnected or has no load
WARNING: [Synth 8-7129] Port CASCADE_DOUT[35] in module builtin_prim is either unconnected or has no load
WARNING: [Synth 8-7129] Port CASCADE_DOUT[34] in module builtin_prim is either unconnected or has no load
WARNING: [Synth 8-7129] Port CASCADE_DOUT[33] in module builtin_prim is either unconnected or has no load
WARNING: [Synth 8-7129] Port CASCADE_DOUT[32] in module builtin_prim is either unconnected or has no load
WARNING: [Synth 8-7129] Port DIN[8] in module builtin_prim is either unconnected or has no load
WARNING: [Synth 8-7129] Port CASCADE_DIN[8] in module builtin_prim is either unconnected or has no load
WARNING: [Synth 8-7129] Port INT_CLK in module builtin_extdepth is either unconnected or has no load
WARNING: [Synth 8-7129] Port WR_RST in module builtin_extdepth is either unconnected or has no load
WARNING: [Synth 8-7129] Port RD_RST in module builtin_extdepth is either unconnected or has no load
WARNING: [Synth 8-7129] Port CLK in module input_blk is either unconnected or has no load
WARNING: [Synth 8-7129] Port INT_CLK in module input_blk is either unconnected or has no load
WARNING: [Synth 8-7129] Port PROG_EMPTY_THRESH[9] in module input_blk is either unconnected or has no load
WARNING: [Synth 8-7129] Port PROG_EMPTY_THRESH[8] in module input_blk is either unconnected or has no load
WARNING: [Synth 8-7129] Port PROG_EMPTY_THRESH[7] in module input_blk is either unconnected or has no load
WARNING: [Synth 8-7129] Port PROG_EMPTY_THRESH[6] in module input_blk is either unconnected or has no load
WARNING: [Synth 8-7129] Port PROG_EMPTY_THRESH[5] in module input_blk is either unconnected or has no load
WARNING: [Synth 8-7129] Port PROG_EMPTY_THRESH[4] in module input_blk is either unconnected or has no load
WARNING: [Synth 8-7129] Port PROG_EMPTY_THRESH[3] in module input_blk is either unconnected or has no load
WARNING: [Synth 8-7129] Port PROG_EMPTY_THRESH[2] in module input_blk is either unconnected or has no load
WARNING: [Synth 8-7129] Port PROG_EMPTY_THRESH[1] in module input_blk is either unconnected or has no load
WARNING: [Synth 8-7129] Port PROG_EMPTY_THRESH[0] in module input_blk is either unconnected or has no load
WARNING: [Synth 8-7129] Port PROG_EMPTY_THRESH_ASSERT[9] in module input_blk is either unconnected or has no load
WARNING: [Synth 8-7129] Port PROG_EMPTY_THRESH_ASSERT[8] in module input_blk is either unconnected or has no load
WARNING: [Synth 8-7129] Port PROG_EMPTY_THRESH_ASSERT[7] in module input_blk is either unconnected or has no load
WARNING: [Synth 8-7129] Port PROG_EMPTY_THRESH_ASSERT[6] in module input_blk is either unconnected or has no load
WARNING: [Synth 8-7129] Port PROG_EMPTY_THRESH_ASSERT[5] in module input_blk is either unconnected or has no load
WARNING: [Synth 8-7129] Port PROG_EMPTY_THRESH_ASSERT[4] in module input_blk is either unconnected or has no load
WARNING: [Synth 8-7129] Port PROG_EMPTY_THRESH_ASSERT[3] in module input_blk is either unconnected or has no load
WARNING: [Synth 8-7129] Port PROG_EMPTY_THRESH_ASSERT[2] in module input_blk is either unconnected or has no load
WARNING: [Synth 8-7129] Port PROG_EMPTY_THRESH_ASSERT[1] in module input_blk is either unconnected or has no load
WARNING: [Synth 8-7129] Port PROG_EMPTY_THRESH_ASSERT[0] in module input_blk is either unconnected or has no load
WARNING: [Synth 8-7129] Port PROG_EMPTY_THRESH_NEGATE[9] in module input_blk is either unconnected or has no load
WARNING: [Synth 8-7129] Port PROG_EMPTY_THRESH_NEGATE[8] in module input_blk is either unconnected or has no load
WARNING: [Synth 8-7129] Port PROG_EMPTY_THRESH_NEGATE[7] in module input_blk is either unconnected or has no load
WARNING: [Synth 8-7129] Port PROG_EMPTY_THRESH_NEGATE[6] in module input_blk is either unconnected or has no load
WARNING: [Synth 8-7129] Port PROG_EMPTY_THRESH_NEGATE[5] in module input_blk is either unconnected or has no load
WARNING: [Synth 8-7129] Port PROG_EMPTY_THRESH_NEGATE[4] in module input_blk is either unconnected or has no load
WARNING: [Synth 8-7129] Port PROG_EMPTY_THRESH_NEGATE[3] in module input_blk is either unconnected or has no load
WARNING: [Synth 8-7129] Port PROG_EMPTY_THRESH_NEGATE[2] in module input_blk is either unconnected or has no load
WARNING: [Synth 8-7129] Port PROG_EMPTY_THRESH_NEGATE[1] in module input_blk is either unconnected or has no load
WARNING: [Synth 8-7129] Port PROG_EMPTY_THRESH_NEGATE[0] in module input_blk is either unconnected or has no load
WARNING: [Synth 8-7129] Port PROG_FULL_THRESH[11] in module input_blk is either unconnected or has no load
WARNING: [Synth 8-7129] Port PROG_FULL_THRESH[10] in module input_blk is either unconnected or has no load
WARNING: [Synth 8-7129] Port PROG_FULL_THRESH[9] in module input_blk is either unconnected or has no load
WARNING: [Synth 8-7129] Port PROG_FULL_THRESH[8] in module input_blk is either unconnected or has no load
WARNING: [Synth 8-7129] Port PROG_FULL_THRESH[7] in module input_blk is either unconnected or has no load
WARNING: [Synth 8-7129] Port PROG_FULL_THRESH[6] in module input_blk is either unconnected or has no load
INFO: [Common 17-14] Message 'Synth 8-7129' appears 100 times and further instances of the messages will be disabled. Use the Tcl command set_msg_config to change the current settings.
---------------------------------------------------------------------------------
Finished RTL Elaboration : Time (s): cpu = 00:00:09 ; elapsed = 00:00:13 . Memory (MB): peak = 2776.527 ; gain = 528.738 ; free physical = 2438 ; free virtual = 34353
---------------------------------------------------------------------------------
---------------------------------------------------------------------------------
Start Handling Custom Attributes
---------------------------------------------------------------------------------
---------------------------------------------------------------------------------
Finished Handling Custom Attributes : Time (s): cpu = 00:00:09 ; elapsed = 00:00:13 . Memory (MB): peak = 2776.527 ; gain = 528.738 ; free physical = 2437 ; free virtual = 34353
---------------------------------------------------------------------------------
---------------------------------------------------------------------------------
Finished RTL Optimization Phase 1 : Time (s): cpu = 00:00:09 ; elapsed = 00:00:13 . Memory (MB): peak = 2776.527 ; gain = 528.738 ; free physical = 2437 ; free virtual = 34353
---------------------------------------------------------------------------------
Netlist sorting complete. Time (s): cpu = 00:00:00.08 ; elapsed = 00:00:00.08 . Memory (MB): peak = 2784.527 ; gain = 0.000 ; free physical = 2398 ; free virtual = 34316
INFO: [Project 1-570] Preparing netlist for logic optimization

Processing XDC Constraints
Initializing timing engine
Parsing XDC File [/home/ug3linux/UG3-HeadWornUnit-V2-Firmware/seeg/seeg.gen/sources_1/bd/main/bd/recording_inst_0/ip/recording_inst_0_rhd_axi_0_0/recording_inst_0_rhd_axi_0_0_ooc.xdc] for cell 'inst'
Finished Parsing XDC File [/home/ug3linux/UG3-HeadWornUnit-V2-Firmware/seeg/seeg.gen/sources_1/bd/main/bd/recording_inst_0/ip/recording_inst_0_rhd_axi_0_0/recording_inst_0_rhd_axi_0_0_ooc.xdc] for cell 'inst'
Parsing XDC File [/home/ug3linux/UG3-HeadWornUnit-V2-Firmware/seeg/seeg.gen/sources_1/ip/fifo_generator_0/fifo_generator_0.xdc] for cell 'inst/rhd_S00_AXI/rhd/fifo_inst/U0'
Finished Parsing XDC File [/home/ug3linux/UG3-HeadWornUnit-V2-Firmware/seeg/seeg.gen/sources_1/ip/fifo_generator_0/fifo_generator_0.xdc] for cell 'inst/rhd_S00_AXI/rhd/fifo_inst/U0'
Parsing XDC File [/home/ug3linux/UG3-HeadWornUnit-V2-Firmware/seeg/seeg.runs/recording_inst_0_rhd_axi_0_0_synth_1/dont_touch.xdc]
Finished Parsing XDC File [/home/ug3linux/UG3-HeadWornUnit-V2-Firmware/seeg/seeg.runs/recording_inst_0_rhd_axi_0_0_synth_1/dont_touch.xdc]
INFO: [Project 1-236] Implementation specific constraints were found while reading constraint file [/home/ug3linux/UG3-HeadWornUnit-V2-Firmware/seeg/seeg.runs/recording_inst_0_rhd_axi_0_0_synth_1/dont_touch.xdc]. These constraints will be ignored for synthesis but will be used in implementation. Impacted constraints are listed in the file [.Xil/recording_inst_0_rhd_axi_0_0_propImpl.xdc].
Resolution: To avoid this warning, move constraints listed in [.Xil/recording_inst_0_rhd_axi_0_0_propImpl.xdc] to another XDC file and exclude this new file from synthesis with the used_in_synthesis property (File Properties dialog in GUI) and re-run elaboration/synthesis.
Parsing XDC File [/home/ug3linux/UG3-HeadWornUnit-V2-Firmware/seeg/seeg.gen/sources_1/ip/fifo_generator_0/fifo_generator_0_clocks.xdc] for cell 'inst/rhd_S00_AXI/rhd/fifo_inst/U0'
Finished Parsing XDC File [/home/ug3linux/UG3-HeadWornUnit-V2-Firmware/seeg/seeg.gen/sources_1/ip/fifo_generator_0/fifo_generator_0_clocks.xdc] for cell 'inst/rhd_S00_AXI/rhd/fifo_inst/U0'
INFO: [Project 1-236] Implementation specific constraints were found while reading constraint file [/tools/Xilinx/Vivado/2023.1/data/ip/xpm/xpm_cdc/tcl/xpm_cdc_single.tcl]. These constraints will be ignored for synthesis but will be used in implementation. Impacted constraints are listed in the file [.Xil/recording_inst_0_rhd_axi_0_0_propImpl.xdc].
Resolution: To avoid this warning, move constraints listed in [.Xil/recording_inst_0_rhd_axi_0_0_propImpl.xdc] to another XDC file and exclude this new file from synthesis with the used_in_synthesis property (File Properties dialog in GUI) and re-run elaboration/synthesis.
INFO: [Project 1-1714] 3 XPM XDC files have been applied to the design.
Completed Processing XDC Constraints

Netlist sorting complete. Time (s): cpu = 00:00:00 ; elapsed = 00:00:00 . Memory (MB): peak = 2868.699 ; gain = 0.000 ; free physical = 6723 ; free virtual = 38844
INFO: [Project 1-111] Unisim Transformation Summary:
No Unisim elements were transformed.

Constraint Validation Runtime : Time (s): cpu = 00:00:00.07 ; elapsed = 00:00:00.05 . Memory (MB): peak = 2868.699 ; gain = 0.000 ; free physical = 6709 ; free virtual = 38829
INFO: [Designutils 20-5008] Incremental synthesis strategy off
---------------------------------------------------------------------------------
Finished Constraint Validation : Time (s): cpu = 00:00:20 ; elapsed = 00:00:23 . Memory (MB): peak = 2868.699 ; gain = 620.910 ; free physical = 5655 ; free virtual = 37793
---------------------------------------------------------------------------------
---------------------------------------------------------------------------------
Start Loading Part and Timing Information
---------------------------------------------------------------------------------
Loading part: xck26-sfvc784-2LV-c
INFO: [Synth 8-6742] Reading net delay rules and data
---------------------------------------------------------------------------------
Finished Loading Part and Timing Information : Time (s): cpu = 00:00:20 ; elapsed = 00:00:23 . Memory (MB): peak = 2868.699 ; gain = 620.910 ; free physical = 5654 ; free virtual = 37792
---------------------------------------------------------------------------------
---------------------------------------------------------------------------------
Start Applying 'set_property' XDC Constraints
---------------------------------------------------------------------------------
Applied set_property KEEP_HIERARCHY = SOFT for inst/rhd_S00_AXI/rhd/fifo_inst/U0. (constraint file  /home/ug3linux/UG3-HeadWornUnit-V2-Firmware/seeg/seeg.runs/recording_inst_0_rhd_axi_0_0_synth_1/dont_touch.xdc, line 21).
Applied set_property KEEP_HIERARCHY = SOFT for inst. (constraint file  /home/ug3linux/UG3-HeadWornUnit-V2-Firmware/seeg/seeg.runs/recording_inst_0_rhd_axi_0_0_synth_1/dont_touch.xdc, line 28).
Applied set_property KEEP_HIERARCHY = SOFT for inst/rhd_S00_AXI/rhd/xpm_cdc_1bit_inst_1. (constraint file  auto generated constraint).
Applied set_property KEEP_HIERARCHY = SOFT for inst/rhd_S00_AXI/rhd/xpm_cdc_1bit_inst_2. (constraint file  auto generated constraint).
Applied set_property KEEP_HIERARCHY = SOFT for inst/rhd_S00_AXI/rhd/xpm_cdc_5bit_inst_3. (constraint file  auto generated constraint).
Applied set_property KEEP_HIERARCHY = SOFT for inst/rhd_S00_AXI/rhd/xpm_cdc_1bit_inst_1/xpm_cdc_0. (constraint file  auto generated constraint).
Applied set_property KEEP_HIERARCHY = SOFT for inst/rhd_S00_AXI/rhd/xpm_cdc_1bit_inst_2/xpm_cdc_0. (constraint file  auto generated constraint).
Applied set_property KEEP_HIERARCHY = SOFT for inst/rhd_S00_AXI/rhd/xpm_cdc_5bit_inst_3/xpm_cdc_0. (constraint file  auto generated constraint).
Applied set_property KEEP_HIERARCHY = SOFT for inst/rhd_S00_AXI/rhd/fifo_inst. (constraint file  auto generated constraint).
Applied set_property KEEP_HIERARCHY = SOFT for inst/rhd_S00_AXI/rhd/xpm_cdc_1bit_inst_1/xpm_cdc_0/inst/xsingle. (constraint file  auto generated constraint).
Applied set_property KEEP_HIERARCHY = SOFT for inst/rhd_S00_AXI/rhd/xpm_cdc_1bit_inst_2/xpm_cdc_0/inst/xsingle. (constraint file  auto generated constraint).
Applied set_property KEEP_HIERARCHY = SOFT for inst/rhd_S00_AXI/rhd/xpm_cdc_5bit_inst_3/xpm_cdc_0/inst/xsingle. (constraint file  auto generated constraint).
---------------------------------------------------------------------------------
Finished applying 'set_property' XDC Constraints : Time (s): cpu = 00:00:20 ; elapsed = 00:00:23 . Memory (MB): peak = 2868.699 ; gain = 620.910 ; free physical = 5644 ; free virtual = 37783
---------------------------------------------------------------------------------
INFO: [Synth 8-802] inferred FSM for state register 'main_state_reg' in module 'rhd'
---------------------------------------------------------------------------------------------------
                   State |                     New Encoding |                Previous Encoding 
---------------------------------------------------------------------------------------------------
                 ms_wait |                          0000000 |                          0000000
                 ms_cs_n |                          0000001 |                          0000001
               ms_clk1_a |                          0000010 |                          0000010
               ms_clk1_b |                          0000011 |                          0000011
               ms_clk1_c |                          0000100 |                          0000100
               ms_clk1_d |                          0000101 |                          0000101
               ms_clk2_a |                          0000110 |                          0000110
               ms_clk2_b |                          0000111 |                          0000111
               ms_clk2_c |                          0001000 |                          0001000
               ms_clk2_d |                          0001001 |                          0001001
               ms_clk3_a |                          0001010 |                          0001010
               ms_clk3_b |                          0001011 |                          0001011
               ms_clk3_c |                          0001100 |                          0001100
               ms_clk3_d |                          0001101 |                          0001101
               ms_clk4_a |                          0001110 |                          0001110
               ms_clk4_b |                          0001111 |                          0001111
               ms_clk4_c |                          0010000 |                          0010000
               ms_clk4_d |                          0010001 |                          0010001
               ms_clk5_a |                          0010010 |                          0010010
               ms_clk5_b |                          0010011 |                          0010011
               ms_clk5_c |                          0010100 |                          0010100
               ms_clk5_d |                          0010101 |                          0010101
               ms_clk6_a |                          0010110 |                          0010110
               ms_clk6_b |                          0010111 |                          0010111
               ms_clk6_c |                          0011000 |                          0011000
               ms_clk6_d |                          0011001 |                          0011001
               ms_clk7_a |                          0011010 |                          0011010
               ms_clk7_b |                          0011011 |                          0011011
               ms_clk7_c |                          0011100 |                          0011100
               ms_clk7_d |                          0011101 |                          0011101
               ms_clk8_a |                          0011110 |                          0011110
               ms_clk8_b |                          0011111 |                          0011111
               ms_clk8_c |                          0100000 |                          0100000
               ms_clk8_d |                          0100001 |                          0100001
               ms_clk9_a |                          0100010 |                          0100010
               ms_clk9_b |                          0100011 |                          0100011
               ms_clk9_c |                          0100100 |                          0100100
               ms_clk9_d |                          0100101 |                          0100101
              ms_clk10_a |                          0100110 |                          0100110
              ms_clk10_b |                          0100111 |                          0100111
              ms_clk10_c |                          0101000 |                          0101000
              ms_clk10_d |                          0101001 |                          0101001
              ms_clk11_a |                          0101010 |                          0101010
              ms_clk11_b |                          0101011 |                          0101011
              ms_clk11_c |                          0101100 |                          0101100
              ms_clk11_d |                          0101101 |                          0101101
              ms_clk12_a |                          0101110 |                          0101110
              ms_clk12_b |                          0101111 |                          0101111
              ms_clk12_c |                          0110000 |                          0110000
              ms_clk12_d |                          0110001 |                          0110001
              ms_clk13_a |                          0110010 |                          0110010
              ms_clk13_b |                          0110011 |                          0110011
              ms_clk13_c |                          0110100 |                          0110100
              ms_clk13_d |                          0110101 |                          0110101
              ms_clk14_a |                          0110110 |                          0110110
              ms_clk14_b |                          0110111 |                          0110111
              ms_clk14_c |                          0111000 |                          0111000
              ms_clk14_d |                          0111001 |                          0111001
              ms_clk15_a |                          0111010 |                          0111010
              ms_clk15_b |                          0111011 |                          0111011
              ms_clk15_c |                          0111100 |                          0111100
              ms_clk15_d |                          0111101 |                          0111101
              ms_clk16_a |                          0111110 |                          0111110
              ms_clk16_b |                          0111111 |                          0111111
              ms_clk16_c |                          1000000 |                          1000000
              ms_clk16_d |                          1000001 |                          1000001
              ms_clk17_a |                          1000010 |                          1000010
              ms_clk17_b |                          1000011 |                          1000011
                 ms_cs_a |                          1000100 |                          1000100
                 ms_cs_b |                          1000101 |                          1000101
                 ms_cs_c |                          1000110 |                          1000110
                 ms_cs_d |                          1000111 |                          1000111
                 ms_cs_e |                          1001000 |                          1001000
                 ms_cs_f |                          1001001 |                          1001001
                 ms_cs_g |                          1001010 |                          1001010
                 ms_cs_h |                          1001011 |                          1001011
                 ms_cs_i |                          1001100 |                          1001100
                 ms_cs_j |                          1001101 |                          1001101
                 ms_cs_k |                          1001110 |                          1001110
                 ms_cs_l |                          1001111 |                          1001111
                 ms_cs_m |                          1010000 |                          1010000
---------------------------------------------------------------------------------------------------
INFO: [Synth 8-3354] encoded FSM with state register 'main_state_reg' using encoding 'sequential' in module 'rhd'
---------------------------------------------------------------------------------
Finished RTL Optimization Phase 2 : Time (s): cpu = 00:00:31 ; elapsed = 00:00:35 . Memory (MB): peak = 4406.684 ; gain = 2158.895 ; free physical = 11461 ; free virtual = 43640
---------------------------------------------------------------------------------
---------------------------------------------------------------------------------
Start RTL Component Statistics 
---------------------------------------------------------------------------------
Detailed RTL Component Info : 
+---Adders : 
	   2 Input   17 Bit       Adders := 1     
	   2 Input   16 Bit       Adders := 1     
	   2 Input   12 Bit       Adders := 31    
	   2 Input   11 Bit       Adders := 16    
	   2 Input   10 Bit       Adders := 8     
	   2 Input    9 Bit       Adders := 4     
	   2 Input    8 Bit       Adders := 3     
	   2 Input    7 Bit       Adders := 66    
	   2 Input    6 Bit       Adders := 2     
	   2 Input    5 Bit       Adders := 65    
+---Registers : 
	               74 Bit    Registers := 32    
	               64 Bit    Registers := 1     
	               32 Bit    Registers := 5     
	               17 Bit    Registers := 1     
	               16 Bit    Registers := 69    
	               12 Bit    Registers := 31    
	               11 Bit    Registers := 16    
	               10 Bit    Registers := 8     
	                9 Bit    Registers := 4     
	                8 Bit    Registers := 3     
	                7 Bit    Registers := 34    
	                6 Bit    Registers := 2     
	                5 Bit    Registers := 36    
	                4 Bit    Registers := 3     
	                2 Bit    Registers := 2     
	                1 Bit    Registers := 55    
+---Muxes : 
	  81 Input   74 Bit        Muxes := 33    
	   2 Input   64 Bit        Muxes := 1     
	   2 Input   32 Bit        Muxes := 4     
	   4 Input   32 Bit        Muxes := 5     
	  81 Input   16 Bit        Muxes := 2     
	   2 Input   16 Bit        Muxes := 36    
	   4 Input   16 Bit        Muxes := 1     
	  22 Input   16 Bit        Muxes := 1     
	  81 Input    8 Bit        Muxes := 1     
	   2 Input    8 Bit        Muxes := 2     
	  81 Input    7 Bit        Muxes := 1     
	   2 Input    7 Bit        Muxes := 2     
	  81 Input    6 Bit        Muxes := 1     
	   2 Input    6 Bit        Muxes := 4     
	  81 Input    5 Bit        Muxes := 1     
	   2 Input    5 Bit        Muxes := 2     
	   2 Input    2 Bit        Muxes := 2     
	  22 Input    2 Bit        Muxes := 1     
	  81 Input    1 Bit        Muxes := 23    
	   2 Input    1 Bit        Muxes := 177   
	  22 Input    1 Bit        Muxes := 4     
---------------------------------------------------------------------------------
Finished RTL Component Statistics 
---------------------------------------------------------------------------------
---------------------------------------------------------------------------------
Start Part Resource Summary
---------------------------------------------------------------------------------
Part Resources:
DSPs: 1248 (col length:96)
BRAMs: 288 (col length: RAMB18 96 RAMB36 48)
---------------------------------------------------------------------------------
Finished Part Resource Summary
---------------------------------------------------------------------------------
---------------------------------------------------------------------------------
Start Cross Boundary and Area Optimization
---------------------------------------------------------------------------------
INFO: [Common 17-14] Message 'Synth 8-7129' appears 100 times and further instances of the messages will be disabled. Use the Tcl command set_msg_config to change the current settings.
INFO: [Synth 8-3886] merging instance 'ZCheck_cmd_1_reg[1]' (FDRE) to 'ZCheck_cmd_1_reg[7]'
INFO: [Synth 8-3886] merging instance 'ZCheck_cmd_1_reg[2]' (FDRE) to 'ZCheck_cmd_1_reg[7]'
INFO: [Synth 8-3886] merging instance 'ZCheck_cmd_1_reg[5]' (FDRE) to 'ZCheck_cmd_1_reg[7]'
INFO: [Synth 8-3333] propagating constant 0 across sequential element (\ZCheck_cmd_1_reg[7] )
INFO: [Synth 8-3886] merging instance 'ZCheck_cmd_1_reg[8]' (FDRE) to 'ZCheck_cmd_1_reg[15]'
INFO: [Synth 8-3886] merging instance 'ZCheck_cmd_2_reg[9]' (FDRE) to 'ZCheck_cmd_2_reg[15]'
INFO: [Synth 8-3886] merging instance 'ZCheck_cmd_1_reg[9]' (FDRE) to 'ZCheck_cmd_1_reg[11]'
INFO: [Synth 8-3886] merging instance 'ZCheck_cmd_2_reg[10]' (FDRE) to 'ZCheck_cmd_2_reg[15]'
INFO: [Synth 8-3886] merging instance 'ZCheck_cmd_1_reg[10]' (FDRE) to 'ZCheck_cmd_1_reg[15]'
INFO: [Synth 8-3886] merging instance 'ZCheck_cmd_2_reg[11]' (FDRE) to 'ZCheck_cmd_2_reg[14]'
INFO: [Synth 8-3886] merging instance 'ZCheck_cmd_1_reg[11]' (FDRE) to 'ZCheck_cmd_1_reg[12]'
INFO: [Synth 8-3886] merging instance 'ZCheck_cmd_2_reg[12]' (FDRE) to 'ZCheck_cmd_2_reg[14]'
INFO: [Synth 8-3886] merging instance 'ZCheck_cmd_1_reg[12]' (FDRE) to 'ZCheck_cmd_1_reg[13]'
INFO: [Synth 8-3886] merging instance 'ZCheck_cmd_2_reg[13]' (FDRE) to 'ZCheck_cmd_2_reg[14]'
INFO: [Synth 8-3886] merging instance 'ZCheck_cmd_1_reg[13]' (FDRE) to 'ZCheck_cmd_1_reg[14]'
INFO: [Synth 8-3333] propagating constant 0 across sequential element (\ZCheck_cmd_2_reg[14] )
---------------------------------------------------------------------------------
Finished Cross Boundary and Area Optimization : Time (s): cpu = 00:00:41 ; elapsed = 00:01:01 . Memory (MB): peak = 4410.605 ; gain = 2162.816 ; free physical = 17548 ; free virtual = 49782
---------------------------------------------------------------------------------
---------------------------------------------------------------------------------
Start Applying XDC Timing Constraints
---------------------------------------------------------------------------------
---------------------------------------------------------------------------------
Finished Applying XDC Timing Constraints : Time (s): cpu = 00:00:46 ; elapsed = 00:01:07 . Memory (MB): peak = 4480.387 ; gain = 2232.598 ; free physical = 17548 ; free virtual = 49783
---------------------------------------------------------------------------------
---------------------------------------------------------------------------------
Start Timing Optimization
---------------------------------------------------------------------------------
---------------------------------------------------------------------------------
Finished Timing Optimization : Time (s): cpu = 00:00:46 ; elapsed = 00:01:08 . Memory (MB): peak = 4480.387 ; gain = 2232.598 ; free physical = 17546 ; free virtual = 49783
---------------------------------------------------------------------------------
---------------------------------------------------------------------------------
Start Technology Mapping
---------------------------------------------------------------------------------
---------------------------------------------------------------------------------
Finished Technology Mapping : Time (s): cpu = 00:00:47 ; elapsed = 00:01:15 . Memory (MB): peak = 4492.312 ; gain = 2244.523 ; free physical = 16967 ; free virtual = 49207
---------------------------------------------------------------------------------
---------------------------------------------------------------------------------
Start IO Insertion
---------------------------------------------------------------------------------
---------------------------------------------------------------------------------
Start Flattening Before IO Insertion
---------------------------------------------------------------------------------
---------------------------------------------------------------------------------
Finished Flattening Before IO Insertion
---------------------------------------------------------------------------------
---------------------------------------------------------------------------------
Start Final Netlist Cleanup
---------------------------------------------------------------------------------
---------------------------------------------------------------------------------
Finished Final Netlist Cleanup
---------------------------------------------------------------------------------
---------------------------------------------------------------------------------
Finished IO Insertion : Time (s): cpu = 00:00:49 ; elapsed = 00:01:17 . Memory (MB): peak = 4492.312 ; gain = 2244.523 ; free physical = 16967 ; free virtual = 49207
---------------------------------------------------------------------------------
---------------------------------------------------------------------------------
Start Renaming Generated Instances
---------------------------------------------------------------------------------
---------------------------------------------------------------------------------
Finished Renaming Generated Instances : Time (s): cpu = 00:00:49 ; elapsed = 00:01:17 . Memory (MB): peak = 4492.312 ; gain = 2244.523 ; free physical = 16967 ; free virtual = 49207
---------------------------------------------------------------------------------
---------------------------------------------------------------------------------
Start Rebuilding User Hierarchy
---------------------------------------------------------------------------------
---------------------------------------------------------------------------------
Finished Rebuilding User Hierarchy : Time (s): cpu = 00:00:49 ; elapsed = 00:01:17 . Memory (MB): peak = 4492.312 ; gain = 2244.523 ; free physical = 16967 ; free virtual = 49207
---------------------------------------------------------------------------------
---------------------------------------------------------------------------------
Start Renaming Generated Ports
---------------------------------------------------------------------------------
---------------------------------------------------------------------------------
Finished Renaming Generated Ports : Time (s): cpu = 00:00:49 ; elapsed = 00:01:17 . Memory (MB): peak = 4492.312 ; gain = 2244.523 ; free physical = 16967 ; free virtual = 49207
---------------------------------------------------------------------------------
---------------------------------------------------------------------------------
Start Handling Custom Attributes
---------------------------------------------------------------------------------
---------------------------------------------------------------------------------
Finished Handling Custom Attributes : Time (s): cpu = 00:00:50 ; elapsed = 00:01:18 . Memory (MB): peak = 4492.312 ; gain = 2244.523 ; free physical = 16967 ; free virtual = 49207
---------------------------------------------------------------------------------
---------------------------------------------------------------------------------
Start Renaming Generated Nets
---------------------------------------------------------------------------------
---------------------------------------------------------------------------------
Finished Renaming Generated Nets : Time (s): cpu = 00:00:50 ; elapsed = 00:01:18 . Memory (MB): peak = 4492.312 ; gain = 2244.523 ; free physical = 16967 ; free virtual = 49207
---------------------------------------------------------------------------------
---------------------------------------------------------------------------------
Start Writing Synthesis Report
---------------------------------------------------------------------------------

Report BlackBoxes: 
+-+--------------+----------+
| |BlackBox name |Instances |
+-+--------------+----------+
+-+--------------+----------+

Report Cell Usage: 
+------+---------+------+
|      |Cell     |Count |
+------+---------+------+
|1     |FIFO36E2 |     2|
|2     |LUT1     |    43|
|3     |LUT2     |    91|
|4     |LUT3     |   170|
|5     |LUT4     |   700|
|6     |LUT5     |   364|
|7     |LUT6     |  4548|
|8     |MUXF7    |   121|
|9     |FDRE     |  4012|
|10    |FDSE     |    35|
+------+---------+------+
---------------------------------------------------------------------------------
Finished Writing Synthesis Report : Time (s): cpu = 00:00:50 ; elapsed = 00:01:18 . Memory (MB): peak = 4492.312 ; gain = 2244.523 ; free physical = 16967 ; free virtual = 49207
---------------------------------------------------------------------------------
Synthesis finished with 0 errors, 0 critical warnings and 107 warnings.
Synthesis Optimization Runtime : Time (s): cpu = 00:00:46 ; elapsed = 00:01:12 . Memory (MB): peak = 4492.312 ; gain = 2152.352 ; free physical = 24659 ; free virtual = 56899
Synthesis Optimization Complete : Time (s): cpu = 00:00:52 ; elapsed = 00:01:19 . Memory (MB): peak = 4492.312 ; gain = 2244.523 ; free physical = 24659 ; free virtual = 56892
INFO: [Project 1-571] Translating synthesized netlist
Netlist sorting complete. Time (s): cpu = 00:00:00.03 ; elapsed = 00:00:00.04 . Memory (MB): peak = 4492.312 ; gain = 0.000 ; free physical = 24659 ; free virtual = 56892
INFO: [Netlist 29-17] Analyzing 121 Unisim elements for replacement
INFO: [Netlist 29-28] Unisim Transformation completed in 0 CPU seconds
INFO: [Project 1-570] Preparing netlist for logic optimization
INFO: [Opt 31-138] Pushed 0 inverter(s) to 0 load pin(s).
Netlist sorting complete. Time (s): cpu = 00:00:00 ; elapsed = 00:00:00 . Memory (MB): peak = 4536.414 ; gain = 0.000 ; free physical = 24659 ; free virtual = 56892
INFO: [Project 1-111] Unisim Transformation Summary:
No Unisim elements were transformed.

Synth Design complete | Checksum: ee56e806
INFO: [Common 17-83] Releasing license: Synthesis
136 Infos, 141 Warnings, 0 Critical Warnings and 0 Errors encountered.
synth_design completed successfully
synth_design: Time (s): cpu = 00:00:57 ; elapsed = 00:01:25 . Memory (MB): peak = 4536.414 ; gain = 3209.719 ; free physical = 24659 ; free virtual = 56892
INFO: [Common 17-2834] synth_design peak Physical Memory [PSS] (MB): overall = 11218.562; main = 3936.227; forked = 7621.333
INFO: [Common 17-2834] synth_design peak Virtual Memory [VSS] (MB): overall = 16164.754; main = 4536.418; forked = 11676.355
INFO: [Coretcl 2-1174] Renamed 122 cell refs.
INFO: [Common 17-1381] The checkpoint '/home/ug3linux/UG3-HeadWornUnit-V2-Firmware/seeg/seeg.runs/recording_inst_0_rhd_axi_0_0_synth_1/recording_inst_0_rhd_axi_0_0.dcp' has been generated.
INFO: [runtcl-4] Executing : report_utilization -file recording_inst_0_rhd_axi_0_0_utilization_synth.rpt -pb recording_inst_0_rhd_axi_0_0_utilization_synth.pb
INFO: [Common 17-206] Exiting Vivado at Wed Dec 20 23:32:45 2023...
