
*** Running vivado
    with args -log recording_inst_0_util_vector_logic_0_0.vds -m64 -product Vivado -mode batch -messageDb vivado.pb -notrace -source recording_inst_0_util_vector_logic_0_0.tcl


ECHO is off.
ECHO is off.

****** Vivado v2023.1 (64-bit)
  **** SW Build 3865809 on Sun May  7 15:05:29 MDT 2023
  **** IP Build 3864474 on Sun May  7 20:36:21 MDT 2023
  **** SharedData Build 3865790 on Sun May 07 13:33:03 MDT 2023
    ** Copyright 1986-2022 Xilinx, Inc. All Rights Reserved.
    ** Copyright 2022-2023 Advanced Micro Devices, Inc. All Rights Reserved.

source recording_inst_0_util_vector_logic_0_0.tcl -notrace
create_project: Time (s): cpu = 00:00:03 ; elapsed = 00:00:21 . Memory (MB): peak = 454.359 ; gain = 159.305
INFO: [IP_Flow 19-6924] IPCACHE: Running cache check for IP inst: recording_inst_0_util_vector_logic_0_0
INFO: [IP_Flow 19-6922] IPCACHE: Exporting cached entry 395119663e18161f to dir: C:/Repos/UG3-HeadWornUnit-V2-Firmware/seeg/seeg.runs/recording_inst_0_util_vector_logic_0_0_synth_1
INFO: [IP_Flow 19-6928] IPCACHE: copied cached file c:/Repos/UG3-HeadWornUnit-V2-Firmware/seeg/seeg.cache/ip/2023.1/3/9/395119663e18161f/stimulation_inst_0_util_vector_logic_0_0.dcp to C:/Repos/UG3-HeadWornUnit-V2-Firmware/seeg/seeg.runs/recording_inst_0_util_vector_logic_0_0_synth_1/recording_inst_0_util_vector_logic_0_0.dcp.
INFO: [IP_Flow 19-6928] IPCACHE: copied cached file c:/Repos/UG3-HeadWornUnit-V2-Firmware/seeg/seeg.cache/ip/2023.1/3/9/395119663e18161f/stimulation_inst_0_util_vector_logic_0_0_sim_netlist.v to C:/Repos/UG3-HeadWornUnit-V2-Firmware/seeg/seeg.runs/recording_inst_0_util_vector_logic_0_0_synth_1/recording_inst_0_util_vector_logic_0_0_sim_netlist.v.
INFO: [IP_Flow 19-6928] IPCACHE: copied cached file c:/Repos/UG3-HeadWornUnit-V2-Firmware/seeg/seeg.cache/ip/2023.1/3/9/395119663e18161f/stimulation_inst_0_util_vector_logic_0_0_sim_netlist.vhdl to C:/Repos/UG3-HeadWornUnit-V2-Firmware/seeg/seeg.runs/recording_inst_0_util_vector_logic_0_0_synth_1/recording_inst_0_util_vector_logic_0_0_sim_netlist.vhdl.
INFO: [IP_Flow 19-6928] IPCACHE: copied cached file c:/Repos/UG3-HeadWornUnit-V2-Firmware/seeg/seeg.cache/ip/2023.1/3/9/395119663e18161f/stimulation_inst_0_util_vector_logic_0_0_stub.v to C:/Repos/UG3-HeadWornUnit-V2-Firmware/seeg/seeg.runs/recording_inst_0_util_vector_logic_0_0_synth_1/recording_inst_0_util_vector_logic_0_0_stub.v.
INFO: [IP_Flow 19-6928] IPCACHE: copied cached file c:/Repos/UG3-HeadWornUnit-V2-Firmware/seeg/seeg.cache/ip/2023.1/3/9/395119663e18161f/stimulation_inst_0_util_vector_logic_0_0_stub.vhdl to C:/Repos/UG3-HeadWornUnit-V2-Firmware/seeg/seeg.runs/recording_inst_0_util_vector_logic_0_0_synth_1/recording_inst_0_util_vector_logic_0_0_stub.vhdl.
INFO: [IP_Flow 19-4838] Using cached IP synthesis design for IP recording_inst_0_util_vector_logic_0_0, cache-ID = 395119663e18161f.
INFO: [Common 17-206] Exiting Vivado at Thu Dec 14 13:15:25 2023...
