Copyright 1986-2022 Xilinx, Inc. All Rights Reserved. Copyright 2022-2023 Advanced Micro Devices, Inc. All Rights Reserved.
----------------------------------------------------------------------------------------------------------------------------------------------------------
| Tool Version     : Vivado v.2023.1 (win64) Build 3865809 Sun May  7 15:05:29 MDT 2023
| Date             : Fri Dec 15 13:08:38 2023
| Host             : GramForGram running 64-bit major release  (build 9200)
| Command          : report_power -file main_wrapper_power_routed.rpt -pb main_wrapper_power_summary_routed.pb -rpx main_wrapper_power_routed.rpx
| Design           : main_wrapper
| Device           : xck26-sfvc784-2LV-c
| Design State     : routed
| Grade            : commercial
| Process          : typical
| Characterization : Production
----------------------------------------------------------------------------------------------------------------------------------------------------------

Power Report

Table of Contents
-----------------
1. Summary
1.1 On-Chip Components
1.2 Power Supply Summary
1.3 Confidence Level
2. Settings
2.1 Environment
2.2 Clock Constraints
3. Detailed Reports
3.1 By Hierarchy

1. Summary
----------

+--------------------------+--------------+
| Total On-Chip Power (W)  | 3.412        |
| Design Power Budget (W)  | Unspecified* |
| Power Budget Margin (W)  | NA           |
| Dynamic (W)              | 3.085        |
| Device Static (W)        | 0.328        |
| Effective TJA (C/W)      | 2.3          |
| Max Ambient (C)          | 77.1         |
| Junction Temperature (C) | 32.9         |
| Confidence Level         | Low          |
| Setting File             | ---          |
| Simulation Activity File | ---          |
| Design Nets Matched      | NA           |
+--------------------------+--------------+
* Specify Design Power Budget using, set_operating_conditions -design_power_budget <value in Watts>


1.1 On-Chip Components
----------------------

+--------------------------+-----------+----------+-----------+-----------------+
| On-Chip                  | Power (W) | Used     | Available | Utilization (%) |
+--------------------------+-----------+----------+-----------+-----------------+
| Clocks                   |     0.055 |        6 |       --- |             --- |
| CLB Logic                |     0.070 |    36936 |       --- |             --- |
|   LUT as Distributed RAM |     0.048 |      864 |     57600 |            1.50 |
|   LUT as Logic           |     0.018 |    12599 |    117120 |           10.76 |
|   Register               |     0.003 |    18142 |    234240 |            7.75 |
|   LUT as Shift Register  |    <0.001 |      159 |     57600 |            0.28 |
|   CARRY8                 |    <0.001 |       40 |     14640 |            0.27 |
|   BUFG                   |    <0.001 |        2 |        32 |            6.25 |
|   Others                 |     0.000 |     1241 |       --- |             --- |
|   F7/F8 Muxes            |     0.000 |      312 |    117120 |            0.27 |
| Signals                  |     0.025 |    25336 |       --- |             --- |
| Block RAM                |     0.055 |     71.5 |       144 |           49.65 |
| MMCM                     |     0.168 |        0 |       --- |             --- |
| I/O                      |     0.035 |       55 |       189 |           29.10 |
| PS8                      |     2.678 |        1 |       --- |             --- |
| Static Power             |     0.328 |          |           |                 |
|   PS Static              |     0.000 |          |           |                 |
|   PL Static              |     0.328 |          |           |                 |
| Total                    |     3.412 |          |           |                 |
+--------------------------+-----------+----------+-----------+-----------------+


1.2 Power Supply Summary
------------------------

+-----------------+-------------+-----------+-------------+------------+-------------+-------------+------------+
| Source          | Voltage (V) | Total (A) | Dynamic (A) | Static (A) | Powerup (A) | Budget (A)  | Margin (A) |
+-----------------+-------------+-----------+-------------+------------+-------------+-------------+------------+
| Vccint          |       0.720 |     0.375 |       0.282 |      0.093 |       NA    | Unspecified | NA         |
| Vccint_io       |       0.850 |     0.040 |       0.003 |      0.037 |       NA    | Unspecified | NA         |
| Vccbram         |       0.850 |     0.003 |       0.002 |      0.001 |       NA    | Unspecified | NA         |
| Vccaux          |       1.800 |     0.168 |       0.093 |      0.075 |       NA    | Unspecified | NA         |
| Vccaux_io       |       1.800 |     0.048 |       0.017 |      0.031 |       NA    | Unspecified | NA         |
| Vcco33          |       3.300 |     0.008 |       0.001 |      0.007 |       NA    | Unspecified | NA         |
| Vcco25          |       2.500 |     0.000 |       0.000 |      0.000 |       NA    | Unspecified | NA         |
| Vcco18          |       1.800 |     0.000 |       0.000 |      0.000 |       NA    | Unspecified | NA         |
| Vcco15          |       1.500 |     0.000 |       0.000 |      0.000 |       NA    | Unspecified | NA         |
| Vcco135         |       1.350 |     0.000 |       0.000 |      0.000 |       NA    | Unspecified | NA         |
| Vcco12          |       1.200 |     0.000 |       0.000 |      0.000 |       NA    | Unspecified | NA         |
| Vcco10          |       1.000 |     0.000 |       0.000 |      0.000 |       NA    | Unspecified | NA         |
| Vccadc          |       1.800 |     0.008 |       0.000 |      0.008 |       NA    | Unspecified | NA         |
| VCC_PSINTFP     |       0.850 |     1.069 |       1.069 |      0.000 |       NA    | Unspecified | NA         |
| VCC_PSINTLP     |       0.850 |     0.264 |       0.264 |      0.000 |       NA    | Unspecified | NA         |
| VPS_MGTRAVCC    |       0.850 |     0.118 |       0.118 |      0.000 |       NA    | Unspecified | NA         |
| VCC_PSINTFP_DDR |       0.850 |     0.726 |       0.726 |      0.000 |       NA    | Unspecified | NA         |
| VCC_PSPLL       |       1.200 |     0.071 |       0.071 |      0.000 |       NA    | Unspecified | NA         |
| VPS_MGTRAVTT    |       1.800 |     0.017 |       0.017 |      0.000 |       NA    | Unspecified | NA         |
| VCCO_PSDDR_504  |       1.200 |     0.592 |       0.592 |      0.000 |       NA    | Unspecified | NA         |
| VCC_PSAUX       |       1.800 |     0.000 |       0.000 |      0.000 |       NA    | Unspecified | NA         |
| VCC_PSBATT      |       1.200 |     0.000 |       0.000 |      0.000 |       NA    | Unspecified | NA         |
| VCC_PSDDR_PLL   |       1.800 |     0.000 |       0.000 |      0.000 |       NA    | Unspecified | NA         |
| VCCO_PSIO0_500  |       1.800 |     0.000 |       0.000 |      0.000 |       NA    | Unspecified | NA         |
| VCCO_PSIO1_501  |       1.800 |     0.000 |       0.000 |      0.000 |       NA    | Unspecified | NA         |
| VCCO_PSIO2_502  |       1.800 |     0.000 |       0.000 |      0.000 |       NA    | Unspecified | NA         |
| VCCO_PSIO3_503  |       1.800 |     0.000 |       0.000 |      0.000 |       NA    | Unspecified | NA         |
| VCC_PSADC       |       1.800 |     0.000 |       0.000 |      0.000 |       NA    | Unspecified | NA         |
| MGTAVcc         |       0.900 |     0.000 |       0.000 |      0.000 |       NA    | Unspecified | NA         |
| MGTAVtt         |       1.200 |     0.000 |       0.000 |      0.000 |       NA    | Unspecified | NA         |
| MGTVccaux       |       1.800 |     0.000 |       0.000 |      0.000 |       NA    | Unspecified | NA         |
+-----------------+-------------+-----------+-------------+------------+-------------+-------------+------------+


1.3 Confidence Level
--------------------

+-----------------------------+------------+--------------------------------------------------------+------------------------------------------------------------------------------------------------------------+
| User Input Data             | Confidence | Details                                                | Action                                                                                                     |
+-----------------------------+------------+--------------------------------------------------------+------------------------------------------------------------------------------------------------------------+
| Design implementation state | High       | Design is routed                                       |                                                                                                            |
| Clock nodes activity        | High       | User specified more than 95% of clocks                 |                                                                                                            |
| I/O nodes activity          | Low        | More than 75% of inputs are missing user specification | Provide missing input activity with simulation results or by editing the "By Resource Type -> I/Os" view   |
| Internal nodes activity     | Medium     | User specified less than 25% of internal nodes         | Provide missing internal nodes activity with simulation results or by editing the "By Resource Type" views |
| Device models               | High       | Device models are Production                           |                                                                                                            |
|                             |            |                                                        |                                                                                                            |
| Overall confidence level    | Low        |                                                        |                                                                                                            |
+-----------------------------+------------+--------------------------------------------------------+------------------------------------------------------------------------------------------------------------+


2. Settings
-----------

2.1 Environment
---------------

+-----------------------+--------------------------+
| Ambient Temp (C)      | 25.0                     |
| ThetaJA (C/W)         | 2.3                      |
| Airflow (LFM)         | 250                      |
| Heat Sink             | medium (Medium Profile)  |
| ThetaSA (C/W)         | 5.5                      |
| Board Selection       | medium (10"x10")         |
| # of Board Layers     | 12to15 (12 to 15 Layers) |
| Board Temperature (C) | 25.0                     |
+-----------------------+--------------------------+


2.2 Clock Constraints
---------------------

+-------------------------------+------------------------------------------------------------------------+-----------------+
| Clock                         | Domain                                                                 | Constraint (ns) |
+-------------------------------+------------------------------------------------------------------------+-----------------+
| clk_dma_250M_main_clk_wiz_1_0 | main_i/clk_wiz_dma/inst/clk_dma_250M_main_clk_wiz_1_0                  |             4.0 |
| clk_pl_0                      | main_i/zynq_ultra_ps_e_0/inst/pl_clk_unbuffered[0]                     |            10.0 |
| clk_rhd_main_clk_wiz_0_0      | main_i/clk_wiz_0/inst/CLK_CORE_DRP_I/clk_inst/clk_rhd_main_clk_wiz_0_0 |           142.9 |
| clk_rhs_main_clk_wiz_0_0      | main_i/clk_wiz_0/inst/CLK_CORE_DRP_I/clk_inst/clk_rhs_main_clk_wiz_0_0 |            17.9 |
+-------------------------------+------------------------------------------------------------------------+-----------------+


3. Detailed Reports
-------------------

3.1 By Hierarchy
----------------

+----------------------------+-----------+
| Name                       | Power (W) |
+----------------------------+-----------+
| main_wrapper               |     3.085 |
|   main_i                   |     3.082 |
|     axi_dma_0              |     0.023 |
|       U0                   |     0.023 |
|     clk_wiz_0              |     0.084 |
|       inst                 |     0.084 |
|     clk_wiz_dma            |     0.088 |
|       inst                 |     0.088 |
|     master_smartconnect_0  |     0.010 |
|       inst                 |     0.010 |
|     master_smartconnect_1  |     0.002 |
|       inst                 |     0.002 |
|     recording_0            |     0.085 |
|       axis_data_fifo_0     |     0.050 |
|       rhd_axi_0            |     0.004 |
|       rhd_diff_to_single_0 |     0.032 |
|     slave_smartconnect_0   |     0.109 |
|       inst                 |     0.109 |
|     stimulation_0          |     0.001 |
|       rhs_axi_0            |     0.001 |
|     zynq_ultra_ps_e_0      |     2.678 |
|       inst                 |     2.678 |
+----------------------------+-----------+


