INFO: [VRFC 10-2263] Analyzing Verilog file "C:/UG3-HeadWornUnit-V2-Firmware/seeg_tb/seeg_tb.gen/sources_1/ip/fifo_generator_0/sim/fifo_generator_0.v" into library xil_defaultlib
INFO: [VRFC 10-311] analyzing module fifo_generator_0
INFO: [VRFC 10-2263] Analyzing Verilog file "C:/UG3-HeadWornUnit-V2-Firmware/seeg_tb/seeg_tb.ip_user_files/bd/xpm_cdc_1bit/ip/xpm_cdc_1bit_xpm_cdc_0_0/sim/xpm_cdc_1bit_xpm_cdc_0_0.v" into library xil_defaultlib
INFO: [VRFC 10-311] analyzing module xpm_cdc_1bit_xpm_cdc_0_0
INFO: [VRFC 10-2263] Analyzing Verilog file "C:/UG3-HeadWornUnit-V2-Firmware/seeg_tb/seeg_tb.ip_user_files/bd/xpm_cdc_1bit/sim/xpm_cdc_1bit.v" into library xil_defaultlib
INFO: [VRFC 10-311] analyzing module xpm_cdc_1bit
INFO: [VRFC 10-2263] Analyzing Verilog file "C:/UG3-HeadWornUnit-V2-Firmware/rhd/src/rhd.v" into library xil_defaultlib
INFO: [VRFC 10-311] analyzing module rhd
INFO: [VRFC 10-311] analyzing module command_selector
INFO: [VRFC 10-311] analyzing module MISO_falling_edge
INFO: [VRFC 10-311] analyzing module MISO_rising_edge
INFO: [VRFC 10-2263] Analyzing Verilog file "C:/UG3-HeadWornUnit-V2-Firmware/rhd/src/rhd_S00_AXI.v" into library xil_defaultlib
INFO: [VRFC 10-311] analyzing module rhd_S00_AXI
WARNING: [VRFC 10-3380] identifier 'slv_reg0' is used before its declaration [C:/UG3-HeadWornUnit-V2-Firmware/rhd/src/rhd_S00_AXI.v:244]
WARNING: [VRFC 10-3380] identifier 'slv_reg0' is used before its declaration [C:/UG3-HeadWornUnit-V2-Firmware/rhd/src/rhd_S00_AXI.v:245]
WARNING: [VRFC 10-3380] identifier 'slv_reg0' is used before its declaration [C:/UG3-HeadWornUnit-V2-Firmware/rhd/src/rhd_S00_AXI.v:246]
WARNING: [VRFC 10-3380] identifier 'slv_reg0' is used before its declaration [C:/UG3-HeadWornUnit-V2-Firmware/rhd/src/rhd_S00_AXI.v:247]
WARNING: [VRFC 10-3380] identifier 'slv_reg0' is used before its declaration [C:/UG3-HeadWornUnit-V2-Firmware/rhd/src/rhd_S00_AXI.v:248]
WARNING: [VRFC 10-3380] identifier 'slv_reg0' is used before its declaration [C:/UG3-HeadWornUnit-V2-Firmware/rhd/src/rhd_S00_AXI.v:249]
WARNING: [VRFC 10-3380] identifier 'slv_reg0' is used before its declaration [C:/UG3-HeadWornUnit-V2-Firmware/rhd/src/rhd_S00_AXI.v:250]
WARNING: [VRFC 10-3380] identifier 'slv_reg0' is used before its declaration [C:/UG3-HeadWornUnit-V2-Firmware/rhd/src/rhd_S00_AXI.v:251]
WARNING: [VRFC 10-3380] identifier 'slv_reg0' is used before its declaration [C:/UG3-HeadWornUnit-V2-Firmware/rhd/src/rhd_S00_AXI.v:253]
WARNING: [VRFC 10-3380] identifier 'slv_reg0' is used before its declaration [C:/UG3-HeadWornUnit-V2-Firmware/rhd/src/rhd_S00_AXI.v:254]
WARNING: [VRFC 10-3380] identifier 'slv_reg0' is used before its declaration [C:/UG3-HeadWornUnit-V2-Firmware/rhd/src/rhd_S00_AXI.v:255]
WARNING: [VRFC 10-3380] identifier 'slv_reg0' is used before its declaration [C:/UG3-HeadWornUnit-V2-Firmware/rhd/src/rhd_S00_AXI.v:256]
WARNING: [VRFC 10-3380] identifier 'slv_reg0' is used before its declaration [C:/UG3-HeadWornUnit-V2-Firmware/rhd/src/rhd_S00_AXI.v:257]
WARNING: [VRFC 10-3380] identifier 'slv_reg0' is used before its declaration [C:/UG3-HeadWornUnit-V2-Firmware/rhd/src/rhd_S00_AXI.v:258]
WARNING: [VRFC 10-3380] identifier 'slv_reg0' is used before its declaration [C:/UG3-HeadWornUnit-V2-Firmware/rhd/src/rhd_S00_AXI.v:259]
WARNING: [VRFC 10-3380] identifier 'slv_reg0' is used before its declaration [C:/UG3-HeadWornUnit-V2-Firmware/rhd/src/rhd_S00_AXI.v:260]
WARNING: [VRFC 10-3380] identifier 'slv_reg0' is used before its declaration [C:/UG3-HeadWornUnit-V2-Firmware/rhd/src/rhd_S00_AXI.v:262]
WARNING: [VRFC 10-3380] identifier 'slv_reg0' is used before its declaration [C:/UG3-HeadWornUnit-V2-Firmware/rhd/src/rhd_S00_AXI.v:263]
WARNING: [VRFC 10-3380] identifier 'slv_reg0' is used before its declaration [C:/UG3-HeadWornUnit-V2-Firmware/rhd/src/rhd_S00_AXI.v:264]
WARNING: [VRFC 10-3380] identifier 'slv_reg0' is used before its declaration [C:/UG3-HeadWornUnit-V2-Firmware/rhd/src/rhd_S00_AXI.v:265]
WARNING: [VRFC 10-3380] identifier 'slv_reg0' is used before its declaration [C:/UG3-HeadWornUnit-V2-Firmware/rhd/src/rhd_S00_AXI.v:266]
WARNING: [VRFC 10-3380] identifier 'slv_reg0' is used before its declaration [C:/UG3-HeadWornUnit-V2-Firmware/rhd/src/rhd_S00_AXI.v:267]
WARNING: [VRFC 10-3380] identifier 'slv_reg0' is used before its declaration [C:/UG3-HeadWornUnit-V2-Firmware/rhd/src/rhd_S00_AXI.v:268]
WARNING: [VRFC 10-3380] identifier 'slv_reg0' is used before its declaration [C:/UG3-HeadWornUnit-V2-Firmware/rhd/src/rhd_S00_AXI.v:269]
WARNING: [VRFC 10-3380] identifier 'slv_reg0' is used before its declaration [C:/UG3-HeadWornUnit-V2-Firmware/rhd/src/rhd_S00_AXI.v:271]
WARNING: [VRFC 10-3380] identifier 'slv_reg0' is used before its declaration [C:/UG3-HeadWornUnit-V2-Firmware/rhd/src/rhd_S00_AXI.v:272]
WARNING: [VRFC 10-3380] identifier 'slv_reg0' is used before its declaration [C:/UG3-HeadWornUnit-V2-Firmware/rhd/src/rhd_S00_AXI.v:273]
WARNING: [VRFC 10-3380] identifier 'slv_reg0' is used before its declaration [C:/UG3-HeadWornUnit-V2-Firmware/rhd/src/rhd_S00_AXI.v:274]
WARNING: [VRFC 10-3380] identifier 'slv_reg0' is used before its declaration [C:/UG3-HeadWornUnit-V2-Firmware/rhd/src/rhd_S00_AXI.v:275]
WARNING: [VRFC 10-3380] identifier 'slv_reg0' is used before its declaration [C:/UG3-HeadWornUnit-V2-Firmware/rhd/src/rhd_S00_AXI.v:276]
WARNING: [VRFC 10-3380] identifier 'slv_reg0' is used before its declaration [C:/UG3-HeadWornUnit-V2-Firmware/rhd/src/rhd_S00_AXI.v:277]
WARNING: [VRFC 10-3380] identifier 'slv_reg0' is used before its declaration [C:/UG3-HeadWornUnit-V2-Firmware/rhd/src/rhd_S00_AXI.v:278]
INFO: [VRFC 10-2263] Analyzing Verilog file "C:/UG3-HeadWornUnit-V2-Firmware/rhd/src/rhd_axi.v" into library xil_defaultlib
INFO: [VRFC 10-311] analyzing module rhd_axi
INFO: [VRFC 10-2263] Analyzing Verilog file "C:/UG3-HeadWornUnit-V2-Firmware/rhd/src/rhd_diff_to_single.v" into library xil_defaultlib
INFO: [VRFC 10-311] analyzing module rhd_diff_to_single
INFO: [VRFC 10-2263] Analyzing Verilog file "C:/UG3-HeadWornUnit-V2-Firmware/rhd/src/rhd_headstage_slave.v" into library xil_defaultlib
INFO: [VRFC 10-311] analyzing module rhd_headstage_slave
INFO: [VRFC 10-2263] Analyzing Verilog file "C:/UG3-HeadWornUnit-V2-Firmware/rhd/src/rhd_headstage_slave_full_16_probes.v" into library xil_defaultlib
INFO: [VRFC 10-311] analyzing module rhd_headstage_slave_full_16_probes
INFO: [VRFC 10-2263] Analyzing Verilog file "C:/UG3-HeadWornUnit-V2-Firmware/rhs/src/rhs.v" into library xil_defaultlib
INFO: [VRFC 10-311] analyzing module rhs
INFO: [VRFC 10-311] analyzing module command_initialization
INFO: [VRFC 10-311] analyzing module command_amplitudeSetup
INFO: [VRFC 10-311] analyzing module command_selector_stim
INFO: [VRFC 10-311] analyzing module MISO_phase_selector
INFO: [VRFC 10-2263] Analyzing Verilog file "C:/UG3-HeadWornUnit-V2-Firmware/rhs/src/rhs_S00_AXI.v" into library xil_defaultlib
INFO: [VRFC 10-311] analyzing module rhs_S00_AXI
WARNING: [VRFC 10-3380] identifier 'slv_reg0' is used before its declaration [C:/UG3-HeadWornUnit-V2-Firmware/rhs/src/rhs_S00_AXI.v:197]
WARNING: [VRFC 10-3380] identifier 'slv_reg0' is used before its declaration [C:/UG3-HeadWornUnit-V2-Firmware/rhs/src/rhs_S00_AXI.v:198]
WARNING: [VRFC 10-3380] identifier 'slv_reg0' is used before its declaration [C:/UG3-HeadWornUnit-V2-Firmware/rhs/src/rhs_S00_AXI.v:199]
WARNING: [VRFC 10-3380] identifier 'slv_reg0' is used before its declaration [C:/UG3-HeadWornUnit-V2-Firmware/rhs/src/rhs_S00_AXI.v:200]
WARNING: [VRFC 10-3380] identifier 'slv_reg0' is used before its declaration [C:/UG3-HeadWornUnit-V2-Firmware/rhs/src/rhs_S00_AXI.v:202]
WARNING: [VRFC 10-3380] identifier 'slv_reg0' is used before its declaration [C:/UG3-HeadWornUnit-V2-Firmware/rhs/src/rhs_S00_AXI.v:203]
WARNING: [VRFC 10-3380] identifier 'slv_reg0' is used before its declaration [C:/UG3-HeadWornUnit-V2-Firmware/rhs/src/rhs_S00_AXI.v:204]
WARNING: [VRFC 10-3380] identifier 'slv_reg0' is used before its declaration [C:/UG3-HeadWornUnit-V2-Firmware/rhs/src/rhs_S00_AXI.v:205]
WARNING: [VRFC 10-3380] identifier 'slv_reg0' is used before its declaration [C:/UG3-HeadWornUnit-V2-Firmware/rhs/src/rhs_S00_AXI.v:207]
WARNING: [VRFC 10-3380] identifier 'slv_reg0' is used before its declaration [C:/UG3-HeadWornUnit-V2-Firmware/rhs/src/rhs_S00_AXI.v:208]
WARNING: [VRFC 10-3380] identifier 'slv_reg0' is used before its declaration [C:/UG3-HeadWornUnit-V2-Firmware/rhs/src/rhs_S00_AXI.v:209]
WARNING: [VRFC 10-3380] identifier 'slv_reg0' is used before its declaration [C:/UG3-HeadWornUnit-V2-Firmware/rhs/src/rhs_S00_AXI.v:210]
WARNING: [VRFC 10-3380] identifier 'slv_reg0' is used before its declaration [C:/UG3-HeadWornUnit-V2-Firmware/rhs/src/rhs_S00_AXI.v:212]
WARNING: [VRFC 10-3380] identifier 'slv_reg0' is used before its declaration [C:/UG3-HeadWornUnit-V2-Firmware/rhs/src/rhs_S00_AXI.v:213]
WARNING: [VRFC 10-3380] identifier 'slv_reg0' is used before its declaration [C:/UG3-HeadWornUnit-V2-Firmware/rhs/src/rhs_S00_AXI.v:214]
WARNING: [VRFC 10-3380] identifier 'slv_reg0' is used before its declaration [C:/UG3-HeadWornUnit-V2-Firmware/rhs/src/rhs_S00_AXI.v:215]
INFO: [VRFC 10-2263] Analyzing Verilog file "C:/UG3-HeadWornUnit-V2-Firmware/rhs/src/rhs_axi.v" into library xil_defaultlib
INFO: [VRFC 10-311] analyzing module rhs_axi
INFO: [VRFC 10-2263] Analyzing Verilog file "C:/UG3-HeadWornUnit-V2-Firmware/rhs/src/rhs_headstage_slave.v" into library xil_defaultlib
INFO: [VRFC 10-311] analyzing module rhs_headstage_slave
INFO: [VRFC 10-2263] Analyzing Verilog file "C:/UG3-HeadWornUnit-V2-Firmware/rhs/src/rhs_headstage_slave_full.v" into library xil_defaultlib
INFO: [VRFC 10-311] analyzing module rhs_headstage_slave_full
INFO: [VRFC 10-2263] Analyzing Verilog file "C:/UG3-HeadWornUnit-V2-Firmware/seeg/src/seeg.v" into library xil_defaultlib
INFO: [VRFC 10-311] analyzing module seeg
WARNING: [VRFC 10-9336] redeclaration of ANSI port 'RHD_MISO1_I' is not allowed [C:/UG3-HeadWornUnit-V2-Firmware/seeg/src/seeg.v:230]
WARNING: [VRFC 10-9336] redeclaration of ANSI port 'RHD_MISO2_I' is not allowed [C:/UG3-HeadWornUnit-V2-Firmware/seeg/src/seeg.v:231]
WARNING: [VRFC 10-9336] redeclaration of ANSI port 'RHD_MISO1_J' is not allowed [C:/UG3-HeadWornUnit-V2-Firmware/seeg/src/seeg.v:233]
WARNING: [VRFC 10-9336] redeclaration of ANSI port 'RHD_MISO2_J' is not allowed [C:/UG3-HeadWornUnit-V2-Firmware/seeg/src/seeg.v:234]
WARNING: [VRFC 10-9336] redeclaration of ANSI port 'RHD_MISO1_K' is not allowed [C:/UG3-HeadWornUnit-V2-Firmware/seeg/src/seeg.v:236]
WARNING: [VRFC 10-9336] redeclaration of ANSI port 'RHD_MISO2_K' is not allowed [C:/UG3-HeadWornUnit-V2-Firmware/seeg/src/seeg.v:237]
WARNING: [VRFC 10-9336] redeclaration of ANSI port 'RHD_MISO1_L' is not allowed [C:/UG3-HeadWornUnit-V2-Firmware/seeg/src/seeg.v:239]
WARNING: [VRFC 10-9336] redeclaration of ANSI port 'RHD_MISO2_L' is not allowed [C:/UG3-HeadWornUnit-V2-Firmware/seeg/src/seeg.v:240]
WARNING: [VRFC 10-9336] redeclaration of ANSI port 'RHD_MISO1_M' is not allowed [C:/UG3-HeadWornUnit-V2-Firmware/seeg/src/seeg.v:242]
WARNING: [VRFC 10-9336] redeclaration of ANSI port 'RHD_MISO2_M' is not allowed [C:/UG3-HeadWornUnit-V2-Firmware/seeg/src/seeg.v:243]
WARNING: [VRFC 10-9336] redeclaration of ANSI port 'RHD_MISO1_N' is not allowed [C:/UG3-HeadWornUnit-V2-Firmware/seeg/src/seeg.v:245]
WARNING: [VRFC 10-9336] redeclaration of ANSI port 'RHD_MISO2_N' is not allowed [C:/UG3-HeadWornUnit-V2-Firmware/seeg/src/seeg.v:246]
WARNING: [VRFC 10-9336] redeclaration of ANSI port 'RHD_MISO1_O' is not allowed [C:/UG3-HeadWornUnit-V2-Firmware/seeg/src/seeg.v:248]
WARNING: [VRFC 10-9336] redeclaration of ANSI port 'RHD_MISO2_O' is not allowed [C:/UG3-HeadWornUnit-V2-Firmware/seeg/src/seeg.v:249]
WARNING: [VRFC 10-9336] redeclaration of ANSI port 'RHD_MISO1_P' is not allowed [C:/UG3-HeadWornUnit-V2-Firmware/seeg/src/seeg.v:251]
WARNING: [VRFC 10-9336] redeclaration of ANSI port 'RHD_MISO2_P' is not allowed [C:/UG3-HeadWornUnit-V2-Firmware/seeg/src/seeg.v:252]
