
*** Running vivado
    with args -log stimulation_inst_0_rhs_axi_0_0.vds -m64 -product Vivado -mode batch -messageDb vivado.pb -notrace -source stimulation_inst_0_rhs_axi_0_0.tcl


ECHO is off.
ECHO is off.

****** Vivado v2023.1 (64-bit)
  **** SW Build 3865809 on Sun May  7 15:05:29 MDT 2023
  **** IP Build 3864474 on Sun May  7 20:36:21 MDT 2023
  **** SharedData Build 3865790 on Sun May 07 13:33:03 MDT 2023
    ** Copyright 1986-2022 Xilinx, Inc. All Rights Reserved.
    ** Copyright 2022-2023 Advanced Micro Devices, Inc. All Rights Reserved.

source stimulation_inst_0_rhs_axi_0_0.tcl -notrace
create_project: Time (s): cpu = 00:00:26 ; elapsed = 00:00:39 . Memory (MB): peak = 455.035 ; gain = 159.086
INFO: [IP_Flow 19-234] Refreshing IP repositories
INFO: [IP_Flow 19-1704] No user IP repositories specified
INFO: [IP_Flow 19-2313] Loaded Vivado IP repository 'C:/Xilinx/Vivado/2023.1/data/ip'.
update_ip_catalog: Time (s): cpu = 00:00:04 ; elapsed = 00:00:08 . Memory (MB): peak = 496.480 ; gain = 41.445
WARNING: [IP_Flow 19-3664] IP 'xpm_cdc_1bit_xpm_cdc_0_0' generated file not found 'c:/Repos/UG3-HeadWornUnit-V2-Firmware/seeg/seeg.gen/sources_1/bd/xpm_cdc_1bit/ip/xpm_cdc_1bit_xpm_cdc_0_0/xpm_cdc_1bit_xpm_cdc_0_0.dcp'. Please regenerate to continue.
WARNING: [IP_Flow 19-3664] IP 'xpm_cdc_1bit_xpm_cdc_0_0' generated file not found 'c:/Repos/UG3-HeadWornUnit-V2-Firmware/seeg/seeg.gen/sources_1/bd/xpm_cdc_1bit/ip/xpm_cdc_1bit_xpm_cdc_0_0/xpm_cdc_1bit_xpm_cdc_0_0_stub.v'. Please regenerate to continue.
WARNING: [IP_Flow 19-3664] IP 'xpm_cdc_1bit_xpm_cdc_0_0' generated file not found 'c:/Repos/UG3-HeadWornUnit-V2-Firmware/seeg/seeg.gen/sources_1/bd/xpm_cdc_1bit/ip/xpm_cdc_1bit_xpm_cdc_0_0/xpm_cdc_1bit_xpm_cdc_0_0_stub.vhdl'. Please regenerate to continue.
WARNING: [IP_Flow 19-3664] IP 'xpm_cdc_1bit_xpm_cdc_0_0' generated file not found 'c:/Repos/UG3-HeadWornUnit-V2-Firmware/seeg/seeg.gen/sources_1/bd/xpm_cdc_1bit/ip/xpm_cdc_1bit_xpm_cdc_0_0/xpm_cdc_1bit_xpm_cdc_0_0_sim_netlist.v'. Please regenerate to continue.
WARNING: [IP_Flow 19-3664] IP 'xpm_cdc_1bit_xpm_cdc_0_0' generated file not found 'c:/Repos/UG3-HeadWornUnit-V2-Firmware/seeg/seeg.gen/sources_1/bd/xpm_cdc_1bit/ip/xpm_cdc_1bit_xpm_cdc_0_0/xpm_cdc_1bit_xpm_cdc_0_0_sim_netlist.vhdl'. Please regenerate to continue.
Command: synth_design -top stimulation_inst_0_rhs_axi_0_0 -part xck26-sfvc784-2LV-c -incremental_mode off -mode out_of_context
Starting synth_design
Attempting to get a license for feature 'Synthesis' and/or device 'xck26'
INFO: [Common 17-349] Got license for feature 'Synthesis' and/or device 'xck26'
INFO: [Device 21-403] Loading part xck26-sfvc784-2LV-c
