Time resolution is 1 ps
XilinxAXIVIP: Found at Path: rhs_axi_tb_wrapper_tb.DUT.rhs_axi_tb_i.axi_vip_0.inst
Note: Actual FIFO Depth = 4097
Time: 0 ps  Iteration: 0
Note: Actual FIFO Depth = 4097
Time: 0 ps  Iteration: 0
Note:  DEPTH = 4096 WIDTH = 9 C_RD_PRIM_WIDTH = 36 C_RD_PRIM_DEPTH = 1152 DEEP = 1 WIDE = 2
Time: 0 ps  Iteration: 0
ERROR: 205367.0 ps rhs_axi_tb_wrapper_tb.DUT.rhs_axi_tb_i.axi_vip_0.inst.IF  : XILINX_RESET_PULSE_WIDTH: Holding AXI ARESETN asserted for 16 cycles of the slowest AXI clock is generally a sufficient reset pulse width for Xilinx IP. --UG1037. To downgrade, use <hierarchy_path to VIP>.IF.set_xilinx_reset_check_to_warn(), or filter using clr_xilinx_reset_check().
TESTBENCH Passed! Data expected is equal to actual. expected = 0x0000000000000000000000000000000000000000000000000000000080ff80ff actual   = 0x0000000000000000000000000000000000000000000000000000000080ff80ff
TESTBENCH Passed! Data expected is equal to actual. expected = 0x0000000000000000000000000000000000000000000000000000000000000004 actual   = 0x0000000000000000000000000000000000000000000000000000000000000004
TESTBENCH Passed! Data expected is equal to actual. expected = 0x0000000000000000000000000000000000000000000000000000000000000304 actual   = 0x0000000000000000000000000000000000000000000000000000000000000304
TESTBENCH Passed! Data expected is equal to actual. expected = 0x0000000000000000000000000000000000000000000000000000000000000251 actual   = 0x0000000000000000000000000000000000000000000000000000000000000251
TESTBENCH Passed! Data expected is equal to actual. expected = 0x0000000000000000000000000000000000000000000000000000000000000001 actual   = 0x0000000000000000000000000000000000000000000000000000000000000001
TESTBENCH Passed! Data expected is equal to actual. expected = 0x0000000000000000000000000000000000000000000000000000000000000010 actual   = 0x0000000000000000000000000000000000000000000000000000000000000010
TESTBENCH Passed! Data expected is equal to actual. expected = 0x0000000000000000000000000000000000000000000000000000000000000008 actual   = 0x0000000000000000000000000000000000000000000000000000000000000008
TESTBENCH Passed! Data expected is equal to actual. expected = 0x0000000000000000000000000000000000000000000000000000000000000023 actual   = 0x0000000000000000000000000000000000000000000000000000000000000023
TESTBENCH Passed! Data expected is equal to actual. expected = 0x0000000000000000000000000000000000000000000000000000000000000000 actual   = 0x0000000000000000000000000000000000000000000000000000000000000000
TESTBENCH Passed! Data expected is equal to actual. expected = 0x0000000000000000000000000000000000000000000000000000000000000025 actual   = 0x0000000000000000000000000000000000000000000000000000000000000025
TESTBENCH Passed! Data expected is equal to actual. expected = 0x0000000000000000000000000000000000000000000000000000000000000000 actual   = 0x0000000000000000000000000000000000000000000000000000000000000000
TESTBENCH Passed! Data expected is equal to actual. expected = 0x0000000000000000000000000000000000000000000000000000000000000029 actual   = 0x0000000000000000000000000000000000000000000000000000000000000029
Executing Axi4 End Of Simulation checks
INFO: xsimkernel Simulation Memory Usage: 25564 KB (Peak: 25564 KB), Simulation CPU Usage: 15046 ms
