INFO: [VRFC 10-2263] Analyzing Verilog file "C:/UG3-HeadWornUnit-V2-Firmware/rhs/rhs.gen/sources_1/ip/fifo_generator_0/sim/fifo_generator_0.v" into library xil_defaultlib
INFO: [VRFC 10-311] analyzing module fifo_generator_0
INFO: [VRFC 10-2263] Analyzing Verilog file "C:/UG3-HeadWornUnit-V2-Firmware/rhs/rhs.ip_user_files/bd/xpm_cdc_1bit/ip/xpm_cdc_1bit_xpm_cdc_0_0/sim/xpm_cdc_1bit_xpm_cdc_0_0.v" into library xil_defaultlib
INFO: [VRFC 10-311] analyzing module xpm_cdc_1bit_xpm_cdc_0_0
INFO: [VRFC 10-2263] Analyzing Verilog file "C:/UG3-HeadWornUnit-V2-Firmware/rhs/rhs.ip_user_files/bd/xpm_cdc_1bit/sim/xpm_cdc_1bit.v" into library xil_defaultlib
INFO: [VRFC 10-311] analyzing module xpm_cdc_1bit
INFO: [VRFC 10-2263] Analyzing Verilog file "C:/UG3-HeadWornUnit-V2-Firmware/rhs/src/rhs.v" into library xil_defaultlib
INFO: [VRFC 10-311] analyzing module rhs
INFO: [VRFC 10-311] analyzing module command_initialization
INFO: [VRFC 10-311] analyzing module command_amplitudeSetup
INFO: [VRFC 10-311] analyzing module command_selector_stim
INFO: [VRFC 10-311] analyzing module MISO_phase_selector
INFO: [VRFC 10-2263] Analyzing Verilog file "C:/UG3-HeadWornUnit-V2-Firmware/rhs/src/rhs_S00_AXI.v" into library xil_defaultlib
INFO: [VRFC 10-311] analyzing module rhs_S00_AXI
INFO: [VRFC 10-2263] Analyzing Verilog file "C:/UG3-HeadWornUnit-V2-Firmware/rhs/src/rhs_axi.v" into library xil_defaultlib
INFO: [VRFC 10-311] analyzing module rhs_axi
INFO: [VRFC 10-2263] Analyzing Verilog file "C:/UG3-HeadWornUnit-V2-Firmware/rhs/src/rhs_headstage_slave.v" into library xil_defaultlib
INFO: [VRFC 10-311] analyzing module rhs_headstage_slave
INFO: [VRFC 10-2263] Analyzing Verilog file "C:/UG3-HeadWornUnit-V2-Firmware/rhs/src/rhs_headstage_slave_full.v" into library xil_defaultlib
INFO: [VRFC 10-311] analyzing module rhs_headstage_slave_full
