
*** Running vivado
    with args -log main_wrapper.vds -m64 -product Vivado -mode batch -messageDb vivado.pb -notrace -source main_wrapper.tcl


****** Vivado v2023.1 (64-bit)
  **** SW Build 3865809 on Sun May  7 15:04:56 MDT 2023
  **** IP Build 3864474 on Sun May  7 20:36:21 MDT 2023
  **** SharedData Build 3865790 on Sun May 07 13:33:03 MDT 2023
    ** Copyright 1986-2022 Xilinx, Inc. All Rights Reserved.
    ** Copyright 2022-2023 Advanced Micro Devices, Inc. All Rights Reserved.

source main_wrapper.tcl -notrace
INFO: [IP_Flow 19-234] Refreshing IP repositories
INFO: [IP_Flow 19-1704] No user IP repositories specified
INFO: [IP_Flow 19-2313] Loaded Vivado IP repository '/tools/Xilinx/Vivado/2023.1/data/ip'.
WARNING: [Vivado 12-8448] Reference module source file /home/ug3linux/UG3-HeadWornUnit-V2-Firmware/seeg/seeg.srcs/sources_1/bd/stimulation/stimulation.bd referred in sub-design main is not added in project.
WARNING: [Vivado 12-8448] Reference module source file /home/ug3linux/UG3-HeadWornUnit-V2-Firmware/seeg/seeg.srcs/sources_1/bd/recording/recording.bd referred in sub-design main is not added in project.
Command: read_checkpoint -auto_incremental -incremental /home/ug3linux/UG3-HeadWornUnit-V2-Firmware/seeg/seeg.srcs/utils_1/imports/synth_1/rhd_axi.dcp
INFO: [Vivado 12-5825] Read reference checkpoint from /home/ug3linux/UG3-HeadWornUnit-V2-Firmware/seeg/seeg.srcs/utils_1/imports/synth_1/rhd_axi.dcp for incremental synthesis
INFO: [Vivado 12-7989] Please ensure there are no constraint changes
Command: synth_design -top main_wrapper -part xck26-sfvc784-2LV-c
Starting synth_design
Attempting to get a license for feature 'Synthesis' and/or device 'xck26'
INFO: [Common 17-349] Got license for feature 'Synthesis' and/or device 'xck26'
INFO: [Device 21-403] Loading part xck26-sfvc784-2LV-c
INFO: [Designutils 20-5440] No compile time benefit to using incremental synthesis; A full resynthesis will be run
INFO: [Designutils 20-4379] Flow is switching to default flow due to incremental criteria not met. If you would like to alter this behaviour and have the flow terminate instead, please set the following parameter config_implementation {autoIncr.Synth.RejectBehavior Terminate}
INFO: [Synth 8-7079] Multithreading enabled for synth_design using a maximum of 4 processes.
INFO: [Synth 8-7078] Launching helper process for spawning children vivado processes
INFO: [Synth 8-7075] Helper process launched with PID 305427
---------------------------------------------------------------------------------
Starting RTL Elaboration : Time (s): cpu = 00:00:02 ; elapsed = 00:00:02 . Memory (MB): peak = 2595.320 ; gain = 242.828 ; free physical = 26165 ; free virtual = 58461
---------------------------------------------------------------------------------
INFO: [Synth 8-6157] synthesizing module 'main_wrapper' [/home/ug3linux/UG3-HeadWornUnit-V2-Firmware/seeg/seeg.gen/sources_1/bd/main/hdl/main_wrapper.v:13]
INFO: [Synth 8-6157] synthesizing module 'main' [/home/ug3linux/UG3-HeadWornUnit-V2-Firmware/seeg/seeg.gen/sources_1/bd/main/synth/main.v:13]
INFO: [Synth 8-6157] synthesizing module 'main_axi_dma_0_0' [/home/ug3linux/UG3-HeadWornUnit-V2-Firmware/seeg/seeg.runs/synth_1/.Xil/Vivado-305229-ug3linux/realtime/main_axi_dma_0_0_stub.v:6]
INFO: [Synth 8-6155] done synthesizing module 'main_axi_dma_0_0' (0#1) [/home/ug3linux/UG3-HeadWornUnit-V2-Firmware/seeg/seeg.runs/synth_1/.Xil/Vivado-305229-ug3linux/realtime/main_axi_dma_0_0_stub.v:6]
WARNING: [Synth 8-7071] port 's2mm_prmry_reset_out_n' of module 'main_axi_dma_0_0' is unconnected for instance 'axi_dma_0' [/home/ug3linux/UG3-HeadWornUnit-V2-Firmware/seeg/seeg.gen/sources_1/bd/main/synth/main.v:491]
WARNING: [Synth 8-7071] port 'axi_dma_tstvec' of module 'main_axi_dma_0_0' is unconnected for instance 'axi_dma_0' [/home/ug3linux/UG3-HeadWornUnit-V2-Firmware/seeg/seeg.gen/sources_1/bd/main/synth/main.v:491]
WARNING: [Synth 8-7023] instance 'axi_dma_0' of module 'main_axi_dma_0_0' has 73 connections declared, but only 71 given [/home/ug3linux/UG3-HeadWornUnit-V2-Firmware/seeg/seeg.gen/sources_1/bd/main/synth/main.v:491]
INFO: [Synth 8-6157] synthesizing module 'main_clk_wiz_0_0' [/home/ug3linux/UG3-HeadWornUnit-V2-Firmware/seeg/seeg.runs/synth_1/.Xil/Vivado-305229-ug3linux/realtime/main_clk_wiz_0_0_stub.v:6]
INFO: [Synth 8-6155] done synthesizing module 'main_clk_wiz_0_0' (0#1) [/home/ug3linux/UG3-HeadWornUnit-V2-Firmware/seeg/seeg.runs/synth_1/.Xil/Vivado-305229-ug3linux/realtime/main_clk_wiz_0_0_stub.v:6]
INFO: [Synth 8-6157] synthesizing module 'main_clk_wiz_1_0' [/home/ug3linux/UG3-HeadWornUnit-V2-Firmware/seeg/seeg.runs/synth_1/.Xil/Vivado-305229-ug3linux/realtime/main_clk_wiz_1_0_stub.v:6]
INFO: [Synth 8-6155] done synthesizing module 'main_clk_wiz_1_0' (0#1) [/home/ug3linux/UG3-HeadWornUnit-V2-Firmware/seeg/seeg.runs/synth_1/.Xil/Vivado-305229-ug3linux/realtime/main_clk_wiz_1_0_stub.v:6]
INFO: [Synth 8-6157] synthesizing module 'main_smartconnect_0_0' [/home/ug3linux/UG3-HeadWornUnit-V2-Firmware/seeg/seeg.runs/synth_1/.Xil/Vivado-305229-ug3linux/realtime/main_smartconnect_0_0_stub.v:6]
INFO: [Synth 8-6155] done synthesizing module 'main_smartconnect_0_0' (0#1) [/home/ug3linux/UG3-HeadWornUnit-V2-Firmware/seeg/seeg.runs/synth_1/.Xil/Vivado-305229-ug3linux/realtime/main_smartconnect_0_0_stub.v:6]
WARNING: [Synth 8-7071] port 'M00_AXI_awprot' of module 'main_smartconnect_0_0' is unconnected for instance 'master_smartconnect_0' [/home/ug3linux/UG3-HeadWornUnit-V2-Firmware/seeg/seeg.gen/sources_1/bd/main/synth/main.v:591]
WARNING: [Synth 8-7071] port 'M00_AXI_wstrb' of module 'main_smartconnect_0_0' is unconnected for instance 'master_smartconnect_0' [/home/ug3linux/UG3-HeadWornUnit-V2-Firmware/seeg/seeg.gen/sources_1/bd/main/synth/main.v:591]
WARNING: [Synth 8-7071] port 'M00_AXI_arprot' of module 'main_smartconnect_0_0' is unconnected for instance 'master_smartconnect_0' [/home/ug3linux/UG3-HeadWornUnit-V2-Firmware/seeg/seeg.gen/sources_1/bd/main/synth/main.v:591]
WARNING: [Synth 8-7071] port 'M01_AXI_awprot' of module 'main_smartconnect_0_0' is unconnected for instance 'master_smartconnect_0' [/home/ug3linux/UG3-HeadWornUnit-V2-Firmware/seeg/seeg.gen/sources_1/bd/main/synth/main.v:591]
WARNING: [Synth 8-7071] port 'M01_AXI_arprot' of module 'main_smartconnect_0_0' is unconnected for instance 'master_smartconnect_0' [/home/ug3linux/UG3-HeadWornUnit-V2-Firmware/seeg/seeg.gen/sources_1/bd/main/synth/main.v:591]
WARNING: [Synth 8-7023] instance 'master_smartconnect_0' of module 'main_smartconnect_0_0' has 121 connections declared, but only 116 given [/home/ug3linux/UG3-HeadWornUnit-V2-Firmware/seeg/seeg.gen/sources_1/bd/main/synth/main.v:591]
INFO: [Synth 8-6157] synthesizing module 'main_smartconnect_0_1' [/home/ug3linux/UG3-HeadWornUnit-V2-Firmware/seeg/seeg.runs/synth_1/.Xil/Vivado-305229-ug3linux/realtime/main_smartconnect_0_1_stub.v:6]
INFO: [Synth 8-6155] done synthesizing module 'main_smartconnect_0_1' (0#1) [/home/ug3linux/UG3-HeadWornUnit-V2-Firmware/seeg/seeg.runs/synth_1/.Xil/Vivado-305229-ug3linux/realtime/main_smartconnect_0_1_stub.v:6]
INFO: [Synth 8-6157] synthesizing module 'main_proc_sys_reset_0_0' [/home/ug3linux/UG3-HeadWornUnit-V2-Firmware/seeg/seeg.runs/synth_1/.Xil/Vivado-305229-ug3linux/realtime/main_proc_sys_reset_0_0_stub.v:6]
INFO: [Synth 8-6155] done synthesizing module 'main_proc_sys_reset_0_0' (0#1) [/home/ug3linux/UG3-HeadWornUnit-V2-Firmware/seeg/seeg.runs/synth_1/.Xil/Vivado-305229-ug3linux/realtime/main_proc_sys_reset_0_0_stub.v:6]
WARNING: [Synth 8-7071] port 'mb_reset' of module 'main_proc_sys_reset_0_0' is unconnected for instance 'proc_sys_reset_100M' [/home/ug3linux/UG3-HeadWornUnit-V2-Firmware/seeg/seeg.gen/sources_1/bd/main/synth/main.v:792]
WARNING: [Synth 8-7071] port 'bus_struct_reset' of module 'main_proc_sys_reset_0_0' is unconnected for instance 'proc_sys_reset_100M' [/home/ug3linux/UG3-HeadWornUnit-V2-Firmware/seeg/seeg.gen/sources_1/bd/main/synth/main.v:792]
WARNING: [Synth 8-7071] port 'peripheral_reset' of module 'main_proc_sys_reset_0_0' is unconnected for instance 'proc_sys_reset_100M' [/home/ug3linux/UG3-HeadWornUnit-V2-Firmware/seeg/seeg.gen/sources_1/bd/main/synth/main.v:792]
WARNING: [Synth 8-7071] port 'interconnect_aresetn' of module 'main_proc_sys_reset_0_0' is unconnected for instance 'proc_sys_reset_100M' [/home/ug3linux/UG3-HeadWornUnit-V2-Firmware/seeg/seeg.gen/sources_1/bd/main/synth/main.v:792]
WARNING: [Synth 8-7023] instance 'proc_sys_reset_100M' of module 'main_proc_sys_reset_0_0' has 10 connections declared, but only 6 given [/home/ug3linux/UG3-HeadWornUnit-V2-Firmware/seeg/seeg.gen/sources_1/bd/main/synth/main.v:792]
INFO: [Synth 8-6157] synthesizing module 'main_proc_sys_reset_0_3' [/home/ug3linux/UG3-HeadWornUnit-V2-Firmware/seeg/seeg.runs/synth_1/.Xil/Vivado-305229-ug3linux/realtime/main_proc_sys_reset_0_3_stub.v:6]
INFO: [Synth 8-6155] done synthesizing module 'main_proc_sys_reset_0_3' (0#1) [/home/ug3linux/UG3-HeadWornUnit-V2-Firmware/seeg/seeg.runs/synth_1/.Xil/Vivado-305229-ug3linux/realtime/main_proc_sys_reset_0_3_stub.v:6]
WARNING: [Synth 8-7071] port 'mb_reset' of module 'main_proc_sys_reset_0_3' is unconnected for instance 'proc_sys_reset_250M' [/home/ug3linux/UG3-HeadWornUnit-V2-Firmware/seeg/seeg.gen/sources_1/bd/main/synth/main.v:799]
WARNING: [Synth 8-7071] port 'bus_struct_reset' of module 'main_proc_sys_reset_0_3' is unconnected for instance 'proc_sys_reset_250M' [/home/ug3linux/UG3-HeadWornUnit-V2-Firmware/seeg/seeg.gen/sources_1/bd/main/synth/main.v:799]
WARNING: [Synth 8-7071] port 'peripheral_reset' of module 'main_proc_sys_reset_0_3' is unconnected for instance 'proc_sys_reset_250M' [/home/ug3linux/UG3-HeadWornUnit-V2-Firmware/seeg/seeg.gen/sources_1/bd/main/synth/main.v:799]
WARNING: [Synth 8-7071] port 'interconnect_aresetn' of module 'main_proc_sys_reset_0_3' is unconnected for instance 'proc_sys_reset_250M' [/home/ug3linux/UG3-HeadWornUnit-V2-Firmware/seeg/seeg.gen/sources_1/bd/main/synth/main.v:799]
WARNING: [Synth 8-7023] instance 'proc_sys_reset_250M' of module 'main_proc_sys_reset_0_3' has 10 connections declared, but only 6 given [/home/ug3linux/UG3-HeadWornUnit-V2-Firmware/seeg/seeg.gen/sources_1/bd/main/synth/main.v:799]
INFO: [Synth 8-6157] synthesizing module 'main_proc_sys_reset_0_1' [/home/ug3linux/UG3-HeadWornUnit-V2-Firmware/seeg/seeg.runs/synth_1/.Xil/Vivado-305229-ug3linux/realtime/main_proc_sys_reset_0_1_stub.v:6]
INFO: [Synth 8-6155] done synthesizing module 'main_proc_sys_reset_0_1' (0#1) [/home/ug3linux/UG3-HeadWornUnit-V2-Firmware/seeg/seeg.runs/synth_1/.Xil/Vivado-305229-ug3linux/realtime/main_proc_sys_reset_0_1_stub.v:6]
WARNING: [Synth 8-7071] port 'mb_reset' of module 'main_proc_sys_reset_0_1' is unconnected for instance 'proc_sys_reset_rhd' [/home/ug3linux/UG3-HeadWornUnit-V2-Firmware/seeg/seeg.gen/sources_1/bd/main/synth/main.v:806]
WARNING: [Synth 8-7071] port 'bus_struct_reset' of module 'main_proc_sys_reset_0_1' is unconnected for instance 'proc_sys_reset_rhd' [/home/ug3linux/UG3-HeadWornUnit-V2-Firmware/seeg/seeg.gen/sources_1/bd/main/synth/main.v:806]
WARNING: [Synth 8-7071] port 'peripheral_reset' of module 'main_proc_sys_reset_0_1' is unconnected for instance 'proc_sys_reset_rhd' [/home/ug3linux/UG3-HeadWornUnit-V2-Firmware/seeg/seeg.gen/sources_1/bd/main/synth/main.v:806]
WARNING: [Synth 8-7071] port 'interconnect_aresetn' of module 'main_proc_sys_reset_0_1' is unconnected for instance 'proc_sys_reset_rhd' [/home/ug3linux/UG3-HeadWornUnit-V2-Firmware/seeg/seeg.gen/sources_1/bd/main/synth/main.v:806]
WARNING: [Synth 8-7023] instance 'proc_sys_reset_rhd' of module 'main_proc_sys_reset_0_1' has 10 connections declared, but only 6 given [/home/ug3linux/UG3-HeadWornUnit-V2-Firmware/seeg/seeg.gen/sources_1/bd/main/synth/main.v:806]
INFO: [Synth 8-6157] synthesizing module 'main_proc_sys_reset_0_2' [/home/ug3linux/UG3-HeadWornUnit-V2-Firmware/seeg/seeg.runs/synth_1/.Xil/Vivado-305229-ug3linux/realtime/main_proc_sys_reset_0_2_stub.v:6]
INFO: [Synth 8-6155] done synthesizing module 'main_proc_sys_reset_0_2' (0#1) [/home/ug3linux/UG3-HeadWornUnit-V2-Firmware/seeg/seeg.runs/synth_1/.Xil/Vivado-305229-ug3linux/realtime/main_proc_sys_reset_0_2_stub.v:6]
WARNING: [Synth 8-7071] port 'mb_reset' of module 'main_proc_sys_reset_0_2' is unconnected for instance 'proc_sys_reset_rhs' [/home/ug3linux/UG3-HeadWornUnit-V2-Firmware/seeg/seeg.gen/sources_1/bd/main/synth/main.v:813]
WARNING: [Synth 8-7071] port 'bus_struct_reset' of module 'main_proc_sys_reset_0_2' is unconnected for instance 'proc_sys_reset_rhs' [/home/ug3linux/UG3-HeadWornUnit-V2-Firmware/seeg/seeg.gen/sources_1/bd/main/synth/main.v:813]
WARNING: [Synth 8-7071] port 'peripheral_reset' of module 'main_proc_sys_reset_0_2' is unconnected for instance 'proc_sys_reset_rhs' [/home/ug3linux/UG3-HeadWornUnit-V2-Firmware/seeg/seeg.gen/sources_1/bd/main/synth/main.v:813]
WARNING: [Synth 8-7071] port 'interconnect_aresetn' of module 'main_proc_sys_reset_0_2' is unconnected for instance 'proc_sys_reset_rhs' [/home/ug3linux/UG3-HeadWornUnit-V2-Firmware/seeg/seeg.gen/sources_1/bd/main/synth/main.v:813]
WARNING: [Synth 8-7023] instance 'proc_sys_reset_rhs' of module 'main_proc_sys_reset_0_2' has 10 connections declared, but only 6 given [/home/ug3linux/UG3-HeadWornUnit-V2-Firmware/seeg/seeg.gen/sources_1/bd/main/synth/main.v:813]
INFO: [Synth 8-6157] synthesizing module 'recording_inst_0' [/home/ug3linux/UG3-HeadWornUnit-V2-Firmware/seeg/seeg.gen/sources_1/bd/main/bd/recording_inst_0/synth/recording_inst_0.v:13]
INFO: [Synth 8-6157] synthesizing module 'recording_inst_0_RisingEdgeCounter_0_0' [/home/ug3linux/UG3-HeadWornUnit-V2-Firmware/seeg/seeg.runs/synth_1/.Xil/Vivado-305229-ug3linux/realtime/recording_inst_0_RisingEdgeCounter_0_0_stub.v:6]
INFO: [Synth 8-6155] done synthesizing module 'recording_inst_0_RisingEdgeCounter_0_0' (0#1) [/home/ug3linux/UG3-HeadWornUnit-V2-Firmware/seeg/seeg.runs/synth_1/.Xil/Vivado-305229-ug3linux/realtime/recording_inst_0_RisingEdgeCounter_0_0_stub.v:6]
INFO: [Synth 8-6157] synthesizing module 'recording_inst_0_axis_data_fifo_0_0' [/home/ug3linux/UG3-HeadWornUnit-V2-Firmware/seeg/seeg.runs/synth_1/.Xil/Vivado-305229-ug3linux/realtime/recording_inst_0_axis_data_fifo_0_0_stub.v:6]
INFO: [Synth 8-6155] done synthesizing module 'recording_inst_0_axis_data_fifo_0_0' (0#1) [/home/ug3linux/UG3-HeadWornUnit-V2-Firmware/seeg/seeg.runs/synth_1/.Xil/Vivado-305229-ug3linux/realtime/recording_inst_0_axis_data_fifo_0_0_stub.v:6]
INFO: [Synth 8-6157] synthesizing module 'recording_inst_0_rhd_axi_0_0' [/home/ug3linux/UG3-HeadWornUnit-V2-Firmware/seeg/seeg.runs/synth_1/.Xil/Vivado-305229-ug3linux/realtime/recording_inst_0_rhd_axi_0_0_stub.v:6]
INFO: [Synth 8-6155] done synthesizing module 'recording_inst_0_rhd_axi_0_0' (0#1) [/home/ug3linux/UG3-HeadWornUnit-V2-Firmware/seeg/seeg.runs/synth_1/.Xil/Vivado-305229-ug3linux/realtime/recording_inst_0_rhd_axi_0_0_stub.v:6]
WARNING: [Synth 8-7071] port 'MOSI2' of module 'recording_inst_0_rhd_axi_0_0' is unconnected for instance 'rhd_axi_0' [/home/ug3linux/UG3-HeadWornUnit-V2-Firmware/seeg/seeg.gen/sources_1/bd/main/bd/recording_inst_0/synth/recording_inst_0.v:374]
WARNING: [Synth 8-7023] instance 'rhd_axi_0' of module 'recording_inst_0_rhd_axi_0_0' has 65 connections declared, but only 64 given [/home/ug3linux/UG3-HeadWornUnit-V2-Firmware/seeg/seeg.gen/sources_1/bd/main/bd/recording_inst_0/synth/recording_inst_0.v:374]
INFO: [Synth 8-6157] synthesizing module 'recording_inst_0_rhd_diff_to_single_0_0' [/home/ug3linux/UG3-HeadWornUnit-V2-Firmware/seeg/seeg.runs/synth_1/.Xil/Vivado-305229-ug3linux/realtime/recording_inst_0_rhd_diff_to_single_0_0_stub.v:6]
INFO: [Synth 8-6155] done synthesizing module 'recording_inst_0_rhd_diff_to_single_0_0' (0#1) [/home/ug3linux/UG3-HeadWornUnit-V2-Firmware/seeg/seeg.runs/synth_1/.Xil/Vivado-305229-ug3linux/realtime/recording_inst_0_rhd_diff_to_single_0_0_stub.v:6]
INFO: [Synth 8-6157] synthesizing module 'recording_inst_0_util_vector_logic_0_0' [/home/ug3linux/UG3-HeadWornUnit-V2-Firmware/seeg/seeg.runs/synth_1/.Xil/Vivado-305229-ug3linux/realtime/recording_inst_0_util_vector_logic_0_0_stub.v:6]
INFO: [Synth 8-6155] done synthesizing module 'recording_inst_0_util_vector_logic_0_0' (0#1) [/home/ug3linux/UG3-HeadWornUnit-V2-Firmware/seeg/seeg.runs/synth_1/.Xil/Vivado-305229-ug3linux/realtime/recording_inst_0_util_vector_logic_0_0_stub.v:6]
INFO: [Synth 8-6157] synthesizing module 'recording_inst_0_util_vector_logic_1_0' [/home/ug3linux/UG3-HeadWornUnit-V2-Firmware/seeg/seeg.runs/synth_1/.Xil/Vivado-305229-ug3linux/realtime/recording_inst_0_util_vector_logic_1_0_stub.v:6]
INFO: [Synth 8-6155] done synthesizing module 'recording_inst_0_util_vector_logic_1_0' (0#1) [/home/ug3linux/UG3-HeadWornUnit-V2-Firmware/seeg/seeg.runs/synth_1/.Xil/Vivado-305229-ug3linux/realtime/recording_inst_0_util_vector_logic_1_0_stub.v:6]
INFO: [Synth 8-6155] done synthesizing module 'recording_inst_0' (0#1) [/home/ug3linux/UG3-HeadWornUnit-V2-Firmware/seeg/seeg.gen/sources_1/bd/main/bd/recording_inst_0/synth/recording_inst_0.v:13]
INFO: [Synth 8-6157] synthesizing module 'main_smartconnect_0_2' [/home/ug3linux/UG3-HeadWornUnit-V2-Firmware/seeg/seeg.runs/synth_1/.Xil/Vivado-305229-ug3linux/realtime/main_smartconnect_0_2_stub.v:6]
INFO: [Synth 8-6155] done synthesizing module 'main_smartconnect_0_2' (0#1) [/home/ug3linux/UG3-HeadWornUnit-V2-Firmware/seeg/seeg.runs/synth_1/.Xil/Vivado-305229-ug3linux/realtime/main_smartconnect_0_2_stub.v:6]
INFO: [Synth 8-6157] synthesizing module 'stimulation_inst_0' [/home/ug3linux/UG3-HeadWornUnit-V2-Firmware/seeg/seeg.gen/sources_1/bd/main/bd/stimulation_inst_0/synth/stimulation_inst_0.v:13]
INFO: [Synth 8-6157] synthesizing module 'stimulation_inst_0_axis_data_fifo_0_0' [/home/ug3linux/UG3-HeadWornUnit-V2-Firmware/seeg/seeg.runs/synth_1/.Xil/Vivado-305229-ug3linux/realtime/stimulation_inst_0_axis_data_fifo_0_0_stub.v:6]
INFO: [Synth 8-6155] done synthesizing module 'stimulation_inst_0_axis_data_fifo_0_0' (0#1) [/home/ug3linux/UG3-HeadWornUnit-V2-Firmware/seeg/seeg.runs/synth_1/.Xil/Vivado-305229-ug3linux/realtime/stimulation_inst_0_axis_data_fifo_0_0_stub.v:6]
INFO: [Synth 8-6157] synthesizing module 'stimulation_inst_0_rhs_axi_0_0' [/home/ug3linux/UG3-HeadWornUnit-V2-Firmware/seeg/seeg.runs/synth_1/.Xil/Vivado-305229-ug3linux/realtime/stimulation_inst_0_rhs_axi_0_0_stub.v:6]
INFO: [Synth 8-6155] done synthesizing module 'stimulation_inst_0_rhs_axi_0_0' (0#1) [/home/ug3linux/UG3-HeadWornUnit-V2-Firmware/seeg/seeg.runs/synth_1/.Xil/Vivado-305229-ug3linux/realtime/stimulation_inst_0_rhs_axi_0_0_stub.v:6]
INFO: [Synth 8-6157] synthesizing module 'stimulation_inst_0_util_vector_logic_0_0' [/home/ug3linux/UG3-HeadWornUnit-V2-Firmware/seeg/seeg.runs/synth_1/.Xil/Vivado-305229-ug3linux/realtime/stimulation_inst_0_util_vector_logic_0_0_stub.v:6]
INFO: [Synth 8-6155] done synthesizing module 'stimulation_inst_0_util_vector_logic_0_0' (0#1) [/home/ug3linux/UG3-HeadWornUnit-V2-Firmware/seeg/seeg.runs/synth_1/.Xil/Vivado-305229-ug3linux/realtime/stimulation_inst_0_util_vector_logic_0_0_stub.v:6]
INFO: [Synth 8-6155] done synthesizing module 'stimulation_inst_0' (0#1) [/home/ug3linux/UG3-HeadWornUnit-V2-Firmware/seeg/seeg.gen/sources_1/bd/main/bd/stimulation_inst_0/synth/stimulation_inst_0.v:13]
WARNING: [Synth 8-7071] port 'M_AXIS_tdata' of module 'stimulation_inst_0' is unconnected for instance 'stimulation_0' [/home/ug3linux/UG3-HeadWornUnit-V2-Firmware/seeg/seeg.gen/sources_1/bd/main/synth/main.v:987]
WARNING: [Synth 8-7071] port 'M_AXIS_tlast' of module 'stimulation_inst_0' is unconnected for instance 'stimulation_0' [/home/ug3linux/UG3-HeadWornUnit-V2-Firmware/seeg/seeg.gen/sources_1/bd/main/synth/main.v:987]
WARNING: [Synth 8-7071] port 'M_AXIS_tvalid' of module 'stimulation_inst_0' is unconnected for instance 'stimulation_0' [/home/ug3linux/UG3-HeadWornUnit-V2-Firmware/seeg/seeg.gen/sources_1/bd/main/synth/main.v:987]
WARNING: [Synth 8-7023] instance 'stimulation_0' of module 'stimulation_inst_0' has 33 connections declared, but only 30 given [/home/ug3linux/UG3-HeadWornUnit-V2-Firmware/seeg/seeg.gen/sources_1/bd/main/synth/main.v:987]
INFO: [Synth 8-6157] synthesizing module 'main_zynq_ultra_ps_e_0_0' [/home/ug3linux/UG3-HeadWornUnit-V2-Firmware/seeg/seeg.runs/synth_1/.Xil/Vivado-305229-ug3linux/realtime/main_zynq_ultra_ps_e_0_0_stub.v:6]
INFO: [Synth 8-6155] done synthesizing module 'main_zynq_ultra_ps_e_0_0' (0#1) [/home/ug3linux/UG3-HeadWornUnit-V2-Firmware/seeg/seeg.runs/synth_1/.Xil/Vivado-305229-ug3linux/realtime/main_zynq_ultra_ps_e_0_0_stub.v:6]
WARNING: [Synth 8-7071] port 'saxigp0_bid' of module 'main_zynq_ultra_ps_e_0_0' is unconnected for instance 'zynq_ultra_ps_e_0' [/home/ug3linux/UG3-HeadWornUnit-V2-Firmware/seeg/seeg.gen/sources_1/bd/main/synth/main.v:1018]
WARNING: [Synth 8-7071] port 'saxigp0_rid' of module 'main_zynq_ultra_ps_e_0_0' is unconnected for instance 'zynq_ultra_ps_e_0' [/home/ug3linux/UG3-HeadWornUnit-V2-Firmware/seeg/seeg.gen/sources_1/bd/main/synth/main.v:1018]
WARNING: [Synth 8-7071] port 'emio_gpio_o' of module 'main_zynq_ultra_ps_e_0_0' is unconnected for instance 'zynq_ultra_ps_e_0' [/home/ug3linux/UG3-HeadWornUnit-V2-Firmware/seeg/seeg.gen/sources_1/bd/main/synth/main.v:1018]
WARNING: [Synth 8-7071] port 'emio_gpio_t' of module 'main_zynq_ultra_ps_e_0_0' is unconnected for instance 'zynq_ultra_ps_e_0' [/home/ug3linux/UG3-HeadWornUnit-V2-Firmware/seeg/seeg.gen/sources_1/bd/main/synth/main.v:1018]
WARNING: [Synth 8-7023] instance 'zynq_ultra_ps_e_0' of module 'main_zynq_ultra_ps_e_0_0' has 86 connections declared, but only 82 given [/home/ug3linux/UG3-HeadWornUnit-V2-Firmware/seeg/seeg.gen/sources_1/bd/main/synth/main.v:1018]
INFO: [Synth 8-6155] done synthesizing module 'main' (0#1) [/home/ug3linux/UG3-HeadWornUnit-V2-Firmware/seeg/seeg.gen/sources_1/bd/main/synth/main.v:13]
INFO: [Synth 8-6155] done synthesizing module 'main_wrapper' (0#1) [/home/ug3linux/UG3-HeadWornUnit-V2-Firmware/seeg/seeg.gen/sources_1/bd/main/hdl/main_wrapper.v:13]
---------------------------------------------------------------------------------
Finished RTL Elaboration : Time (s): cpu = 00:00:03 ; elapsed = 00:00:03 . Memory (MB): peak = 2669.227 ; gain = 316.734 ; free physical = 26070 ; free virtual = 58367
---------------------------------------------------------------------------------
---------------------------------------------------------------------------------
Start Handling Custom Attributes
---------------------------------------------------------------------------------
---------------------------------------------------------------------------------
Finished Handling Custom Attributes : Time (s): cpu = 00:00:03 ; elapsed = 00:00:03 . Memory (MB): peak = 2669.227 ; gain = 316.734 ; free physical = 26070 ; free virtual = 58367
---------------------------------------------------------------------------------
---------------------------------------------------------------------------------
Finished RTL Optimization Phase 1 : Time (s): cpu = 00:00:03 ; elapsed = 00:00:03 . Memory (MB): peak = 2669.227 ; gain = 316.734 ; free physical = 26070 ; free virtual = 58367
---------------------------------------------------------------------------------
Netlist sorting complete. Time (s): cpu = 00:00:00 ; elapsed = 00:00:00.01 . Memory (MB): peak = 2669.227 ; gain = 0.000 ; free physical = 26070 ; free virtual = 58367
INFO: [Project 1-570] Preparing netlist for logic optimization

Processing XDC Constraints
Initializing timing engine
Parsing XDC File [/home/ug3linux/UG3-HeadWornUnit-V2-Firmware/seeg/seeg.gen/sources_1/bd/main/bd/recording_inst_0/ip/recording_inst_0_axis_data_fifo_0_0/recording_inst_0_axis_data_fifo_0_0/recording_inst_0_axis_data_fifo_0_0_in_context.xdc] for cell 'main_i/recording_0/axis_data_fifo_0'
Finished Parsing XDC File [/home/ug3linux/UG3-HeadWornUnit-V2-Firmware/seeg/seeg.gen/sources_1/bd/main/bd/recording_inst_0/ip/recording_inst_0_axis_data_fifo_0_0/recording_inst_0_axis_data_fifo_0_0/recording_inst_0_axis_data_fifo_0_0_in_context.xdc] for cell 'main_i/recording_0/axis_data_fifo_0'
Parsing XDC File [/home/ug3linux/UG3-HeadWornUnit-V2-Firmware/seeg/seeg.gen/sources_1/bd/main/bd/recording_inst_0/ip/recording_inst_0_util_vector_logic_0_0/recording_inst_0_util_vector_logic_0_0/stimulation_inst_0_util_vector_logic_0_0_in_context.xdc] for cell 'main_i/recording_0/util_vector_logic_0'
Finished Parsing XDC File [/home/ug3linux/UG3-HeadWornUnit-V2-Firmware/seeg/seeg.gen/sources_1/bd/main/bd/recording_inst_0/ip/recording_inst_0_util_vector_logic_0_0/recording_inst_0_util_vector_logic_0_0/stimulation_inst_0_util_vector_logic_0_0_in_context.xdc] for cell 'main_i/recording_0/util_vector_logic_0'
Parsing XDC File [/home/ug3linux/UG3-HeadWornUnit-V2-Firmware/seeg/seeg.gen/sources_1/bd/main/bd/recording_inst_0/ip/recording_inst_0_util_vector_logic_1_0/recording_inst_0_util_vector_logic_1_0/stimulation_inst_0_util_vector_logic_0_0_in_context.xdc] for cell 'main_i/recording_0/util_vector_logic_1'
Finished Parsing XDC File [/home/ug3linux/UG3-HeadWornUnit-V2-Firmware/seeg/seeg.gen/sources_1/bd/main/bd/recording_inst_0/ip/recording_inst_0_util_vector_logic_1_0/recording_inst_0_util_vector_logic_1_0/stimulation_inst_0_util_vector_logic_0_0_in_context.xdc] for cell 'main_i/recording_0/util_vector_logic_1'
Parsing XDC File [/home/ug3linux/UG3-HeadWornUnit-V2-Firmware/seeg/seeg.gen/sources_1/bd/main/bd/recording_inst_0/ip/recording_inst_0_RisingEdgeCounter_0_0/recording_inst_0_RisingEdgeCounter_0_0/recording_inst_0_RisingEdgeCounter_0_0_in_context.xdc] for cell 'main_i/recording_0/RisingEdgeCounter_0'
Finished Parsing XDC File [/home/ug3linux/UG3-HeadWornUnit-V2-Firmware/seeg/seeg.gen/sources_1/bd/main/bd/recording_inst_0/ip/recording_inst_0_RisingEdgeCounter_0_0/recording_inst_0_RisingEdgeCounter_0_0/recording_inst_0_RisingEdgeCounter_0_0_in_context.xdc] for cell 'main_i/recording_0/RisingEdgeCounter_0'
Parsing XDC File [/home/ug3linux/UG3-HeadWornUnit-V2-Firmware/seeg/seeg.gen/sources_1/bd/main/bd/recording_inst_0/ip/recording_inst_0_rhd_diff_to_single_0_0/recording_inst_0_rhd_diff_to_single_0_0/recording_inst_0_rhd_diff_to_single_0_0_in_context.xdc] for cell 'main_i/recording_0/rhd_diff_to_single_0'
Finished Parsing XDC File [/home/ug3linux/UG3-HeadWornUnit-V2-Firmware/seeg/seeg.gen/sources_1/bd/main/bd/recording_inst_0/ip/recording_inst_0_rhd_diff_to_single_0_0/recording_inst_0_rhd_diff_to_single_0_0/recording_inst_0_rhd_diff_to_single_0_0_in_context.xdc] for cell 'main_i/recording_0/rhd_diff_to_single_0'
Parsing XDC File [/home/ug3linux/UG3-HeadWornUnit-V2-Firmware/seeg/seeg.gen/sources_1/bd/main/bd/recording_inst_0/ip/recording_inst_0_rhd_axi_0_0/recording_inst_0_rhd_axi_0_0/recording_inst_0_rhd_axi_0_0_in_context.xdc] for cell 'main_i/recording_0/rhd_axi_0'
Finished Parsing XDC File [/home/ug3linux/UG3-HeadWornUnit-V2-Firmware/seeg/seeg.gen/sources_1/bd/main/bd/recording_inst_0/ip/recording_inst_0_rhd_axi_0_0/recording_inst_0_rhd_axi_0_0/recording_inst_0_rhd_axi_0_0_in_context.xdc] for cell 'main_i/recording_0/rhd_axi_0'
Parsing XDC File [/home/ug3linux/UG3-HeadWornUnit-V2-Firmware/seeg/seeg.gen/sources_1/bd/main/bd/stimulation_inst_0/ip/stimulation_inst_0_util_vector_logic_0_0/stimulation_inst_0_util_vector_logic_0_0/stimulation_inst_0_util_vector_logic_0_0_in_context.xdc] for cell 'main_i/stimulation_0/util_vector_logic_0'
Finished Parsing XDC File [/home/ug3linux/UG3-HeadWornUnit-V2-Firmware/seeg/seeg.gen/sources_1/bd/main/bd/stimulation_inst_0/ip/stimulation_inst_0_util_vector_logic_0_0/stimulation_inst_0_util_vector_logic_0_0/stimulation_inst_0_util_vector_logic_0_0_in_context.xdc] for cell 'main_i/stimulation_0/util_vector_logic_0'
Parsing XDC File [/home/ug3linux/UG3-HeadWornUnit-V2-Firmware/seeg/seeg.gen/sources_1/bd/main/bd/stimulation_inst_0/ip/stimulation_inst_0_axis_data_fifo_0_0/stimulation_inst_0_axis_data_fifo_0_0/stimulation_inst_0_axis_data_fifo_0_0_in_context.xdc] for cell 'main_i/stimulation_0/axis_data_fifo_0'
Finished Parsing XDC File [/home/ug3linux/UG3-HeadWornUnit-V2-Firmware/seeg/seeg.gen/sources_1/bd/main/bd/stimulation_inst_0/ip/stimulation_inst_0_axis_data_fifo_0_0/stimulation_inst_0_axis_data_fifo_0_0/stimulation_inst_0_axis_data_fifo_0_0_in_context.xdc] for cell 'main_i/stimulation_0/axis_data_fifo_0'
Parsing XDC File [/home/ug3linux/UG3-HeadWornUnit-V2-Firmware/seeg/seeg.gen/sources_1/bd/main/bd/stimulation_inst_0/ip/stimulation_inst_0_rhs_axi_0_0/stimulation_inst_0_rhs_axi_0_0/stimulation_inst_0_rhs_axi_0_0_in_context.xdc] for cell 'main_i/stimulation_0/rhs_axi_0'
Finished Parsing XDC File [/home/ug3linux/UG3-HeadWornUnit-V2-Firmware/seeg/seeg.gen/sources_1/bd/main/bd/stimulation_inst_0/ip/stimulation_inst_0_rhs_axi_0_0/stimulation_inst_0_rhs_axi_0_0/stimulation_inst_0_rhs_axi_0_0_in_context.xdc] for cell 'main_i/stimulation_0/rhs_axi_0'
Parsing XDC File [/home/ug3linux/UG3-HeadWornUnit-V2-Firmware/seeg/seeg.gen/sources_1/bd/main/ip/main_zynq_ultra_ps_e_0_0/main_zynq_ultra_ps_e_0_0/main_zynq_ultra_ps_e_0_0_in_context.xdc] for cell 'main_i/zynq_ultra_ps_e_0'
Finished Parsing XDC File [/home/ug3linux/UG3-HeadWornUnit-V2-Firmware/seeg/seeg.gen/sources_1/bd/main/ip/main_zynq_ultra_ps_e_0_0/main_zynq_ultra_ps_e_0_0/main_zynq_ultra_ps_e_0_0_in_context.xdc] for cell 'main_i/zynq_ultra_ps_e_0'
Parsing XDC File [/home/ug3linux/UG3-HeadWornUnit-V2-Firmware/seeg/seeg.gen/sources_1/bd/main/ip/main_smartconnect_0_0/main_smartconnect_0_0/main_smartconnect_0_0_in_context.xdc] for cell 'main_i/master_smartconnect_0'
Finished Parsing XDC File [/home/ug3linux/UG3-HeadWornUnit-V2-Firmware/seeg/seeg.gen/sources_1/bd/main/ip/main_smartconnect_0_0/main_smartconnect_0_0/main_smartconnect_0_0_in_context.xdc] for cell 'main_i/master_smartconnect_0'
Parsing XDC File [/home/ug3linux/UG3-HeadWornUnit-V2-Firmware/seeg/seeg.gen/sources_1/bd/main/ip/main_proc_sys_reset_0_0/main_proc_sys_reset_0_0/main_proc_sys_reset_0_0_in_context.xdc] for cell 'main_i/proc_sys_reset_100M'
Finished Parsing XDC File [/home/ug3linux/UG3-HeadWornUnit-V2-Firmware/seeg/seeg.gen/sources_1/bd/main/ip/main_proc_sys_reset_0_0/main_proc_sys_reset_0_0/main_proc_sys_reset_0_0_in_context.xdc] for cell 'main_i/proc_sys_reset_100M'
Parsing XDC File [/home/ug3linux/UG3-HeadWornUnit-V2-Firmware/seeg/seeg.gen/sources_1/bd/main/ip/main_smartconnect_0_1/main_smartconnect_0_1/main_smartconnect_0_1_in_context.xdc] for cell 'main_i/master_smartconnect_1'
Finished Parsing XDC File [/home/ug3linux/UG3-HeadWornUnit-V2-Firmware/seeg/seeg.gen/sources_1/bd/main/ip/main_smartconnect_0_1/main_smartconnect_0_1/main_smartconnect_0_1_in_context.xdc] for cell 'main_i/master_smartconnect_1'
Parsing XDC File [/home/ug3linux/UG3-HeadWornUnit-V2-Firmware/seeg/seeg.gen/sources_1/bd/main/ip/main_clk_wiz_0_0/main_clk_wiz_0_0/main_clk_wiz_0_0_in_context.xdc] for cell 'main_i/clk_wiz_0'
Finished Parsing XDC File [/home/ug3linux/UG3-HeadWornUnit-V2-Firmware/seeg/seeg.gen/sources_1/bd/main/ip/main_clk_wiz_0_0/main_clk_wiz_0_0/main_clk_wiz_0_0_in_context.xdc] for cell 'main_i/clk_wiz_0'
Parsing XDC File [/home/ug3linux/UG3-HeadWornUnit-V2-Firmware/seeg/seeg.gen/sources_1/bd/main/ip/main_proc_sys_reset_0_1/main_proc_sys_reset_0_1/main_proc_sys_reset_0_1_in_context.xdc] for cell 'main_i/proc_sys_reset_rhd'
Finished Parsing XDC File [/home/ug3linux/UG3-HeadWornUnit-V2-Firmware/seeg/seeg.gen/sources_1/bd/main/ip/main_proc_sys_reset_0_1/main_proc_sys_reset_0_1/main_proc_sys_reset_0_1_in_context.xdc] for cell 'main_i/proc_sys_reset_rhd'
Parsing XDC File [/home/ug3linux/UG3-HeadWornUnit-V2-Firmware/seeg/seeg.gen/sources_1/bd/main/ip/main_proc_sys_reset_0_2/main_proc_sys_reset_0_2/main_proc_sys_reset_0_2_in_context.xdc] for cell 'main_i/proc_sys_reset_rhs'
Finished Parsing XDC File [/home/ug3linux/UG3-HeadWornUnit-V2-Firmware/seeg/seeg.gen/sources_1/bd/main/ip/main_proc_sys_reset_0_2/main_proc_sys_reset_0_2/main_proc_sys_reset_0_2_in_context.xdc] for cell 'main_i/proc_sys_reset_rhs'
Parsing XDC File [/home/ug3linux/UG3-HeadWornUnit-V2-Firmware/seeg/seeg.gen/sources_1/bd/main/ip/main_smartconnect_0_2/main_smartconnect_0_2/main_smartconnect_0_2_in_context.xdc] for cell 'main_i/slave_smartconnect_0'
Finished Parsing XDC File [/home/ug3linux/UG3-HeadWornUnit-V2-Firmware/seeg/seeg.gen/sources_1/bd/main/ip/main_smartconnect_0_2/main_smartconnect_0_2/main_smartconnect_0_2_in_context.xdc] for cell 'main_i/slave_smartconnect_0'
Parsing XDC File [/home/ug3linux/UG3-HeadWornUnit-V2-Firmware/seeg/seeg.gen/sources_1/bd/main/ip/main_axi_dma_0_0/main_axi_dma_0_0/main_axi_dma_0_0_in_context.xdc] for cell 'main_i/axi_dma_0'
Finished Parsing XDC File [/home/ug3linux/UG3-HeadWornUnit-V2-Firmware/seeg/seeg.gen/sources_1/bd/main/ip/main_axi_dma_0_0/main_axi_dma_0_0/main_axi_dma_0_0_in_context.xdc] for cell 'main_i/axi_dma_0'
Parsing XDC File [/home/ug3linux/UG3-HeadWornUnit-V2-Firmware/seeg/seeg.gen/sources_1/bd/main/ip/main_proc_sys_reset_0_3/main_proc_sys_reset_0_3/main_proc_sys_reset_0_3_in_context.xdc] for cell 'main_i/proc_sys_reset_250M'
Finished Parsing XDC File [/home/ug3linux/UG3-HeadWornUnit-V2-Firmware/seeg/seeg.gen/sources_1/bd/main/ip/main_proc_sys_reset_0_3/main_proc_sys_reset_0_3/main_proc_sys_reset_0_3_in_context.xdc] for cell 'main_i/proc_sys_reset_250M'
Parsing XDC File [/home/ug3linux/UG3-HeadWornUnit-V2-Firmware/seeg/seeg.gen/sources_1/bd/main/ip/main_clk_wiz_1_0/main_clk_wiz_1_0/main_clk_wiz_1_0_in_context.xdc] for cell 'main_i/clk_wiz_dma'
Finished Parsing XDC File [/home/ug3linux/UG3-HeadWornUnit-V2-Firmware/seeg/seeg.gen/sources_1/bd/main/ip/main_clk_wiz_1_0/main_clk_wiz_1_0/main_clk_wiz_1_0_in_context.xdc] for cell 'main_i/clk_wiz_dma'
Parsing XDC File [/home/ug3linux/UG3-HeadWornUnit-V2-Firmware/seeg/seeg.srcs/constrs_1/new/constraints.xdc]
Finished Parsing XDC File [/home/ug3linux/UG3-HeadWornUnit-V2-Firmware/seeg/seeg.srcs/constrs_1/new/constraints.xdc]
INFO: [Project 1-236] Implementation specific constraints were found while reading constraint file [/home/ug3linux/UG3-HeadWornUnit-V2-Firmware/seeg/seeg.srcs/constrs_1/new/constraints.xdc]. These constraints will be ignored for synthesis but will be used in implementation. Impacted constraints are listed in the file [.Xil/main_wrapper_propImpl.xdc].
Resolution: To avoid this warning, move constraints listed in [.Xil/main_wrapper_propImpl.xdc] to another XDC file and exclude this new file from synthesis with the used_in_synthesis property (File Properties dialog in GUI) and re-run elaboration/synthesis.
Parsing XDC File [/home/ug3linux/UG3-HeadWornUnit-V2-Firmware/seeg/seeg.runs/synth_1/dont_touch.xdc]
Finished Parsing XDC File [/home/ug3linux/UG3-HeadWornUnit-V2-Firmware/seeg/seeg.runs/synth_1/dont_touch.xdc]
INFO: [Project 1-236] Implementation specific constraints were found while reading constraint file [/home/ug3linux/UG3-HeadWornUnit-V2-Firmware/seeg/seeg.runs/synth_1/dont_touch.xdc]. These constraints will be ignored for synthesis but will be used in implementation. Impacted constraints are listed in the file [.Xil/main_wrapper_propImpl.xdc].
Resolution: To avoid this warning, move constraints listed in [.Xil/main_wrapper_propImpl.xdc] to another XDC file and exclude this new file from synthesis with the used_in_synthesis property (File Properties dialog in GUI) and re-run elaboration/synthesis.
Completed Processing XDC Constraints

Netlist sorting complete. Time (s): cpu = 00:00:00 ; elapsed = 00:00:00 . Memory (MB): peak = 2719.848 ; gain = 0.000 ; free physical = 26064 ; free virtual = 58362
INFO: [Project 1-111] Unisim Transformation Summary:
No Unisim elements were transformed.

Constraint Validation Runtime : Time (s): cpu = 00:00:00.01 ; elapsed = 00:00:00.01 . Memory (MB): peak = 2719.848 ; gain = 0.000 ; free physical = 26064 ; free virtual = 58362
WARNING: [Timing 38-316] Clock period '142.859' specified during out-of-context synthesis of instance 'main_i/master_smartconnect_1' at clock pin 'aclk1' is different from the actual clock period '142.857', this can lead to different synthesis results.
WARNING: [Timing 38-316] Clock period '142.859' specified during out-of-context synthesis of instance 'main_i/proc_sys_reset_rhd' at clock pin 'slowest_sync_clk' is different from the actual clock period '142.857', this can lead to different synthesis results.
WARNING: [Timing 38-316] Clock period '142.859' specified during out-of-context synthesis of instance 'main_i/recording_0/rhd_axi_0' at clock pin 's00_axi_aclk' is different from the actual clock period '142.857', this can lead to different synthesis results.
INFO: [Designutils 20-5440] No compile time benefit to using incremental synthesis; A full resynthesis will be run
INFO: [Designutils 20-4379] Flow is switching to default flow due to incremental criteria not met. If you would like to alter this behaviour and have the flow terminate instead, please set the following parameter config_implementation {autoIncr.Synth.RejectBehavior Terminate}
---------------------------------------------------------------------------------
Finished Constraint Validation : Time (s): cpu = 00:00:08 ; elapsed = 00:00:08 . Memory (MB): peak = 2719.848 ; gain = 367.355 ; free physical = 26061 ; free virtual = 58359
---------------------------------------------------------------------------------
---------------------------------------------------------------------------------
Start Loading Part and Timing Information
---------------------------------------------------------------------------------
Loading part: xck26-sfvc784-2LV-c
INFO: [Synth 8-6742] Reading net delay rules and data
---------------------------------------------------------------------------------
Finished Loading Part and Timing Information : Time (s): cpu = 00:00:08 ; elapsed = 00:00:08 . Memory (MB): peak = 2719.848 ; gain = 367.355 ; free physical = 26061 ; free virtual = 58359
---------------------------------------------------------------------------------
---------------------------------------------------------------------------------
Start Applying 'set_property' XDC Constraints
---------------------------------------------------------------------------------
Applied set_property IO_BUFFER_TYPE = NONE for RHD_MISO1_I_N. (constraint file  /home/ug3linux/UG3-HeadWornUnit-V2-Firmware/seeg/seeg.gen/sources_1/bd/main/bd/recording_inst_0/ip/recording_inst_0_rhd_diff_to_single_0_0/recording_inst_0_rhd_diff_to_single_0_0/recording_inst_0_rhd_diff_to_single_0_0_in_context.xdc, line 1).
Applied set_property CLOCK_BUFFER_TYPE = NONE for RHD_MISO1_I_N. (constraint file  /home/ug3linux/UG3-HeadWornUnit-V2-Firmware/seeg/seeg.gen/sources_1/bd/main/bd/recording_inst_0/ip/recording_inst_0_rhd_diff_to_single_0_0/recording_inst_0_rhd_diff_to_single_0_0/recording_inst_0_rhd_diff_to_single_0_0_in_context.xdc, line 2).
Applied set_property IO_BUFFER_TYPE = NONE for RHD_MISO1_I_P. (constraint file  /home/ug3linux/UG3-HeadWornUnit-V2-Firmware/seeg/seeg.gen/sources_1/bd/main/bd/recording_inst_0/ip/recording_inst_0_rhd_diff_to_single_0_0/recording_inst_0_rhd_diff_to_single_0_0/recording_inst_0_rhd_diff_to_single_0_0_in_context.xdc, line 3).
Applied set_property CLOCK_BUFFER_TYPE = NONE for RHD_MISO1_I_P. (constraint file  /home/ug3linux/UG3-HeadWornUnit-V2-Firmware/seeg/seeg.gen/sources_1/bd/main/bd/recording_inst_0/ip/recording_inst_0_rhd_diff_to_single_0_0/recording_inst_0_rhd_diff_to_single_0_0/recording_inst_0_rhd_diff_to_single_0_0_in_context.xdc, line 4).
Applied set_property IO_BUFFER_TYPE = NONE for RHD_MISO1_J_N. (constraint file  /home/ug3linux/UG3-HeadWornUnit-V2-Firmware/seeg/seeg.gen/sources_1/bd/main/bd/recording_inst_0/ip/recording_inst_0_rhd_diff_to_single_0_0/recording_inst_0_rhd_diff_to_single_0_0/recording_inst_0_rhd_diff_to_single_0_0_in_context.xdc, line 5).
Applied set_property CLOCK_BUFFER_TYPE = NONE for RHD_MISO1_J_N. (constraint file  /home/ug3linux/UG3-HeadWornUnit-V2-Firmware/seeg/seeg.gen/sources_1/bd/main/bd/recording_inst_0/ip/recording_inst_0_rhd_diff_to_single_0_0/recording_inst_0_rhd_diff_to_single_0_0/recording_inst_0_rhd_diff_to_single_0_0_in_context.xdc, line 6).
Applied set_property IO_BUFFER_TYPE = NONE for RHD_MISO1_J_P. (constraint file  /home/ug3linux/UG3-HeadWornUnit-V2-Firmware/seeg/seeg.gen/sources_1/bd/main/bd/recording_inst_0/ip/recording_inst_0_rhd_diff_to_single_0_0/recording_inst_0_rhd_diff_to_single_0_0/recording_inst_0_rhd_diff_to_single_0_0_in_context.xdc, line 7).
Applied set_property CLOCK_BUFFER_TYPE = NONE for RHD_MISO1_J_P. (constraint file  /home/ug3linux/UG3-HeadWornUnit-V2-Firmware/seeg/seeg.gen/sources_1/bd/main/bd/recording_inst_0/ip/recording_inst_0_rhd_diff_to_single_0_0/recording_inst_0_rhd_diff_to_single_0_0/recording_inst_0_rhd_diff_to_single_0_0_in_context.xdc, line 8).
Applied set_property IO_BUFFER_TYPE = NONE for RHD_MISO1_K_N. (constraint file  /home/ug3linux/UG3-HeadWornUnit-V2-Firmware/seeg/seeg.gen/sources_1/bd/main/bd/recording_inst_0/ip/recording_inst_0_rhd_diff_to_single_0_0/recording_inst_0_rhd_diff_to_single_0_0/recording_inst_0_rhd_diff_to_single_0_0_in_context.xdc, line 9).
Applied set_property CLOCK_BUFFER_TYPE = NONE for RHD_MISO1_K_N. (constraint file  /home/ug3linux/UG3-HeadWornUnit-V2-Firmware/seeg/seeg.gen/sources_1/bd/main/bd/recording_inst_0/ip/recording_inst_0_rhd_diff_to_single_0_0/recording_inst_0_rhd_diff_to_single_0_0/recording_inst_0_rhd_diff_to_single_0_0_in_context.xdc, line 10).
Applied set_property IO_BUFFER_TYPE = NONE for RHD_MISO1_K_P. (constraint file  /home/ug3linux/UG3-HeadWornUnit-V2-Firmware/seeg/seeg.gen/sources_1/bd/main/bd/recording_inst_0/ip/recording_inst_0_rhd_diff_to_single_0_0/recording_inst_0_rhd_diff_to_single_0_0/recording_inst_0_rhd_diff_to_single_0_0_in_context.xdc, line 11).
Applied set_property CLOCK_BUFFER_TYPE = NONE for RHD_MISO1_K_P. (constraint file  /home/ug3linux/UG3-HeadWornUnit-V2-Firmware/seeg/seeg.gen/sources_1/bd/main/bd/recording_inst_0/ip/recording_inst_0_rhd_diff_to_single_0_0/recording_inst_0_rhd_diff_to_single_0_0/recording_inst_0_rhd_diff_to_single_0_0_in_context.xdc, line 12).
Applied set_property IO_BUFFER_TYPE = NONE for RHD_MISO1_L_N. (constraint file  /home/ug3linux/UG3-HeadWornUnit-V2-Firmware/seeg/seeg.gen/sources_1/bd/main/bd/recording_inst_0/ip/recording_inst_0_rhd_diff_to_single_0_0/recording_inst_0_rhd_diff_to_single_0_0/recording_inst_0_rhd_diff_to_single_0_0_in_context.xdc, line 13).
Applied set_property CLOCK_BUFFER_TYPE = NONE for RHD_MISO1_L_N. (constraint file  /home/ug3linux/UG3-HeadWornUnit-V2-Firmware/seeg/seeg.gen/sources_1/bd/main/bd/recording_inst_0/ip/recording_inst_0_rhd_diff_to_single_0_0/recording_inst_0_rhd_diff_to_single_0_0/recording_inst_0_rhd_diff_to_single_0_0_in_context.xdc, line 14).
Applied set_property IO_BUFFER_TYPE = NONE for RHD_MISO1_L_P. (constraint file  /home/ug3linux/UG3-HeadWornUnit-V2-Firmware/seeg/seeg.gen/sources_1/bd/main/bd/recording_inst_0/ip/recording_inst_0_rhd_diff_to_single_0_0/recording_inst_0_rhd_diff_to_single_0_0/recording_inst_0_rhd_diff_to_single_0_0_in_context.xdc, line 15).
Applied set_property CLOCK_BUFFER_TYPE = NONE for RHD_MISO1_L_P. (constraint file  /home/ug3linux/UG3-HeadWornUnit-V2-Firmware/seeg/seeg.gen/sources_1/bd/main/bd/recording_inst_0/ip/recording_inst_0_rhd_diff_to_single_0_0/recording_inst_0_rhd_diff_to_single_0_0/recording_inst_0_rhd_diff_to_single_0_0_in_context.xdc, line 16).
Applied set_property IO_BUFFER_TYPE = NONE for RHD_MISO1_M_N. (constraint file  /home/ug3linux/UG3-HeadWornUnit-V2-Firmware/seeg/seeg.gen/sources_1/bd/main/bd/recording_inst_0/ip/recording_inst_0_rhd_diff_to_single_0_0/recording_inst_0_rhd_diff_to_single_0_0/recording_inst_0_rhd_diff_to_single_0_0_in_context.xdc, line 17).
Applied set_property CLOCK_BUFFER_TYPE = NONE for RHD_MISO1_M_N. (constraint file  /home/ug3linux/UG3-HeadWornUnit-V2-Firmware/seeg/seeg.gen/sources_1/bd/main/bd/recording_inst_0/ip/recording_inst_0_rhd_diff_to_single_0_0/recording_inst_0_rhd_diff_to_single_0_0/recording_inst_0_rhd_diff_to_single_0_0_in_context.xdc, line 18).
Applied set_property IO_BUFFER_TYPE = NONE for RHD_MISO1_M_P. (constraint file  /home/ug3linux/UG3-HeadWornUnit-V2-Firmware/seeg/seeg.gen/sources_1/bd/main/bd/recording_inst_0/ip/recording_inst_0_rhd_diff_to_single_0_0/recording_inst_0_rhd_diff_to_single_0_0/recording_inst_0_rhd_diff_to_single_0_0_in_context.xdc, line 19).
Applied set_property CLOCK_BUFFER_TYPE = NONE for RHD_MISO1_M_P. (constraint file  /home/ug3linux/UG3-HeadWornUnit-V2-Firmware/seeg/seeg.gen/sources_1/bd/main/bd/recording_inst_0/ip/recording_inst_0_rhd_diff_to_single_0_0/recording_inst_0_rhd_diff_to_single_0_0/recording_inst_0_rhd_diff_to_single_0_0_in_context.xdc, line 20).
Applied set_property IO_BUFFER_TYPE = NONE for RHD_MISO1_N_N. (constraint file  /home/ug3linux/UG3-HeadWornUnit-V2-Firmware/seeg/seeg.gen/sources_1/bd/main/bd/recording_inst_0/ip/recording_inst_0_rhd_diff_to_single_0_0/recording_inst_0_rhd_diff_to_single_0_0/recording_inst_0_rhd_diff_to_single_0_0_in_context.xdc, line 21).
Applied set_property CLOCK_BUFFER_TYPE = NONE for RHD_MISO1_N_N. (constraint file  /home/ug3linux/UG3-HeadWornUnit-V2-Firmware/seeg/seeg.gen/sources_1/bd/main/bd/recording_inst_0/ip/recording_inst_0_rhd_diff_to_single_0_0/recording_inst_0_rhd_diff_to_single_0_0/recording_inst_0_rhd_diff_to_single_0_0_in_context.xdc, line 22).
Applied set_property IO_BUFFER_TYPE = NONE for RHD_MISO1_N_P. (constraint file  /home/ug3linux/UG3-HeadWornUnit-V2-Firmware/seeg/seeg.gen/sources_1/bd/main/bd/recording_inst_0/ip/recording_inst_0_rhd_diff_to_single_0_0/recording_inst_0_rhd_diff_to_single_0_0/recording_inst_0_rhd_diff_to_single_0_0_in_context.xdc, line 23).
Applied set_property CLOCK_BUFFER_TYPE = NONE for RHD_MISO1_N_P. (constraint file  /home/ug3linux/UG3-HeadWornUnit-V2-Firmware/seeg/seeg.gen/sources_1/bd/main/bd/recording_inst_0/ip/recording_inst_0_rhd_diff_to_single_0_0/recording_inst_0_rhd_diff_to_single_0_0/recording_inst_0_rhd_diff_to_single_0_0_in_context.xdc, line 24).
Applied set_property IO_BUFFER_TYPE = NONE for RHD_MISO1_O_N. (constraint file  /home/ug3linux/UG3-HeadWornUnit-V2-Firmware/seeg/seeg.gen/sources_1/bd/main/bd/recording_inst_0/ip/recording_inst_0_rhd_diff_to_single_0_0/recording_inst_0_rhd_diff_to_single_0_0/recording_inst_0_rhd_diff_to_single_0_0_in_context.xdc, line 25).
Applied set_property CLOCK_BUFFER_TYPE = NONE for RHD_MISO1_O_N. (constraint file  /home/ug3linux/UG3-HeadWornUnit-V2-Firmware/seeg/seeg.gen/sources_1/bd/main/bd/recording_inst_0/ip/recording_inst_0_rhd_diff_to_single_0_0/recording_inst_0_rhd_diff_to_single_0_0/recording_inst_0_rhd_diff_to_single_0_0_in_context.xdc, line 26).
Applied set_property IO_BUFFER_TYPE = NONE for RHD_MISO1_O_P. (constraint file  /home/ug3linux/UG3-HeadWornUnit-V2-Firmware/seeg/seeg.gen/sources_1/bd/main/bd/recording_inst_0/ip/recording_inst_0_rhd_diff_to_single_0_0/recording_inst_0_rhd_diff_to_single_0_0/recording_inst_0_rhd_diff_to_single_0_0_in_context.xdc, line 27).
Applied set_property CLOCK_BUFFER_TYPE = NONE for RHD_MISO1_O_P. (constraint file  /home/ug3linux/UG3-HeadWornUnit-V2-Firmware/seeg/seeg.gen/sources_1/bd/main/bd/recording_inst_0/ip/recording_inst_0_rhd_diff_to_single_0_0/recording_inst_0_rhd_diff_to_single_0_0/recording_inst_0_rhd_diff_to_single_0_0_in_context.xdc, line 28).
Applied set_property IO_BUFFER_TYPE = NONE for RHD_MISO1_P_N. (constraint file  /home/ug3linux/UG3-HeadWornUnit-V2-Firmware/seeg/seeg.gen/sources_1/bd/main/bd/recording_inst_0/ip/recording_inst_0_rhd_diff_to_single_0_0/recording_inst_0_rhd_diff_to_single_0_0/recording_inst_0_rhd_diff_to_single_0_0_in_context.xdc, line 29).
Applied set_property CLOCK_BUFFER_TYPE = NONE for RHD_MISO1_P_N. (constraint file  /home/ug3linux/UG3-HeadWornUnit-V2-Firmware/seeg/seeg.gen/sources_1/bd/main/bd/recording_inst_0/ip/recording_inst_0_rhd_diff_to_single_0_0/recording_inst_0_rhd_diff_to_single_0_0/recording_inst_0_rhd_diff_to_single_0_0_in_context.xdc, line 30).
Applied set_property IO_BUFFER_TYPE = NONE for RHD_MISO1_P_P. (constraint file  /home/ug3linux/UG3-HeadWornUnit-V2-Firmware/seeg/seeg.gen/sources_1/bd/main/bd/recording_inst_0/ip/recording_inst_0_rhd_diff_to_single_0_0/recording_inst_0_rhd_diff_to_single_0_0/recording_inst_0_rhd_diff_to_single_0_0_in_context.xdc, line 31).
Applied set_property CLOCK_BUFFER_TYPE = NONE for RHD_MISO1_P_P. (constraint file  /home/ug3linux/UG3-HeadWornUnit-V2-Firmware/seeg/seeg.gen/sources_1/bd/main/bd/recording_inst_0/ip/recording_inst_0_rhd_diff_to_single_0_0/recording_inst_0_rhd_diff_to_single_0_0/recording_inst_0_rhd_diff_to_single_0_0_in_context.xdc, line 32).
Applied set_property IO_BUFFER_TYPE = NONE for RHD_MISO2_I_N. (constraint file  /home/ug3linux/UG3-HeadWornUnit-V2-Firmware/seeg/seeg.gen/sources_1/bd/main/bd/recording_inst_0/ip/recording_inst_0_rhd_diff_to_single_0_0/recording_inst_0_rhd_diff_to_single_0_0/recording_inst_0_rhd_diff_to_single_0_0_in_context.xdc, line 33).
Applied set_property CLOCK_BUFFER_TYPE = NONE for RHD_MISO2_I_N. (constraint file  /home/ug3linux/UG3-HeadWornUnit-V2-Firmware/seeg/seeg.gen/sources_1/bd/main/bd/recording_inst_0/ip/recording_inst_0_rhd_diff_to_single_0_0/recording_inst_0_rhd_diff_to_single_0_0/recording_inst_0_rhd_diff_to_single_0_0_in_context.xdc, line 34).
Applied set_property IO_BUFFER_TYPE = NONE for RHD_MISO2_I_P. (constraint file  /home/ug3linux/UG3-HeadWornUnit-V2-Firmware/seeg/seeg.gen/sources_1/bd/main/bd/recording_inst_0/ip/recording_inst_0_rhd_diff_to_single_0_0/recording_inst_0_rhd_diff_to_single_0_0/recording_inst_0_rhd_diff_to_single_0_0_in_context.xdc, line 35).
Applied set_property CLOCK_BUFFER_TYPE = NONE for RHD_MISO2_I_P. (constraint file  /home/ug3linux/UG3-HeadWornUnit-V2-Firmware/seeg/seeg.gen/sources_1/bd/main/bd/recording_inst_0/ip/recording_inst_0_rhd_diff_to_single_0_0/recording_inst_0_rhd_diff_to_single_0_0/recording_inst_0_rhd_diff_to_single_0_0_in_context.xdc, line 36).
Applied set_property IO_BUFFER_TYPE = NONE for RHD_MISO2_J_N. (constraint file  /home/ug3linux/UG3-HeadWornUnit-V2-Firmware/seeg/seeg.gen/sources_1/bd/main/bd/recording_inst_0/ip/recording_inst_0_rhd_diff_to_single_0_0/recording_inst_0_rhd_diff_to_single_0_0/recording_inst_0_rhd_diff_to_single_0_0_in_context.xdc, line 37).
Applied set_property CLOCK_BUFFER_TYPE = NONE for RHD_MISO2_J_N. (constraint file  /home/ug3linux/UG3-HeadWornUnit-V2-Firmware/seeg/seeg.gen/sources_1/bd/main/bd/recording_inst_0/ip/recording_inst_0_rhd_diff_to_single_0_0/recording_inst_0_rhd_diff_to_single_0_0/recording_inst_0_rhd_diff_to_single_0_0_in_context.xdc, line 38).
Applied set_property IO_BUFFER_TYPE = NONE for RHD_MISO2_J_P. (constraint file  /home/ug3linux/UG3-HeadWornUnit-V2-Firmware/seeg/seeg.gen/sources_1/bd/main/bd/recording_inst_0/ip/recording_inst_0_rhd_diff_to_single_0_0/recording_inst_0_rhd_diff_to_single_0_0/recording_inst_0_rhd_diff_to_single_0_0_in_context.xdc, line 39).
Applied set_property CLOCK_BUFFER_TYPE = NONE for RHD_MISO2_J_P. (constraint file  /home/ug3linux/UG3-HeadWornUnit-V2-Firmware/seeg/seeg.gen/sources_1/bd/main/bd/recording_inst_0/ip/recording_inst_0_rhd_diff_to_single_0_0/recording_inst_0_rhd_diff_to_single_0_0/recording_inst_0_rhd_diff_to_single_0_0_in_context.xdc, line 40).
Applied set_property IO_BUFFER_TYPE = NONE for RHD_MISO2_K_N. (constraint file  /home/ug3linux/UG3-HeadWornUnit-V2-Firmware/seeg/seeg.gen/sources_1/bd/main/bd/recording_inst_0/ip/recording_inst_0_rhd_diff_to_single_0_0/recording_inst_0_rhd_diff_to_single_0_0/recording_inst_0_rhd_diff_to_single_0_0_in_context.xdc, line 41).
Applied set_property CLOCK_BUFFER_TYPE = NONE for RHD_MISO2_K_N. (constraint file  /home/ug3linux/UG3-HeadWornUnit-V2-Firmware/seeg/seeg.gen/sources_1/bd/main/bd/recording_inst_0/ip/recording_inst_0_rhd_diff_to_single_0_0/recording_inst_0_rhd_diff_to_single_0_0/recording_inst_0_rhd_diff_to_single_0_0_in_context.xdc, line 42).
Applied set_property IO_BUFFER_TYPE = NONE for RHD_MISO2_K_P. (constraint file  /home/ug3linux/UG3-HeadWornUnit-V2-Firmware/seeg/seeg.gen/sources_1/bd/main/bd/recording_inst_0/ip/recording_inst_0_rhd_diff_to_single_0_0/recording_inst_0_rhd_diff_to_single_0_0/recording_inst_0_rhd_diff_to_single_0_0_in_context.xdc, line 43).
Applied set_property CLOCK_BUFFER_TYPE = NONE for RHD_MISO2_K_P. (constraint file  /home/ug3linux/UG3-HeadWornUnit-V2-Firmware/seeg/seeg.gen/sources_1/bd/main/bd/recording_inst_0/ip/recording_inst_0_rhd_diff_to_single_0_0/recording_inst_0_rhd_diff_to_single_0_0/recording_inst_0_rhd_diff_to_single_0_0_in_context.xdc, line 44).
Applied set_property IO_BUFFER_TYPE = NONE for RHD_MISO2_L_N. (constraint file  /home/ug3linux/UG3-HeadWornUnit-V2-Firmware/seeg/seeg.gen/sources_1/bd/main/bd/recording_inst_0/ip/recording_inst_0_rhd_diff_to_single_0_0/recording_inst_0_rhd_diff_to_single_0_0/recording_inst_0_rhd_diff_to_single_0_0_in_context.xdc, line 45).
Applied set_property CLOCK_BUFFER_TYPE = NONE for RHD_MISO2_L_N. (constraint file  /home/ug3linux/UG3-HeadWornUnit-V2-Firmware/seeg/seeg.gen/sources_1/bd/main/bd/recording_inst_0/ip/recording_inst_0_rhd_diff_to_single_0_0/recording_inst_0_rhd_diff_to_single_0_0/recording_inst_0_rhd_diff_to_single_0_0_in_context.xdc, line 46).
Applied set_property IO_BUFFER_TYPE = NONE for RHD_MISO2_L_P. (constraint file  /home/ug3linux/UG3-HeadWornUnit-V2-Firmware/seeg/seeg.gen/sources_1/bd/main/bd/recording_inst_0/ip/recording_inst_0_rhd_diff_to_single_0_0/recording_inst_0_rhd_diff_to_single_0_0/recording_inst_0_rhd_diff_to_single_0_0_in_context.xdc, line 47).
Applied set_property CLOCK_BUFFER_TYPE = NONE for RHD_MISO2_L_P. (constraint file  /home/ug3linux/UG3-HeadWornUnit-V2-Firmware/seeg/seeg.gen/sources_1/bd/main/bd/recording_inst_0/ip/recording_inst_0_rhd_diff_to_single_0_0/recording_inst_0_rhd_diff_to_single_0_0/recording_inst_0_rhd_diff_to_single_0_0_in_context.xdc, line 48).
Applied set_property IO_BUFFER_TYPE = NONE for RHD_MISO2_M_N. (constraint file  /home/ug3linux/UG3-HeadWornUnit-V2-Firmware/seeg/seeg.gen/sources_1/bd/main/bd/recording_inst_0/ip/recording_inst_0_rhd_diff_to_single_0_0/recording_inst_0_rhd_diff_to_single_0_0/recording_inst_0_rhd_diff_to_single_0_0_in_context.xdc, line 49).
Applied set_property CLOCK_BUFFER_TYPE = NONE for RHD_MISO2_M_N. (constraint file  /home/ug3linux/UG3-HeadWornUnit-V2-Firmware/seeg/seeg.gen/sources_1/bd/main/bd/recording_inst_0/ip/recording_inst_0_rhd_diff_to_single_0_0/recording_inst_0_rhd_diff_to_single_0_0/recording_inst_0_rhd_diff_to_single_0_0_in_context.xdc, line 50).
Applied set_property IO_BUFFER_TYPE = NONE for RHD_MISO2_M_P. (constraint file  /home/ug3linux/UG3-HeadWornUnit-V2-Firmware/seeg/seeg.gen/sources_1/bd/main/bd/recording_inst_0/ip/recording_inst_0_rhd_diff_to_single_0_0/recording_inst_0_rhd_diff_to_single_0_0/recording_inst_0_rhd_diff_to_single_0_0_in_context.xdc, line 51).
Applied set_property CLOCK_BUFFER_TYPE = NONE for RHD_MISO2_M_P. (constraint file  /home/ug3linux/UG3-HeadWornUnit-V2-Firmware/seeg/seeg.gen/sources_1/bd/main/bd/recording_inst_0/ip/recording_inst_0_rhd_diff_to_single_0_0/recording_inst_0_rhd_diff_to_single_0_0/recording_inst_0_rhd_diff_to_single_0_0_in_context.xdc, line 52).
Applied set_property IO_BUFFER_TYPE = NONE for RHD_MISO2_N_N. (constraint file  /home/ug3linux/UG3-HeadWornUnit-V2-Firmware/seeg/seeg.gen/sources_1/bd/main/bd/recording_inst_0/ip/recording_inst_0_rhd_diff_to_single_0_0/recording_inst_0_rhd_diff_to_single_0_0/recording_inst_0_rhd_diff_to_single_0_0_in_context.xdc, line 53).
Applied set_property CLOCK_BUFFER_TYPE = NONE for RHD_MISO2_N_N. (constraint file  /home/ug3linux/UG3-HeadWornUnit-V2-Firmware/seeg/seeg.gen/sources_1/bd/main/bd/recording_inst_0/ip/recording_inst_0_rhd_diff_to_single_0_0/recording_inst_0_rhd_diff_to_single_0_0/recording_inst_0_rhd_diff_to_single_0_0_in_context.xdc, line 54).
Applied set_property IO_BUFFER_TYPE = NONE for RHD_MISO2_N_P. (constraint file  /home/ug3linux/UG3-HeadWornUnit-V2-Firmware/seeg/seeg.gen/sources_1/bd/main/bd/recording_inst_0/ip/recording_inst_0_rhd_diff_to_single_0_0/recording_inst_0_rhd_diff_to_single_0_0/recording_inst_0_rhd_diff_to_single_0_0_in_context.xdc, line 55).
Applied set_property CLOCK_BUFFER_TYPE = NONE for RHD_MISO2_N_P. (constraint file  /home/ug3linux/UG3-HeadWornUnit-V2-Firmware/seeg/seeg.gen/sources_1/bd/main/bd/recording_inst_0/ip/recording_inst_0_rhd_diff_to_single_0_0/recording_inst_0_rhd_diff_to_single_0_0/recording_inst_0_rhd_diff_to_single_0_0_in_context.xdc, line 56).
Applied set_property IO_BUFFER_TYPE = NONE for RHD_MISO2_O_N. (constraint file  /home/ug3linux/UG3-HeadWornUnit-V2-Firmware/seeg/seeg.gen/sources_1/bd/main/bd/recording_inst_0/ip/recording_inst_0_rhd_diff_to_single_0_0/recording_inst_0_rhd_diff_to_single_0_0/recording_inst_0_rhd_diff_to_single_0_0_in_context.xdc, line 57).
Applied set_property CLOCK_BUFFER_TYPE = NONE for RHD_MISO2_O_N. (constraint file  /home/ug3linux/UG3-HeadWornUnit-V2-Firmware/seeg/seeg.gen/sources_1/bd/main/bd/recording_inst_0/ip/recording_inst_0_rhd_diff_to_single_0_0/recording_inst_0_rhd_diff_to_single_0_0/recording_inst_0_rhd_diff_to_single_0_0_in_context.xdc, line 58).
Applied set_property IO_BUFFER_TYPE = NONE for RHD_MISO2_O_P. (constraint file  /home/ug3linux/UG3-HeadWornUnit-V2-Firmware/seeg/seeg.gen/sources_1/bd/main/bd/recording_inst_0/ip/recording_inst_0_rhd_diff_to_single_0_0/recording_inst_0_rhd_diff_to_single_0_0/recording_inst_0_rhd_diff_to_single_0_0_in_context.xdc, line 59).
Applied set_property CLOCK_BUFFER_TYPE = NONE for RHD_MISO2_O_P. (constraint file  /home/ug3linux/UG3-HeadWornUnit-V2-Firmware/seeg/seeg.gen/sources_1/bd/main/bd/recording_inst_0/ip/recording_inst_0_rhd_diff_to_single_0_0/recording_inst_0_rhd_diff_to_single_0_0/recording_inst_0_rhd_diff_to_single_0_0_in_context.xdc, line 60).
Applied set_property IO_BUFFER_TYPE = NONE for RHD_MISO2_P_N. (constraint file  /home/ug3linux/UG3-HeadWornUnit-V2-Firmware/seeg/seeg.gen/sources_1/bd/main/bd/recording_inst_0/ip/recording_inst_0_rhd_diff_to_single_0_0/recording_inst_0_rhd_diff_to_single_0_0/recording_inst_0_rhd_diff_to_single_0_0_in_context.xdc, line 61).
Applied set_property CLOCK_BUFFER_TYPE = NONE for RHD_MISO2_P_N. (constraint file  /home/ug3linux/UG3-HeadWornUnit-V2-Firmware/seeg/seeg.gen/sources_1/bd/main/bd/recording_inst_0/ip/recording_inst_0_rhd_diff_to_single_0_0/recording_inst_0_rhd_diff_to_single_0_0/recording_inst_0_rhd_diff_to_single_0_0_in_context.xdc, line 62).
Applied set_property IO_BUFFER_TYPE = NONE for RHD_MISO2_P_P. (constraint file  /home/ug3linux/UG3-HeadWornUnit-V2-Firmware/seeg/seeg.gen/sources_1/bd/main/bd/recording_inst_0/ip/recording_inst_0_rhd_diff_to_single_0_0/recording_inst_0_rhd_diff_to_single_0_0/recording_inst_0_rhd_diff_to_single_0_0_in_context.xdc, line 63).
Applied set_property CLOCK_BUFFER_TYPE = NONE for RHD_MISO2_P_P. (constraint file  /home/ug3linux/UG3-HeadWornUnit-V2-Firmware/seeg/seeg.gen/sources_1/bd/main/bd/recording_inst_0/ip/recording_inst_0_rhd_diff_to_single_0_0/recording_inst_0_rhd_diff_to_single_0_0/recording_inst_0_rhd_diff_to_single_0_0_in_context.xdc, line 64).
Applied set_property KEEP_HIERARCHY = SOFT for main_i. (constraint file  auto generated constraint).
Applied set_property KEEP_HIERARCHY = SOFT for main_i/zynq_ultra_ps_e_0. (constraint file  auto generated constraint).
Applied set_property KEEP_HIERARCHY = SOFT for main_i/master_smartconnect_0. (constraint file  auto generated constraint).
Applied set_property KEEP_HIERARCHY = SOFT for main_i/proc_sys_reset_100M. (constraint file  auto generated constraint).
Applied set_property KEEP_HIERARCHY = SOFT for main_i/master_smartconnect_1. (constraint file  auto generated constraint).
Applied set_property KEEP_HIERARCHY = SOFT for main_i/clk_wiz_0. (constraint file  auto generated constraint).
Applied set_property KEEP_HIERARCHY = SOFT for main_i/proc_sys_reset_rhd. (constraint file  auto generated constraint).
Applied set_property KEEP_HIERARCHY = SOFT for main_i/proc_sys_reset_rhs. (constraint file  auto generated constraint).
Applied set_property KEEP_HIERARCHY = SOFT for main_i/slave_smartconnect_0. (constraint file  auto generated constraint).
Applied set_property KEEP_HIERARCHY = SOFT for main_i/axi_dma_0. (constraint file  auto generated constraint).
Applied set_property KEEP_HIERARCHY = SOFT for main_i/proc_sys_reset_250M. (constraint file  auto generated constraint).
Applied set_property KEEP_HIERARCHY = SOFT for main_i/clk_wiz_dma. (constraint file  auto generated constraint).
Applied set_property KEEP_HIERARCHY = SOFT for main_i/recording_0. (constraint file  auto generated constraint).
Applied set_property KEEP_HIERARCHY = SOFT for main_i/recording_0/axis_data_fifo_0. (constraint file  auto generated constraint).
Applied set_property KEEP_HIERARCHY = SOFT for main_i/recording_0/util_vector_logic_0. (constraint file  auto generated constraint).
Applied set_property KEEP_HIERARCHY = SOFT for main_i/recording_0/util_vector_logic_1. (constraint file  auto generated constraint).
Applied set_property KEEP_HIERARCHY = SOFT for main_i/recording_0/RisingEdgeCounter_0. (constraint file  auto generated constraint).
Applied set_property KEEP_HIERARCHY = SOFT for main_i/recording_0/rhd_diff_to_single_0. (constraint file  auto generated constraint).
Applied set_property KEEP_HIERARCHY = SOFT for main_i/recording_0/rhd_axi_0. (constraint file  auto generated constraint).
Applied set_property KEEP_HIERARCHY = SOFT for main_i/stimulation_0. (constraint file  auto generated constraint).
Applied set_property KEEP_HIERARCHY = SOFT for main_i/stimulation_0/util_vector_logic_0. (constraint file  auto generated constraint).
Applied set_property KEEP_HIERARCHY = SOFT for main_i/stimulation_0/axis_data_fifo_0. (constraint file  auto generated constraint).
Applied set_property KEEP_HIERARCHY = SOFT for main_i/stimulation_0/rhs_axi_0. (constraint file  auto generated constraint).
---------------------------------------------------------------------------------
Finished applying 'set_property' XDC Constraints : Time (s): cpu = 00:00:08 ; elapsed = 00:00:08 . Memory (MB): peak = 2719.848 ; gain = 367.355 ; free physical = 26061 ; free virtual = 58359
---------------------------------------------------------------------------------
---------------------------------------------------------------------------------
Finished RTL Optimization Phase 2 : Time (s): cpu = 00:00:08 ; elapsed = 00:00:08 . Memory (MB): peak = 2719.848 ; gain = 367.355 ; free physical = 26059 ; free virtual = 58358
---------------------------------------------------------------------------------
---------------------------------------------------------------------------------
Start RTL Component Statistics 
---------------------------------------------------------------------------------
Detailed RTL Component Info : 
---------------------------------------------------------------------------------
Finished RTL Component Statistics 
---------------------------------------------------------------------------------
---------------------------------------------------------------------------------
Start Part Resource Summary
---------------------------------------------------------------------------------
Part Resources:
DSPs: 1248 (col length:96)
BRAMs: 288 (col length: RAMB18 96 RAMB36 48)
---------------------------------------------------------------------------------
Finished Part Resource Summary
---------------------------------------------------------------------------------
---------------------------------------------------------------------------------
Start Cross Boundary and Area Optimization
---------------------------------------------------------------------------------
WARNING: [Synth 8-7080] Parallel synthesis criteria is not met
---------------------------------------------------------------------------------
Finished Cross Boundary and Area Optimization : Time (s): cpu = 00:00:08 ; elapsed = 00:00:09 . Memory (MB): peak = 2719.848 ; gain = 367.355 ; free physical = 26056 ; free virtual = 58360
---------------------------------------------------------------------------------
---------------------------------------------------------------------------------
Start Applying XDC Timing Constraints
---------------------------------------------------------------------------------
---------------------------------------------------------------------------------
Finished Applying XDC Timing Constraints : Time (s): cpu = 00:00:14 ; elapsed = 00:00:15 . Memory (MB): peak = 3207.684 ; gain = 855.191 ; free physical = 25618 ; free virtual = 57922
---------------------------------------------------------------------------------
---------------------------------------------------------------------------------
Start Timing Optimization
---------------------------------------------------------------------------------
---------------------------------------------------------------------------------
Finished Timing Optimization : Time (s): cpu = 00:00:14 ; elapsed = 00:00:15 . Memory (MB): peak = 3207.684 ; gain = 855.191 ; free physical = 25617 ; free virtual = 57921
---------------------------------------------------------------------------------
---------------------------------------------------------------------------------
Start Technology Mapping
---------------------------------------------------------------------------------
---------------------------------------------------------------------------------
Finished Technology Mapping : Time (s): cpu = 00:00:14 ; elapsed = 00:00:15 . Memory (MB): peak = 3218.691 ; gain = 866.199 ; free physical = 25608 ; free virtual = 57912
---------------------------------------------------------------------------------
---------------------------------------------------------------------------------
Start IO Insertion
---------------------------------------------------------------------------------
---------------------------------------------------------------------------------
Start Flattening Before IO Insertion
---------------------------------------------------------------------------------
---------------------------------------------------------------------------------
Finished Flattening Before IO Insertion
---------------------------------------------------------------------------------
---------------------------------------------------------------------------------
Start Final Netlist Cleanup
---------------------------------------------------------------------------------
---------------------------------------------------------------------------------
Finished Final Netlist Cleanup
---------------------------------------------------------------------------------
---------------------------------------------------------------------------------
Finished IO Insertion : Time (s): cpu = 00:00:15 ; elapsed = 00:00:16 . Memory (MB): peak = 3232.566 ; gain = 880.074 ; free physical = 25608 ; free virtual = 57913
---------------------------------------------------------------------------------
---------------------------------------------------------------------------------
Start Renaming Generated Instances
---------------------------------------------------------------------------------
---------------------------------------------------------------------------------
Finished Renaming Generated Instances : Time (s): cpu = 00:00:15 ; elapsed = 00:00:16 . Memory (MB): peak = 3232.566 ; gain = 880.074 ; free physical = 25608 ; free virtual = 57913
---------------------------------------------------------------------------------
---------------------------------------------------------------------------------
Start Rebuilding User Hierarchy
---------------------------------------------------------------------------------
---------------------------------------------------------------------------------
Finished Rebuilding User Hierarchy : Time (s): cpu = 00:00:15 ; elapsed = 00:00:16 . Memory (MB): peak = 3232.566 ; gain = 880.074 ; free physical = 25608 ; free virtual = 57913
---------------------------------------------------------------------------------
---------------------------------------------------------------------------------
Start Renaming Generated Ports
---------------------------------------------------------------------------------
---------------------------------------------------------------------------------
Finished Renaming Generated Ports : Time (s): cpu = 00:00:15 ; elapsed = 00:00:16 . Memory (MB): peak = 3232.566 ; gain = 880.074 ; free physical = 25608 ; free virtual = 57913
---------------------------------------------------------------------------------
---------------------------------------------------------------------------------
Start Handling Custom Attributes
---------------------------------------------------------------------------------
---------------------------------------------------------------------------------
Finished Handling Custom Attributes : Time (s): cpu = 00:00:15 ; elapsed = 00:00:16 . Memory (MB): peak = 3232.566 ; gain = 880.074 ; free physical = 25608 ; free virtual = 57913
---------------------------------------------------------------------------------
---------------------------------------------------------------------------------
Start Renaming Generated Nets
---------------------------------------------------------------------------------
---------------------------------------------------------------------------------
Finished Renaming Generated Nets : Time (s): cpu = 00:00:15 ; elapsed = 00:00:16 . Memory (MB): peak = 3232.566 ; gain = 880.074 ; free physical = 25608 ; free virtual = 57913
---------------------------------------------------------------------------------
---------------------------------------------------------------------------------
Start Writing Synthesis Report
---------------------------------------------------------------------------------

Report BlackBoxes: 
+------+-----------------------------------------+----------+
|      |BlackBox name                            |Instances |
+------+-----------------------------------------+----------+
|1     |recording_inst_0_RisingEdgeCounter_0_0   |         1|
|2     |recording_inst_0_axis_data_fifo_0_0      |         1|
|3     |recording_inst_0_rhd_axi_0_0             |         1|
|4     |recording_inst_0_rhd_diff_to_single_0_0  |         1|
|5     |recording_inst_0_util_vector_logic_0_0   |         1|
|6     |recording_inst_0_util_vector_logic_1_0   |         1|
|7     |stimulation_inst_0_axis_data_fifo_0_0    |         1|
|8     |stimulation_inst_0_rhs_axi_0_0           |         1|
|9     |stimulation_inst_0_util_vector_logic_0_0 |         1|
|10    |main_axi_dma_0_0                         |         1|
|11    |main_clk_wiz_0_0                         |         1|
|12    |main_clk_wiz_1_0                         |         1|
|13    |main_smartconnect_0_0                    |         1|
|14    |main_smartconnect_0_1                    |         1|
|15    |main_proc_sys_reset_0_0                  |         1|
|16    |main_proc_sys_reset_0_3                  |         1|
|17    |main_proc_sys_reset_0_1                  |         1|
|18    |main_proc_sys_reset_0_2                  |         1|
|19    |main_smartconnect_0_2                    |         1|
|20    |main_zynq_ultra_ps_e_0_0                 |         1|
+------+-----------------------------------------+----------+

Report Cell Usage: 
+------+---------------------------------------+------+
|      |Cell                                   |Count |
+------+---------------------------------------+------+
|1     |main_axi_dma_0                         |     1|
|2     |main_clk_wiz_0                         |     1|
|3     |main_clk_wiz_1                         |     1|
|4     |main_proc_sys_reset_0                  |     4|
|8     |main_smartconnect_0                    |     3|
|11    |main_zynq_ultra_ps_e_0                 |     1|
|12    |recording_inst_0_RisingEdgeCounter_0   |     1|
|13    |recording_inst_0_axis_data_fifo_0      |     1|
|14    |recording_inst_0_rhd_axi_0             |     1|
|15    |recording_inst_0_rhd_diff_to_single_0  |     1|
|16    |recording_inst_0_util_vector_logic_0   |     1|
|17    |recording_inst_0_util_vector_logic_1   |     1|
|18    |stimulation_inst_0_axis_data_fifo_0    |     1|
|19    |stimulation_inst_0_rhs_axi_0           |     1|
|20    |stimulation_inst_0_util_vector_logic_0 |     1|
|21    |IBUF                                   |    18|
|22    |OBUF                                   |     7|
+------+---------------------------------------+------+
---------------------------------------------------------------------------------
Finished Writing Synthesis Report : Time (s): cpu = 00:00:15 ; elapsed = 00:00:16 . Memory (MB): peak = 3232.566 ; gain = 880.074 ; free physical = 25608 ; free virtual = 57913
---------------------------------------------------------------------------------
Synthesis finished with 0 errors, 0 critical warnings and 1 warnings.
Synthesis Optimization Runtime : Time (s): cpu = 00:00:12 ; elapsed = 00:00:13 . Memory (MB): peak = 3232.566 ; gain = 829.453 ; free physical = 25607 ; free virtual = 57913
Synthesis Optimization Complete : Time (s): cpu = 00:00:15 ; elapsed = 00:00:16 . Memory (MB): peak = 3232.574 ; gain = 880.074 ; free physical = 25607 ; free virtual = 57913
INFO: [Project 1-571] Translating synthesized netlist
Netlist sorting complete. Time (s): cpu = 00:00:00 ; elapsed = 00:00:00.01 . Memory (MB): peak = 3243.535 ; gain = 0.000 ; free physical = 25878 ; free virtual = 58185
INFO: [Netlist 29-17] Analyzing 18 Unisim elements for replacement
INFO: [Netlist 29-28] Unisim Transformation completed in 0 CPU seconds
INFO: [Project 1-570] Preparing netlist for logic optimization
INFO: [Opt 31-138] Pushed 0 inverter(s) to 0 load pin(s).
Netlist sorting complete. Time (s): cpu = 00:00:00 ; elapsed = 00:00:00 . Memory (MB): peak = 3262.348 ; gain = 0.000 ; free physical = 25859 ; free virtual = 58167
INFO: [Project 1-111] Unisim Transformation Summary:
  A total of 18 instances were transformed.
  IBUF => IBUF (IBUFCTRL, INBUF): 18 instances

Synth Design complete | Checksum: c2b4f79e
INFO: [Common 17-83] Releasing license: Synthesis
74 Infos, 46 Warnings, 0 Critical Warnings and 0 Errors encountered.
synth_design completed successfully
synth_design: Time (s): cpu = 00:00:20 ; elapsed = 00:00:20 . Memory (MB): peak = 3262.348 ; gain = 1689.875 ; free physical = 25859 ; free virtual = 58167
INFO: [Common 17-2834] synth_design peak Physical Memory [PSS] (MB): overall = 2675.329; main = 2675.329; forked = 419.016
INFO: [Common 17-2834] synth_design peak Virtual Memory [VSS] (MB): overall = 3682.492; main = 3262.352; forked = 978.648
INFO: [Common 17-1381] The checkpoint '/home/ug3linux/UG3-HeadWornUnit-V2-Firmware/seeg/seeg.runs/synth_1/main_wrapper.dcp' has been generated.
INFO: [runtcl-4] Executing : report_utilization -file main_wrapper_utilization_synth.rpt -pb main_wrapper_utilization_synth.pb
INFO: [Common 17-206] Exiting Vivado at Wed Dec 20 23:33:22 2023...
