
*** Running vivado
    with args -log rhd_axi_tb_axi_vip_0_0.vds -m64 -product Vivado -mode batch -messageDb vivado.pb -notrace -source rhd_axi_tb_axi_vip_0_0.tcl


ECHO is off.
ECHO is off.

****** Vivado v2023.1 (64-bit)
  **** SW Build 3865809 on Sun May  7 15:05:29 MDT 2023
  **** IP Build 3864474 on Sun May  7 20:36:21 MDT 2023
  **** SharedData Build 3865790 on Sun May 07 13:33:03 MDT 2023
    ** Copyright 1986-2022 Xilinx, Inc. All Rights Reserved.
    ** Copyright 2022-2023 Advanced Micro Devices, Inc. All Rights Reserved.

source rhd_axi_tb_axi_vip_0_0.tcl -notrace
create_project: Time (s): cpu = 00:00:02 ; elapsed = 00:00:06 . Memory (MB): peak = 454.426 ; gain = 159.633
INFO: [IP_Flow 19-6924] IPCACHE: Running cache check for IP inst: rhd_axi_tb_axi_vip_0_0
Command: synth_design -top rhd_axi_tb_axi_vip_0_0 -part xck26-sfvc784-2LVI-i -incremental_mode off -mode out_of_context
Starting synth_design
Attempting to get a license for feature 'Synthesis' and/or device 'xck26'
INFO: [Common 17-349] Got license for feature 'Synthesis' and/or device 'xck26'
INFO: [Device 21-403] Loading part xck26-sfvc784-2LVI-i
INFO: [Synth 8-7079] Multithreading enabled for synth_design using a maximum of 2 processes.
INFO: [Synth 8-7078] Launching helper process for spawning children vivado processes
INFO: [Synth 8-7075] Helper process launched with PID 22848
---------------------------------------------------------------------------------
Starting RTL Elaboration : Time (s): cpu = 00:00:03 ; elapsed = 00:00:07 . Memory (MB): peak = 1841.777 ; gain = 338.852
---------------------------------------------------------------------------------
INFO: [Synth 8-6157] synthesizing module 'rhd_axi_tb_axi_vip_0_0' [c:/Repos/UG3-HeadWornUnit-V2-Firmware/rhd/rhd.gen/sources_1/bd/rhd_axi_tb/ip/rhd_axi_tb_axi_vip_0_0/synth/rhd_axi_tb_axi_vip_0_0.sv:53]
INFO: [Synth 8-6157] synthesizing module 'axi_vip_v1_1_14_top' [c:/Repos/UG3-HeadWornUnit-V2-Firmware/rhd/rhd.gen/sources_1/bd/rhd_axi_tb/ipshared/ed63/hdl/axi_vip_v1_1_vlsyn_rfs.sv:60]
INFO: [Synth 8-6155] done synthesizing module 'axi_vip_v1_1_14_top' (0#1) [c:/Repos/UG3-HeadWornUnit-V2-Firmware/rhd/rhd.gen/sources_1/bd/rhd_axi_tb/ipshared/ed63/hdl/axi_vip_v1_1_vlsyn_rfs.sv:60]
INFO: [Synth 8-6155] done synthesizing module 'rhd_axi_tb_axi_vip_0_0' (0#1) [c:/Repos/UG3-HeadWornUnit-V2-Firmware/rhd/rhd.gen/sources_1/bd/rhd_axi_tb/ip/rhd_axi_tb_axi_vip_0_0/synth/rhd_axi_tb_axi_vip_0_0.sv:53]
WARNING: [Synth 8-7129] Port aclk in module axi_vip_v1_1_14_top is either unconnected or has no load
WARNING: [Synth 8-7129] Port aclken in module axi_vip_v1_1_14_top is either unconnected or has no load
WARNING: [Synth 8-7129] Port aresetn in module axi_vip_v1_1_14_top is either unconnected or has no load
WARNING: [Synth 8-7129] Port s_axi_awid[0] in module axi_vip_v1_1_14_top is either unconnected or has no load
WARNING: [Synth 8-7129] Port s_axi_awaddr[31] in module axi_vip_v1_1_14_top is either unconnected or has no load
WARNING: [Synth 8-7129] Port s_axi_awaddr[30] in module axi_vip_v1_1_14_top is either unconnected or has no load
WARNING: [Synth 8-7129] Port s_axi_awaddr[29] in module axi_vip_v1_1_14_top is either unconnected or has no load
WARNING: [Synth 8-7129] Port s_axi_awaddr[28] in module axi_vip_v1_1_14_top is either unconnected or has no load
WARNING: [Synth 8-7129] Port s_axi_awaddr[27] in module axi_vip_v1_1_14_top is either unconnected or has no load
WARNING: [Synth 8-7129] Port s_axi_awaddr[26] in module axi_vip_v1_1_14_top is either unconnected or has no load
WARNING: [Synth 8-7129] Port s_axi_awaddr[25] in module axi_vip_v1_1_14_top is either unconnected or has no load
WARNING: [Synth 8-7129] Port s_axi_awaddr[24] in module axi_vip_v1_1_14_top is either unconnected or has no load
WARNING: [Synth 8-7129] Port s_axi_awaddr[23] in module axi_vip_v1_1_14_top is either unconnected or has no load
WARNING: [Synth 8-7129] Port s_axi_awaddr[22] in module axi_vip_v1_1_14_top is either unconnected or has no load
WARNING: [Synth 8-7129] Port s_axi_awaddr[21] in module axi_vip_v1_1_14_top is either unconnected or has no load
WARNING: [Synth 8-7129] Port s_axi_awaddr[20] in module axi_vip_v1_1_14_top is either unconnected or has no load
WARNING: [Synth 8-7129] Port s_axi_awaddr[19] in module axi_vip_v1_1_14_top is either unconnected or has no load
WARNING: [Synth 8-7129] Port s_axi_awaddr[18] in module axi_vip_v1_1_14_top is either unconnected or has no load
WARNING: [Synth 8-7129] Port s_axi_awaddr[17] in module axi_vip_v1_1_14_top is either unconnected or has no load
WARNING: [Synth 8-7129] Port s_axi_awaddr[16] in module axi_vip_v1_1_14_top is either unconnected or has no load
WARNING: [Synth 8-7129] Port s_axi_awaddr[15] in module axi_vip_v1_1_14_top is either unconnected or has no load
WARNING: [Synth 8-7129] Port s_axi_awaddr[14] in module axi_vip_v1_1_14_top is either unconnected or has no load
WARNING: [Synth 8-7129] Port s_axi_awaddr[13] in module axi_vip_v1_1_14_top is either unconnected or has no load
WARNING: [Synth 8-7129] Port s_axi_awaddr[12] in module axi_vip_v1_1_14_top is either unconnected or has no load
WARNING: [Synth 8-7129] Port s_axi_awaddr[11] in module axi_vip_v1_1_14_top is either unconnected or has no load
WARNING: [Synth 8-7129] Port s_axi_awaddr[10] in module axi_vip_v1_1_14_top is either unconnected or has no load
WARNING: [Synth 8-7129] Port s_axi_awaddr[9] in module axi_vip_v1_1_14_top is either unconnected or has no load
WARNING: [Synth 8-7129] Port s_axi_awaddr[8] in module axi_vip_v1_1_14_top is either unconnected or has no load
WARNING: [Synth 8-7129] Port s_axi_awaddr[7] in module axi_vip_v1_1_14_top is either unconnected or has no load
WARNING: [Synth 8-7129] Port s_axi_awaddr[6] in module axi_vip_v1_1_14_top is either unconnected or has no load
WARNING: [Synth 8-7129] Port s_axi_awaddr[5] in module axi_vip_v1_1_14_top is either unconnected or has no load
WARNING: [Synth 8-7129] Port s_axi_awaddr[4] in module axi_vip_v1_1_14_top is either unconnected or has no load
WARNING: [Synth 8-7129] Port s_axi_awaddr[3] in module axi_vip_v1_1_14_top is either unconnected or has no load
WARNING: [Synth 8-7129] Port s_axi_awaddr[2] in module axi_vip_v1_1_14_top is either unconnected or has no load
WARNING: [Synth 8-7129] Port s_axi_awaddr[1] in module axi_vip_v1_1_14_top is either unconnected or has no load
WARNING: [Synth 8-7129] Port s_axi_awaddr[0] in module axi_vip_v1_1_14_top is either unconnected or has no load
WARNING: [Synth 8-7129] Port s_axi_awlen[7] in module axi_vip_v1_1_14_top is either unconnected or has no load
WARNING: [Synth 8-7129] Port s_axi_awlen[6] in module axi_vip_v1_1_14_top is either unconnected or has no load
WARNING: [Synth 8-7129] Port s_axi_awlen[5] in module axi_vip_v1_1_14_top is either unconnected or has no load
WARNING: [Synth 8-7129] Port s_axi_awlen[4] in module axi_vip_v1_1_14_top is either unconnected or has no load
WARNING: [Synth 8-7129] Port s_axi_awlen[3] in module axi_vip_v1_1_14_top is either unconnected or has no load
WARNING: [Synth 8-7129] Port s_axi_awlen[2] in module axi_vip_v1_1_14_top is either unconnected or has no load
WARNING: [Synth 8-7129] Port s_axi_awlen[1] in module axi_vip_v1_1_14_top is either unconnected or has no load
WARNING: [Synth 8-7129] Port s_axi_awlen[0] in module axi_vip_v1_1_14_top is either unconnected or has no load
WARNING: [Synth 8-7129] Port s_axi_awsize[2] in module axi_vip_v1_1_14_top is either unconnected or has no load
WARNING: [Synth 8-7129] Port s_axi_awsize[1] in module axi_vip_v1_1_14_top is either unconnected or has no load
WARNING: [Synth 8-7129] Port s_axi_awsize[0] in module axi_vip_v1_1_14_top is either unconnected or has no load
WARNING: [Synth 8-7129] Port s_axi_awburst[1] in module axi_vip_v1_1_14_top is either unconnected or has no load
WARNING: [Synth 8-7129] Port s_axi_awburst[0] in module axi_vip_v1_1_14_top is either unconnected or has no load
WARNING: [Synth 8-7129] Port s_axi_awlock[0] in module axi_vip_v1_1_14_top is either unconnected or has no load
WARNING: [Synth 8-7129] Port s_axi_awcache[3] in module axi_vip_v1_1_14_top is either unconnected or has no load
WARNING: [Synth 8-7129] Port s_axi_awcache[2] in module axi_vip_v1_1_14_top is either unconnected or has no load
WARNING: [Synth 8-7129] Port s_axi_awcache[1] in module axi_vip_v1_1_14_top is either unconnected or has no load
WARNING: [Synth 8-7129] Port s_axi_awcache[0] in module axi_vip_v1_1_14_top is either unconnected or has no load
WARNING: [Synth 8-7129] Port s_axi_awprot[2] in module axi_vip_v1_1_14_top is either unconnected or has no load
WARNING: [Synth 8-7129] Port s_axi_awprot[1] in module axi_vip_v1_1_14_top is either unconnected or has no load
WARNING: [Synth 8-7129] Port s_axi_awprot[0] in module axi_vip_v1_1_14_top is either unconnected or has no load
WARNING: [Synth 8-7129] Port s_axi_awregion[3] in module axi_vip_v1_1_14_top is either unconnected or has no load
WARNING: [Synth 8-7129] Port s_axi_awregion[2] in module axi_vip_v1_1_14_top is either unconnected or has no load
WARNING: [Synth 8-7129] Port s_axi_awregion[1] in module axi_vip_v1_1_14_top is either unconnected or has no load
WARNING: [Synth 8-7129] Port s_axi_awregion[0] in module axi_vip_v1_1_14_top is either unconnected or has no load
WARNING: [Synth 8-7129] Port s_axi_awqos[3] in module axi_vip_v1_1_14_top is either unconnected or has no load
WARNING: [Synth 8-7129] Port s_axi_awqos[2] in module axi_vip_v1_1_14_top is either unconnected or has no load
WARNING: [Synth 8-7129] Port s_axi_awqos[1] in module axi_vip_v1_1_14_top is either unconnected or has no load
WARNING: [Synth 8-7129] Port s_axi_awqos[0] in module axi_vip_v1_1_14_top is either unconnected or has no load
WARNING: [Synth 8-7129] Port s_axi_awuser[0] in module axi_vip_v1_1_14_top is either unconnected or has no load
WARNING: [Synth 8-7129] Port s_axi_awvalid in module axi_vip_v1_1_14_top is either unconnected or has no load
WARNING: [Synth 8-7129] Port s_axi_wid[0] in module axi_vip_v1_1_14_top is either unconnected or has no load
WARNING: [Synth 8-7129] Port s_axi_wdata[31] in module axi_vip_v1_1_14_top is either unconnected or has no load
WARNING: [Synth 8-7129] Port s_axi_wdata[30] in module axi_vip_v1_1_14_top is either unconnected or has no load
WARNING: [Synth 8-7129] Port s_axi_wdata[29] in module axi_vip_v1_1_14_top is either unconnected or has no load
WARNING: [Synth 8-7129] Port s_axi_wdata[28] in module axi_vip_v1_1_14_top is either unconnected or has no load
WARNING: [Synth 8-7129] Port s_axi_wdata[27] in module axi_vip_v1_1_14_top is either unconnected or has no load
WARNING: [Synth 8-7129] Port s_axi_wdata[26] in module axi_vip_v1_1_14_top is either unconnected or has no load
WARNING: [Synth 8-7129] Port s_axi_wdata[25] in module axi_vip_v1_1_14_top is either unconnected or has no load
WARNING: [Synth 8-7129] Port s_axi_wdata[24] in module axi_vip_v1_1_14_top is either unconnected or has no load
WARNING: [Synth 8-7129] Port s_axi_wdata[23] in module axi_vip_v1_1_14_top is either unconnected or has no load
WARNING: [Synth 8-7129] Port s_axi_wdata[22] in module axi_vip_v1_1_14_top is either unconnected or has no load
WARNING: [Synth 8-7129] Port s_axi_wdata[21] in module axi_vip_v1_1_14_top is either unconnected or has no load
WARNING: [Synth 8-7129] Port s_axi_wdata[20] in module axi_vip_v1_1_14_top is either unconnected or has no load
WARNING: [Synth 8-7129] Port s_axi_wdata[19] in module axi_vip_v1_1_14_top is either unconnected or has no load
WARNING: [Synth 8-7129] Port s_axi_wdata[18] in module axi_vip_v1_1_14_top is either unconnected or has no load
WARNING: [Synth 8-7129] Port s_axi_wdata[17] in module axi_vip_v1_1_14_top is either unconnected or has no load
WARNING: [Synth 8-7129] Port s_axi_wdata[16] in module axi_vip_v1_1_14_top is either unconnected or has no load
WARNING: [Synth 8-7129] Port s_axi_wdata[15] in module axi_vip_v1_1_14_top is either unconnected or has no load
WARNING: [Synth 8-7129] Port s_axi_wdata[14] in module axi_vip_v1_1_14_top is either unconnected or has no load
WARNING: [Synth 8-7129] Port s_axi_wdata[13] in module axi_vip_v1_1_14_top is either unconnected or has no load
WARNING: [Synth 8-7129] Port s_axi_wdata[12] in module axi_vip_v1_1_14_top is either unconnected or has no load
WARNING: [Synth 8-7129] Port s_axi_wdata[11] in module axi_vip_v1_1_14_top is either unconnected or has no load
WARNING: [Synth 8-7129] Port s_axi_wdata[10] in module axi_vip_v1_1_14_top is either unconnected or has no load
WARNING: [Synth 8-7129] Port s_axi_wdata[9] in module axi_vip_v1_1_14_top is either unconnected or has no load
WARNING: [Synth 8-7129] Port s_axi_wdata[8] in module axi_vip_v1_1_14_top is either unconnected or has no load
WARNING: [Synth 8-7129] Port s_axi_wdata[7] in module axi_vip_v1_1_14_top is either unconnected or has no load
WARNING: [Synth 8-7129] Port s_axi_wdata[6] in module axi_vip_v1_1_14_top is either unconnected or has no load
WARNING: [Synth 8-7129] Port s_axi_wdata[5] in module axi_vip_v1_1_14_top is either unconnected or has no load
WARNING: [Synth 8-7129] Port s_axi_wdata[4] in module axi_vip_v1_1_14_top is either unconnected or has no load
WARNING: [Synth 8-7129] Port s_axi_wdata[3] in module axi_vip_v1_1_14_top is either unconnected or has no load
WARNING: [Synth 8-7129] Port s_axi_wdata[2] in module axi_vip_v1_1_14_top is either unconnected or has no load
WARNING: [Synth 8-7129] Port s_axi_wdata[1] in module axi_vip_v1_1_14_top is either unconnected or has no load
WARNING: [Synth 8-7129] Port s_axi_wdata[0] in module axi_vip_v1_1_14_top is either unconnected or has no load
INFO: [Common 17-14] Message 'Synth 8-7129' appears 100 times and further instances of the messages will be disabled. Use the Tcl command set_msg_config to change the current settings.
---------------------------------------------------------------------------------
Finished RTL Elaboration : Time (s): cpu = 00:00:03 ; elapsed = 00:00:08 . Memory (MB): peak = 1936.535 ; gain = 433.609
---------------------------------------------------------------------------------
---------------------------------------------------------------------------------
Start Handling Custom Attributes
---------------------------------------------------------------------------------
---------------------------------------------------------------------------------
Finished Handling Custom Attributes : Time (s): cpu = 00:00:03 ; elapsed = 00:00:09 . Memory (MB): peak = 1936.535 ; gain = 433.609
---------------------------------------------------------------------------------
---------------------------------------------------------------------------------
Finished RTL Optimization Phase 1 : Time (s): cpu = 00:00:03 ; elapsed = 00:00:09 . Memory (MB): peak = 1936.535 ; gain = 433.609
---------------------------------------------------------------------------------
Netlist sorting complete. Time (s): cpu = 00:00:00 ; elapsed = 00:00:00.004 . Memory (MB): peak = 1936.535 ; gain = 0.000
INFO: [Project 1-570] Preparing netlist for logic optimization

Processing XDC Constraints
Initializing timing engine
WARNING: [Designutils 20-1758] instance inst wraps a black box. Constraint reading is skipped for elaborated designs in this case. Skipping constraint file 'c:/Repos/UG3-HeadWornUnit-V2-Firmware/rhd/rhd.gen/sources_1/bd/rhd_axi_tb/ip/rhd_axi_tb_axi_vip_0_0/rhd_axi_tb_axi_vip_0_0_ooc.xdc'.
Parsing XDC File [C:/Repos/UG3-HeadWornUnit-V2-Firmware/rhd/rhd.runs/rhd_axi_tb_axi_vip_0_0_synth_1/dont_touch.xdc]
Finished Parsing XDC File [C:/Repos/UG3-HeadWornUnit-V2-Firmware/rhd/rhd.runs/rhd_axi_tb_axi_vip_0_0_synth_1/dont_touch.xdc]
Completed Processing XDC Constraints

Netlist sorting complete. Time (s): cpu = 00:00:00 ; elapsed = 00:00:00 . Memory (MB): peak = 1936.535 ; gain = 0.000
INFO: [Project 1-111] Unisim Transformation Summary:
No Unisim elements were transformed.

Constraint Validation Runtime : Time (s): cpu = 00:00:00 ; elapsed = 00:00:00.037 . Memory (MB): peak = 1936.535 ; gain = 0.000
INFO: [Designutils 20-5008] Incremental synthesis strategy off
---------------------------------------------------------------------------------
Finished Constraint Validation : Time (s): cpu = 00:00:06 ; elapsed = 00:00:17 . Memory (MB): peak = 1938.082 ; gain = 435.156
---------------------------------------------------------------------------------
---------------------------------------------------------------------------------
Start Loading Part and Timing Information
---------------------------------------------------------------------------------
Loading part: xck26-sfvc784-2LVI-i
INFO: [Synth 8-6742] Reading net delay rules and data
---------------------------------------------------------------------------------
Finished Loading Part and Timing Information : Time (s): cpu = 00:00:06 ; elapsed = 00:00:17 . Memory (MB): peak = 1939.199 ; gain = 436.273
---------------------------------------------------------------------------------
---------------------------------------------------------------------------------
Start Applying 'set_property' XDC Constraints
---------------------------------------------------------------------------------
Applied set_property KEEP_HIERARCHY = SOFT for inst. (constraint file  C:/Repos/UG3-HeadWornUnit-V2-Firmware/rhd/rhd.runs/rhd_axi_tb_axi_vip_0_0_synth_1/dont_touch.xdc, line 9).
---------------------------------------------------------------------------------
Finished applying 'set_property' XDC Constraints : Time (s): cpu = 00:00:06 ; elapsed = 00:00:17 . Memory (MB): peak = 1939.211 ; gain = 436.285
---------------------------------------------------------------------------------
---------------------------------------------------------------------------------
Finished RTL Optimization Phase 2 : Time (s): cpu = 00:00:06 ; elapsed = 00:00:17 . Memory (MB): peak = 1939.211 ; gain = 436.285
---------------------------------------------------------------------------------
---------------------------------------------------------------------------------
Start RTL Component Statistics 
---------------------------------------------------------------------------------
Detailed RTL Component Info : 
---------------------------------------------------------------------------------
Finished RTL Component Statistics 
---------------------------------------------------------------------------------
---------------------------------------------------------------------------------
Start Part Resource Summary
---------------------------------------------------------------------------------
Part Resources:
DSPs: 1248 (col length:96)
BRAMs: 288 (col length: RAMB18 96 RAMB36 48)
---------------------------------------------------------------------------------
Finished Part Resource Summary
---------------------------------------------------------------------------------
---------------------------------------------------------------------------------
Start Cross Boundary and Area Optimization
---------------------------------------------------------------------------------
WARNING: [Synth 8-7080] Parallel synthesis criteria is not met
---------------------------------------------------------------------------------
Finished Cross Boundary and Area Optimization : Time (s): cpu = 00:00:06 ; elapsed = 00:00:19 . Memory (MB): peak = 1939.211 ; gain = 436.285
---------------------------------------------------------------------------------
---------------------------------------------------------------------------------
Start Applying XDC Timing Constraints
---------------------------------------------------------------------------------
---------------------------------------------------------------------------------
Finished Applying XDC Timing Constraints : Time (s): cpu = 00:00:10 ; elapsed = 00:00:34 . Memory (MB): peak = 2476.375 ; gain = 973.449
---------------------------------------------------------------------------------
---------------------------------------------------------------------------------
Start Timing Optimization
---------------------------------------------------------------------------------
---------------------------------------------------------------------------------
Finished Timing Optimization : Time (s): cpu = 00:00:10 ; elapsed = 00:00:34 . Memory (MB): peak = 2476.375 ; gain = 973.449
---------------------------------------------------------------------------------
---------------------------------------------------------------------------------
Start Technology Mapping
---------------------------------------------------------------------------------
---------------------------------------------------------------------------------
Finished Technology Mapping : Time (s): cpu = 00:00:10 ; elapsed = 00:00:34 . Memory (MB): peak = 2485.934 ; gain = 983.008
---------------------------------------------------------------------------------
---------------------------------------------------------------------------------
Start IO Insertion
---------------------------------------------------------------------------------
---------------------------------------------------------------------------------
Start Flattening Before IO Insertion
---------------------------------------------------------------------------------
---------------------------------------------------------------------------------
Finished Flattening Before IO Insertion
---------------------------------------------------------------------------------
---------------------------------------------------------------------------------
Start Final Netlist Cleanup
---------------------------------------------------------------------------------
---------------------------------------------------------------------------------
Finished Final Netlist Cleanup
---------------------------------------------------------------------------------
---------------------------------------------------------------------------------
Finished IO Insertion : Time (s): cpu = 00:00:11 ; elapsed = 00:00:38 . Memory (MB): peak = 2501.723 ; gain = 998.797
---------------------------------------------------------------------------------
---------------------------------------------------------------------------------
Start Renaming Generated Instances
---------------------------------------------------------------------------------
---------------------------------------------------------------------------------
Finished Renaming Generated Instances : Time (s): cpu = 00:00:11 ; elapsed = 00:00:38 . Memory (MB): peak = 2501.723 ; gain = 998.797
---------------------------------------------------------------------------------
---------------------------------------------------------------------------------
Start Rebuilding User Hierarchy
---------------------------------------------------------------------------------
---------------------------------------------------------------------------------
Finished Rebuilding User Hierarchy : Time (s): cpu = 00:00:11 ; elapsed = 00:00:38 . Memory (MB): peak = 2501.723 ; gain = 998.797
---------------------------------------------------------------------------------
---------------------------------------------------------------------------------
Start Renaming Generated Ports
---------------------------------------------------------------------------------
---------------------------------------------------------------------------------
Finished Renaming Generated Ports : Time (s): cpu = 00:00:11 ; elapsed = 00:00:38 . Memory (MB): peak = 2501.723 ; gain = 998.797
---------------------------------------------------------------------------------
---------------------------------------------------------------------------------
Start Handling Custom Attributes
---------------------------------------------------------------------------------
---------------------------------------------------------------------------------
Finished Handling Custom Attributes : Time (s): cpu = 00:00:11 ; elapsed = 00:00:38 . Memory (MB): peak = 2501.723 ; gain = 998.797
---------------------------------------------------------------------------------
---------------------------------------------------------------------------------
Start Renaming Generated Nets
---------------------------------------------------------------------------------
---------------------------------------------------------------------------------
Finished Renaming Generated Nets : Time (s): cpu = 00:00:11 ; elapsed = 00:00:38 . Memory (MB): peak = 2501.723 ; gain = 998.797
---------------------------------------------------------------------------------
---------------------------------------------------------------------------------
Start Writing Synthesis Report
---------------------------------------------------------------------------------

Report BlackBoxes: 
+-+--------------+----------+
| |BlackBox name |Instances |
+-+--------------+----------+
+-+--------------+----------+

Report Cell Usage: 
+-+-----+------+
| |Cell |Count |
+-+-----+------+
+-+-----+------+
---------------------------------------------------------------------------------
Finished Writing Synthesis Report : Time (s): cpu = 00:00:11 ; elapsed = 00:00:38 . Memory (MB): peak = 2501.723 ; gain = 998.797
---------------------------------------------------------------------------------
Synthesis finished with 0 errors, 0 critical warnings and 220 warnings.
Synthesis Optimization Runtime : Time (s): cpu = 00:00:07 ; elapsed = 00:00:36 . Memory (MB): peak = 2501.723 ; gain = 998.797
Synthesis Optimization Complete : Time (s): cpu = 00:00:11 ; elapsed = 00:00:38 . Memory (MB): peak = 2501.723 ; gain = 998.797
INFO: [Project 1-571] Translating synthesized netlist
Netlist sorting complete. Time (s): cpu = 00:00:00 ; elapsed = 00:00:00.001 . Memory (MB): peak = 2501.723 ; gain = 0.000
INFO: [Project 1-570] Preparing netlist for logic optimization
INFO: [Opt 31-138] Pushed 0 inverter(s) to 0 load pin(s).
Netlist sorting complete. Time (s): cpu = 00:00:00 ; elapsed = 00:00:00 . Memory (MB): peak = 2544.887 ; gain = 0.000
INFO: [Project 1-111] Unisim Transformation Summary:
No Unisim elements were transformed.

Synth Design complete | Checksum: 5299d475
INFO: [Common 17-83] Releasing license: Synthesis
20 Infos, 102 Warnings, 0 Critical Warnings and 0 Errors encountered.
synth_design completed successfully
synth_design: Time (s): cpu = 00:00:13 ; elapsed = 00:00:48 . Memory (MB): peak = 2549.855 ; gain = 2022.395
INFO: [Common 17-1381] The checkpoint 'C:/Repos/UG3-HeadWornUnit-V2-Firmware/rhd/rhd.runs/rhd_axi_tb_axi_vip_0_0_synth_1/rhd_axi_tb_axi_vip_0_0.dcp' has been generated.
INFO: [Coretcl 2-1648] Added synthesis output to IP cache for IP rhd_axi_tb_axi_vip_0_0, cache-ID = 3684c110f3331829
INFO: [Common 17-1381] The checkpoint 'C:/Repos/UG3-HeadWornUnit-V2-Firmware/rhd/rhd.runs/rhd_axi_tb_axi_vip_0_0_synth_1/rhd_axi_tb_axi_vip_0_0.dcp' has been generated.
INFO: [runtcl-4] Executing : report_utilization -file rhd_axi_tb_axi_vip_0_0_utilization_synth.rpt -pb rhd_axi_tb_axi_vip_0_0_utilization_synth.pb
INFO: [Common 17-206] Exiting Vivado at Mon Dec 18 15:16:55 2023...
