
*** Running vivado
    with args -log rhd_axi_tb_wrapper.vds -m64 -product Vivado -mode batch -messageDb vivado.pb -notrace -source rhd_axi_tb_wrapper.tcl


ECHO is off.
ECHO is off.

****** Vivado v2023.1 (64-bit)
  **** SW Build 3865809 on Sun May  7 15:05:29 MDT 2023
  **** IP Build 3864474 on Sun May  7 20:36:21 MDT 2023
  **** SharedData Build 3865790 on Sun May 07 13:33:03 MDT 2023
    ** Copyright 1986-2022 Xilinx, Inc. All Rights Reserved.
    ** Copyright 2022-2023 Advanced Micro Devices, Inc. All Rights Reserved.

source rhd_axi_tb_wrapper.tcl -notrace
create_project: Time (s): cpu = 00:00:01 ; elapsed = 00:00:08 . Memory (MB): peak = 455.395 ; gain = 157.637
INFO: [IP_Flow 19-234] Refreshing IP repositories
INFO: [IP_Flow 19-1704] No user IP repositories specified
INFO: [IP_Flow 19-2313] Loaded Vivado IP repository 'C:/Xilinx/Vivado/2023.1/data/ip'.
add_files: Time (s): cpu = 00:00:01 ; elapsed = 00:00:06 . Memory (MB): peak = 527.867 ; gain = 72.473
Command: read_checkpoint -auto_incremental -incremental C:/Repos/UG3-HeadWornUnit-V2-Firmware/rhd/rhd.srcs/utils_1/imports/synth_1/rhd_axi.dcp
INFO: [Vivado 12-5825] Read reference checkpoint from C:/Repos/UG3-HeadWornUnit-V2-Firmware/rhd/rhd.srcs/utils_1/imports/synth_1/rhd_axi.dcp for incremental synthesis
INFO: [Vivado 12-7989] Please ensure there are no constraint changes
Command: synth_design -top rhd_axi_tb_wrapper -part xck26-sfvc784-2LVI-i
Starting synth_design
Attempting to get a license for feature 'Synthesis' and/or device 'xck26'
INFO: [Common 17-349] Got license for feature 'Synthesis' and/or device 'xck26'
INFO: [Device 21-403] Loading part xck26-sfvc784-2LVI-i
